###################
# MR-MEGA v.0.2
###################

Using following command line options:
Input file: mrmega.in
Output result file: antidep-2501-mrmega-N06AA.result
Output log file: antidep-2501-mrmega-N06AA.log
Number of PC-s in regression: 3
Binary trait analysis (expecting columns OR, OR_95L, OR_95U)
P-value threshold for showing cohort effect direction: 1
No column filters set
Column names:
	Marker name: MARKERNAME
	Effect allele: EA
	Other allele: NEA
	Effect allele frequency: EAF
	Effect (OR): OR
	Upper CI of effect: OR_95U
	Lower CI of effect: OR_95L
	Strand: STRAND
	Sample size: N
	Chromosome: CHROMOSOME
	Position: POSITION
Cohorts list:
AllOfUs-N06AA-AFR-v7_2411.txt.gz
AllOfUs-N06AA-AMR-v7_2411.txt.gz
AllOfUs-N06AA-EAS-v7_2411.txt.gz
AllOfUs-N06AA-EUR-v7_2411.txt.gz
AllOfUs-N06AA-SAS-v7_2411.txt.gz
GenScot-N06AA-EUR-rmUKBB_2309.txt.gz
UKB-N06AA-AFR-21007_2309.txt.gz
UKB-N06AA-EUR-21007_2309.txt.gz
UKB-N06AA-MID-21007_2309.txt.gz
UKB-N06AA-SAS-21007_2309.txt.gz
Lambda:1.04592
Lambda:1.0498
Lambda:0.993798
Lambda:1.037
Lambda:1.03344
Lambda:1.05303
Lambda:0.987431
Lambda:1.13728
Lambda:0.890061
Lambda:1.00476
Principal components:
PCs PC0 PC1 PC2
AllOfUs-N06AA-AFR-v7_2411.txt.gz -0.144423 0.00890663 -0.00329034
AllOfUs-N06AA-AMR-v7_2411.txt.gz 0.0238386 -0.00767472 -0.0238371
AllOfUs-N06AA-EAS-v7_2411.txt.gz 0.028015 -0.142414 -0.0236069
AllOfUs-N06AA-EUR-v7_2411.txt.gz 0.0574446 0.0440958 -0.0140829
AllOfUs-N06AA-SAS-v7_2411.txt.gz 0.0351993 -0.0264909 0.0412785
GenScot-N06AA-EUR-rmUKBB_2309.txt.gz 0.059432 0.0460486 -0.0158649
UKB-N06AA-AFR-21007_2309.txt.gz -0.159339 0.00852802 -0.000912156
UKB-N06AA-EUR-21007_2309.txt.gz 0.0590447 0.045788 -0.0156795
UKB-N06AA-MID-21007_2309.txt.gz 0.00483202 0.033983 0.00577123
UKB-N06AA-SAS-21007_2309.txt.gz 0.0359557 -0.0107705 0.0502241

Analysis finished.
