PLINK v2.00a6LM AVX2 Intel (18 Aug 2024)
Options in effect:
  --allow-extra-chr
  --clump antidep-2501-mrmega-N06AA.residual.assoc
  --clump-allow-overlap
  --clump-id-field CPID
  --clump-kb 1000
  --clump-p1 0.0001
  --clump-p2 1.0
  --clump-r2 0.1
  --memory 17179
  --out antidep-2501-mrmega-N06AA.residual
  --pgen all_hg38.pgen
  --psam all_hg38.psam
  --pvar cpid.pvar.zst
  --threads 4

Hostname: node2e14.ecdf.ed.ac.uk
Working directory: /exports/eddie/scratch/madams23/ad/work/meta/ff/d2ac15963f81ed3330f39ddc552bad
Start time: Thu Jan 23 17:56:17 2025

Random number seed: 1737654977
384901 MiB RAM detected, ~312402 available; reserving 17179 MiB for main
workspace.
Allocated 12884 MiB successfully, after larger attempt(s) failed.
Using up to 4 compute threads.
3202 samples (1603 females, 1599 males; 2583 founders) loaded from
all_hg38.psam.
Note: 2585 nonstandard chromosome codes present.
75193455 variants loaded from cpid.pvar.zst.
2 categorical phenotypes loaded.
Warning: 66 top variant IDs in --clump file missing from main dataset.  IDs
written to antidep-2501-mrmega-N06AA.residual.clumps.missing_id .
--clump: 253 clumps formed from 842 index candidates.
Results written to antidep-2501-mrmega-N06AA.residual.clumps .

End time: Thu Jan 23 17:56:36 2025
