*********************************************************************
* LD Score Regression (LDSC)
* Version 2.0.0
* (C) 2014-2019 Brendan Bulik-Sullivan and Hilary Finucane
* Broad Institute of MIT and Harvard / MIT Department of Mathematics
* GNU General Public License v3
*********************************************************************
Call: 
./ldsc.py \
--out AllOfUs-N06AA-EUR-v7_2411--AllOfUs-N06AB-EUR-v7_2411 \
--rg AllOfUs-N06AA-EUR-v7_2411.sumstats.gz,AllOfUs-N06AB-EUR-v7_2411.sumstats.gz \
--ref-ld-chr eur_w_ld_chr/ \
--w-ld-chr eur_w_ld_chr/ 

Beginning analysis at Mon Feb 10 17:39:38 2025
Reading summary statistics from AllOfUs-N06AA-EUR-v7_2411.sumstats.gz ...
Read summary statistics for 1186633 SNPs.
Reading reference panel LD Score from eur_w_ld_chr/[1-22] ... (ldscore_fromlist)
Read reference panel LD Scores for 1290028 SNPs.
Removing partitioned LD Scores with zero variance.
Reading regression weight LD Score from eur_w_ld_chr/[1-22] ... (ldscore_fromlist)
Read regression weight LD Scores for 1290028 SNPs.
After merging with reference panel LD, 1177888 SNPs remain.
After merging with regression SNP LD, 1177888 SNPs remain.
Computing rg for phenotype 2/2
Reading summary statistics from AllOfUs-N06AB-EUR-v7_2411.sumstats.gz ...
Read summary statistics for 1217311 SNPs.
After merging with summary statistics, 1177888 SNPs remain.
1177830 SNPs with valid alleles.

Heritability of phenotype 1
---------------------------
Total Observed scale h2: 0.0528 (0.0105)
Lambda GC: 1.0527
Mean Chi^2: 1.0621
Intercept: 1.0225 (0.0056)
Ratio: 0.3618 (0.0903)

Heritability of phenotype 2/2
-----------------------------
Total Observed scale h2: 0.0435 (0.0063)
Lambda GC: 1.0833
Mean Chi^2: 1.0907
Intercept: 1.0168 (0.0066)
Ratio: 0.1856 (0.0733)

Genetic Covariance
------------------
Total Observed scale gencov: 0.0271 (0.0064)
Mean z1*z2: 0.2588
Intercept: 0.2285 (0.0044)

Genetic Correlation
-------------------
Genetic Correlation: 0.5662 (0.1149)
Z-score: 4.9284
P: 8.2891e-07


Summary of Genetic Correlation Results
                                   p1                                    p2     rg     se      z          p  h2_obs  h2_obs_se  h2_int  h2_int_se  gcov_int  gcov_int_se
AllOfUs-N06AA-EUR-v7_2411.sumstats.gz AllOfUs-N06AB-EUR-v7_2411.sumstats.gz 0.5662 0.1149 4.9284 8.2891e-07  0.0435     0.0063  1.0168     0.0066    0.2285       0.0044

Analysis finished at Mon Feb 10 17:39:52 2025
Total time elapsed: 13.58s
