*********************************************************************
* LD Score Regression (LDSC)
* Version 2.0.0
* (C) 2014-2019 Brendan Bulik-Sullivan and Hilary Finucane
* Broad Institute of MIT and Harvard / MIT Department of Mathematics
* GNU General Public License v3
*********************************************************************
Call: 
./ldsc.py \
--out AllOfUs-N06A-EUR-v7_2411--UKB-N06AA-EUR-21007_2309 \
--rg AllOfUs-N06A-EUR-v7_2411.sumstats.gz,UKB-N06AA-EUR-21007_2309.sumstats.gz \
--ref-ld-chr eur_w_ld_chr/ \
--w-ld-chr eur_w_ld_chr/ 

Beginning analysis at Mon Feb 10 17:37:17 2025
Reading summary statistics from AllOfUs-N06A-EUR-v7_2411.sumstats.gz ...
Read summary statistics for 1186754 SNPs.
Reading reference panel LD Score from eur_w_ld_chr/[1-22] ... (ldscore_fromlist)
Read reference panel LD Scores for 1290028 SNPs.
Removing partitioned LD Scores with zero variance.
Reading regression weight LD Score from eur_w_ld_chr/[1-22] ... (ldscore_fromlist)
Read regression weight LD Scores for 1290028 SNPs.
After merging with reference panel LD, 1177938 SNPs remain.
After merging with regression SNP LD, 1177938 SNPs remain.
Computing rg for phenotype 2/2
Reading summary statistics from UKB-N06AA-EUR-21007_2309.sumstats.gz ...
Read summary statistics for 1217311 SNPs.
After merging with summary statistics, 1177938 SNPs remain.
1151888 SNPs with valid alleles.

Heritability of phenotype 1
---------------------------
Total Observed scale h2: 0.0368 (0.0051)
Lambda GC: 1.1082
Mean Chi^2: 1.1099
Intercept: 1.0297 (0.0071)
Ratio: 0.2698 (0.065)

Heritability of phenotype 2/2
-----------------------------
Total Observed scale h2: 0.0532 (0.005)
Lambda GC: 1.1715
Mean Chi^2: 1.1825
Intercept: 1.056 (0.0082)
Ratio: 0.3069 (0.0449)

Genetic Covariance
------------------
Total Observed scale gencov: 0.0374 (0.0037)
Mean z1*z2: 0.0901
Intercept: 0.0062 (0.0053)

Genetic Correlation
-------------------
Genetic Correlation: 0.8465 (0.0909)
Z-score: 9.3113
P: 1.2628e-20


Summary of Genetic Correlation Results
                                  p1                                   p2     rg     se      z          p  h2_obs  h2_obs_se  h2_int  h2_int_se  gcov_int  gcov_int_se
AllOfUs-N06A-EUR-v7_2411.sumstats.gz UKB-N06AA-EUR-21007_2309.sumstats.gz 0.8465 0.0909 9.3113 1.2628e-20  0.0532      0.005   1.056     0.0082    0.0062       0.0053

Analysis finished at Mon Feb 10 17:37:32 2025
Total time elapsed: 14.55s
