*********************************************************************
* LD Score Regression (LDSC)
* Version 2.0.0
* (C) 2014-2019 Brendan Bulik-Sullivan and Hilary Finucane
* Broad Institute of MIT and Harvard / MIT Department of Mathematics
* GNU General Public License v3
*********************************************************************
Call: 
./ldsc.py \
--out AllOfUs-N06AB-EUR-v7_2411--AllOfUs-N06A-EUR-v7_2411 \
--rg AllOfUs-N06AB-EUR-v7_2411.sumstats.gz,AllOfUs-N06A-EUR-v7_2411.sumstats.gz \
--ref-ld-chr eur_w_ld_chr/ \
--w-ld-chr eur_w_ld_chr/ 

Beginning analysis at Mon Feb 10 17:37:17 2025
Reading summary statistics from AllOfUs-N06AB-EUR-v7_2411.sumstats.gz ...
Read summary statistics for 1186723 SNPs.
Reading reference panel LD Score from eur_w_ld_chr/[1-22] ... (ldscore_fromlist)
Read reference panel LD Scores for 1290028 SNPs.
Removing partitioned LD Scores with zero variance.
Reading regression weight LD Score from eur_w_ld_chr/[1-22] ... (ldscore_fromlist)
Read regression weight LD Scores for 1290028 SNPs.
After merging with reference panel LD, 1177905 SNPs remain.
After merging with regression SNP LD, 1177905 SNPs remain.
Computing rg for phenotype 2/2
Reading summary statistics from AllOfUs-N06A-EUR-v7_2411.sumstats.gz ...
Read summary statistics for 1217311 SNPs.
After merging with summary statistics, 1177905 SNPs remain.
1177863 SNPs with valid alleles.

Heritability of phenotype 1
---------------------------
Total Observed scale h2: 0.0434 (0.0063)
Lambda GC: 1.0833
Mean Chi^2: 1.0907
Intercept: 1.017 (0.0067)
Ratio: 0.1871 (0.0736)

Heritability of phenotype 2/2
-----------------------------
Total Observed scale h2: 0.0362 (0.005)
Lambda GC: 1.1082
Mean Chi^2: 1.1089
Intercept: 1.0306 (0.0069)
Ratio: 0.2806 (0.0638)

Genetic Covariance
------------------
Total Observed scale gencov: 0.0368 (0.0052)
Mean z1*z2: 0.8228
Intercept: 0.7521 (0.0058)

Genetic Correlation
-------------------
Genetic Correlation: 0.9281 (0.0294)
Z-score: 31.5778
P: 7.4565e-219


Summary of Genetic Correlation Results
                                   p1                                   p2     rg     se       z           p  h2_obs  h2_obs_se  h2_int  h2_int_se  gcov_int  gcov_int_se
AllOfUs-N06AB-EUR-v7_2411.sumstats.gz AllOfUs-N06A-EUR-v7_2411.sumstats.gz 0.9281 0.0294 31.5778 7.4565e-219  0.0362      0.005  1.0306     0.0069    0.7521       0.0058

Analysis finished at Mon Feb 10 17:37:32 2025
Total time elapsed: 14.47s
