*********************************************************************
* LD Score Regression (LDSC)
* Version 2.0.0
* (C) 2014-2019 Brendan Bulik-Sullivan and Hilary Finucane
* Broad Institute of MIT and Harvard / MIT Department of Mathematics
* GNU General Public License v3
*********************************************************************
Call: 
./ldsc.py \
--out FinnGen-N06A-EUR-R12--GenScot-N06AB-EUR-rmUKBB_2309 \
--rg FinnGen-N06A-EUR-R12.sumstats.gz,GenScot-N06AB-EUR-rmUKBB_2309.sumstats.gz \
--ref-ld-chr eur_w_ld_chr/ \
--w-ld-chr eur_w_ld_chr/ 

Beginning analysis at Mon Feb 10 19:23:29 2025
Reading summary statistics from FinnGen-N06A-EUR-R12.sumstats.gz ...
Read summary statistics for 1169337 SNPs.
Reading reference panel LD Score from eur_w_ld_chr/[1-22] ... (ldscore_fromlist)
Read reference panel LD Scores for 1290028 SNPs.
Removing partitioned LD Scores with zero variance.
Reading regression weight LD Score from eur_w_ld_chr/[1-22] ... (ldscore_fromlist)
Read regression weight LD Scores for 1290028 SNPs.
After merging with reference panel LD, 1161829 SNPs remain.
After merging with regression SNP LD, 1161829 SNPs remain.
Computing rg for phenotype 2/2
Reading summary statistics from GenScot-N06AB-EUR-rmUKBB_2309.sumstats.gz ...
Read summary statistics for 1217311 SNPs.
After merging with summary statistics, 1161829 SNPs remain.
1127217 SNPs with valid alleles.

Heritability of phenotype 1
---------------------------
Total Observed scale h2: 0.1097 (0.0049)
Lambda GC: 1.6032
Mean Chi^2: 1.7057
Intercept: 1.1546 (0.0121)
Ratio: 0.219 (0.0172)

Heritability of phenotype 2/2
-----------------------------
Total Observed scale h2: 0.0295 (0.0379)
Lambda GC: 1.0772
Mean Chi^2: 1.0847
Intercept: 1.0762 (0.0073)
Ratio: 0.899 (0.0866)

Genetic Covariance
------------------
Total Observed scale gencov: 0.0486 (0.0086)
Mean z1*z2: 0.0686
Intercept: 0.0105 (0.0058)

Genetic Correlation
-------------------
Genetic Correlation: 0.8535 (0.5911)
Z-score: 1.4439
P: 0.1488


Summary of Genetic Correlation Results
                              p1                                        p2     rg     se      z      p  h2_obs  h2_obs_se  h2_int  h2_int_se  gcov_int  gcov_int_se
FinnGen-N06A-EUR-R12.sumstats.gz GenScot-N06AB-EUR-rmUKBB_2309.sumstats.gz 0.8535 0.5911 1.4439 0.1488  0.0295     0.0379  1.0762     0.0073    0.0105       0.0058

Analysis finished at Mon Feb 10 19:23:43 2025
Total time elapsed: 14.67s
