*********************************************************************
* LD Score Regression (LDSC)
* Version 2.0.0
* (C) 2014-2019 Brendan Bulik-Sullivan and Hilary Finucane
* Broad Institute of MIT and Harvard / MIT Department of Mathematics
* GNU General Public License v3
*********************************************************************
Call: 
./ldsc.py \
--out GenScot-N06AB-EUR-rmUKBB_2309--UKB-N06AX-EUR-21007_2309 \
--rg GenScot-N06AB-EUR-rmUKBB_2309.sumstats.gz,UKB-N06AX-EUR-21007_2309.sumstats.gz \
--ref-ld-chr eur_w_ld_chr/ \
--w-ld-chr eur_w_ld_chr/ 

Beginning analysis at Mon Feb 10 17:42:30 2025
Reading summary statistics from GenScot-N06AB-EUR-rmUKBB_2309.sumstats.gz ...
Read summary statistics for 1148851 SNPs.
Reading reference panel LD Score from eur_w_ld_chr/[1-22] ... (ldscore_fromlist)
Read reference panel LD Scores for 1290028 SNPs.
Removing partitioned LD Scores with zero variance.
Reading regression weight LD Score from eur_w_ld_chr/[1-22] ... (ldscore_fromlist)
Read regression weight LD Scores for 1290028 SNPs.
After merging with reference panel LD, 1142726 SNPs remain.
After merging with regression SNP LD, 1142726 SNPs remain.
Computing rg for phenotype 2/2
Reading summary statistics from UKB-N06AX-EUR-21007_2309.sumstats.gz ...
Read summary statistics for 1217311 SNPs.
After merging with summary statistics, 1142726 SNPs remain.
1130598 SNPs with valid alleles.

Heritability of phenotype 1
---------------------------
Total Observed scale h2: 0.0281 (0.037)
Lambda GC: 1.0772
Mean Chi^2: 1.0845
Intercept: 1.0764 (0.0072)
Ratio: 0.9034 (0.0853)

Heritability of phenotype 2/2
-----------------------------
Total Observed scale h2: 0.0719 (0.0148)
Lambda GC: 1.0833
Mean Chi^2: 1.0839
Intercept: 1.033 (0.0071)
Ratio: 0.393 (0.0849)

Genetic Covariance
------------------
Total Observed scale gencov: 0.0569 (0.0146)
Mean z1*z2: 0.0292
Intercept: 0.0035 (0.0048)

Genetic Correlation
-------------------
Genetic Correlation: nan (nan) (rg out of bounds) 
Z-score: nan (nan) (rg out of bounds)
P: nan (nan) (rg out of bounds)
WARNING: rg was out of bounds.
This often means that h2 is not significantly different from zero.


Summary of Genetic Correlation Results
                                       p1                                   p2     rg     se      z      p  h2_obs  h2_obs_se  h2_int  h2_int_se  gcov_int  gcov_int_se
GenScot-N06AB-EUR-rmUKBB_2309.sumstats.gz UKB-N06AX-EUR-21007_2309.sumstats.gz 1.2651 0.8747 1.4462 0.1481  0.0719     0.0148   1.033     0.0071    0.0035       0.0048

Analysis finished at Mon Feb 10 17:42:45 2025
Total time elapsed: 14.45s
