*********************************************************************
* LD Score Regression (LDSC)
* Version 2.0.0
* (C) 2014-2019 Brendan Bulik-Sullivan and Hilary Finucane
* Broad Institute of MIT and Harvard / MIT Department of Mathematics
* GNU General Public License v3
*********************************************************************
Call: 
./ldsc.py \
--out GenScot-N06AA-EUR-rmUKBB_2309--FinnGen-N06A-EUR-R12 \
--rg GenScot-N06AA-EUR-rmUKBB_2309.sumstats.gz,FinnGen-N06A-EUR-R12.sumstats.gz \
--ref-ld-chr eur_w_ld_chr/ \
--w-ld-chr eur_w_ld_chr/ 

Beginning analysis at Mon Feb 10 19:23:45 2025
Reading summary statistics from GenScot-N06AA-EUR-rmUKBB_2309.sumstats.gz ...
Read summary statistics for 1148892 SNPs.
Reading reference panel LD Score from eur_w_ld_chr/[1-22] ... (ldscore_fromlist)
Read reference panel LD Scores for 1290028 SNPs.
Removing partitioned LD Scores with zero variance.
Reading regression weight LD Score from eur_w_ld_chr/[1-22] ... (ldscore_fromlist)
Read regression weight LD Scores for 1290028 SNPs.
After merging with reference panel LD, 1142771 SNPs remain.
After merging with regression SNP LD, 1142771 SNPs remain.
Computing rg for phenotype 2/2
Reading summary statistics from FinnGen-N06A-EUR-R12.sumstats.gz ...
Read summary statistics for 1217311 SNPs.
After merging with summary statistics, 1142771 SNPs remain.
1127245 SNPs with valid alleles.

Heritability of phenotype 1
---------------------------
Total Observed scale h2: 0.0622 (0.0395)
Lambda GC: 1.0588
Mean Chi^2: 1.0515
Intercept: 1.034 (0.0074)
Ratio: 0.6592 (0.1445)

Heritability of phenotype 2/2
-----------------------------
Total Observed scale h2: 0.1097 (0.0049)
Lambda GC: 1.6032
Mean Chi^2: 1.7058
Intercept: 1.1548 (0.0121)
Ratio: 0.2193 (0.0172)

Genetic Covariance
------------------
Total Observed scale gencov: 0.0414 (0.0081)
Mean z1*z2: 0.0539
Intercept: 0.0039 (0.0055)

Genetic Correlation
-------------------
Genetic Correlation: 0.5011 (0.1807)
Z-score: 2.7741
P: 0.0055


Summary of Genetic Correlation Results
                                       p1                               p2     rg     se      z      p  h2_obs  h2_obs_se  h2_int  h2_int_se  gcov_int  gcov_int_se
GenScot-N06AA-EUR-rmUKBB_2309.sumstats.gz FinnGen-N06A-EUR-R12.sumstats.gz 0.5011 0.1807 2.7741 0.0055  0.1097     0.0049  1.1548     0.0121    0.0039       0.0055

Analysis finished at Mon Feb 10 19:23:56 2025
Total time elapsed: 11.06s
