*********************************************************************
* LD Score Regression (LDSC)
* Version 2.0.0
* (C) 2014-2019 Brendan Bulik-Sullivan and Hilary Finucane
* Broad Institute of MIT and Harvard / MIT Department of Mathematics
* GNU General Public License v3
*********************************************************************
Call: 
./ldsc.py \
--out GenScot-N06AA-EUR-rmUKBB_2309--AllOfUs-N06AB-EUR-v7_2411 \
--rg GenScot-N06AA-EUR-rmUKBB_2309.sumstats.gz,AllOfUs-N06AB-EUR-v7_2411.sumstats.gz \
--ref-ld-chr eur_w_ld_chr/ \
--w-ld-chr eur_w_ld_chr/ 

Beginning analysis at Mon Feb 10 17:42:01 2025
Reading summary statistics from GenScot-N06AA-EUR-rmUKBB_2309.sumstats.gz ...
Read summary statistics for 1148892 SNPs.
Reading reference panel LD Score from eur_w_ld_chr/[1-22] ... (ldscore_fromlist)
Read reference panel LD Scores for 1290028 SNPs.
Removing partitioned LD Scores with zero variance.
Reading regression weight LD Score from eur_w_ld_chr/[1-22] ... (ldscore_fromlist)
Read regression weight LD Scores for 1290028 SNPs.
After merging with reference panel LD, 1142771 SNPs remain.
After merging with regression SNP LD, 1142771 SNPs remain.
Computing rg for phenotype 2/2
Reading summary statistics from AllOfUs-N06AB-EUR-v7_2411.sumstats.gz ...
Read summary statistics for 1217311 SNPs.
After merging with summary statistics, 1142771 SNPs remain.
1141360 SNPs with valid alleles.

Heritability of phenotype 1
---------------------------
Total Observed scale h2: 0.066 (0.039)
Lambda GC: 1.0588
Mean Chi^2: 1.0512
Intercept: 1.0327 (0.0072)
Ratio: 0.6385 (0.1414)

Heritability of phenotype 2/2
-----------------------------
Total Observed scale h2: 0.0438 (0.0064)
Lambda GC: 1.0833
Mean Chi^2: 1.0925
Intercept: 1.017 (0.0074)
Ratio: 0.1839 (0.0796)

Genetic Covariance
------------------
Total Observed scale gencov: 0.0147 (0.0099)
Mean z1*z2: 0.0142
Intercept: 0.0038 (0.0049)

Genetic Correlation
-------------------
Genetic Correlation: 0.2724 (0.1892)
Z-score: 1.4394
P: 0.15


Summary of Genetic Correlation Results
                                       p1                                    p2     rg     se      z    p  h2_obs  h2_obs_se  h2_int  h2_int_se  gcov_int  gcov_int_se
GenScot-N06AA-EUR-rmUKBB_2309.sumstats.gz AllOfUs-N06AB-EUR-v7_2411.sumstats.gz 0.2724 0.1892 1.4394 0.15  0.0438     0.0064   1.017     0.0074    0.0038       0.0049

Analysis finished at Mon Feb 10 17:42:15 2025
Total time elapsed: 13.48s
