*********************************************************************
* LD Score Regression (LDSC)
* Version 2.0.0
* (C) 2014-2019 Brendan Bulik-Sullivan and Hilary Finucane
* Broad Institute of MIT and Harvard / MIT Department of Mathematics
* GNU General Public License v3
*********************************************************************
Call: 
./ldsc.py \
--out GenScot-N06A-EUR-rmUKBB_2309--UKB-N06AA-EUR-21007_2309 \
--rg GenScot-N06A-EUR-rmUKBB_2309.sumstats.gz,UKB-N06AA-EUR-21007_2309.sumstats.gz \
--ref-ld-chr eur_w_ld_chr/ \
--w-ld-chr eur_w_ld_chr/ 

Beginning analysis at Mon Feb 10 17:37:17 2025
Reading summary statistics from GenScot-N06A-EUR-rmUKBB_2309.sumstats.gz ...
Read summary statistics for 1148796 SNPs.
Reading reference panel LD Score from eur_w_ld_chr/[1-22] ... (ldscore_fromlist)
Read reference panel LD Scores for 1290028 SNPs.
Removing partitioned LD Scores with zero variance.
Reading regression weight LD Score from eur_w_ld_chr/[1-22] ... (ldscore_fromlist)
Read regression weight LD Scores for 1290028 SNPs.
After merging with reference panel LD, 1142689 SNPs remain.
After merging with regression SNP LD, 1142689 SNPs remain.
Computing rg for phenotype 2/2
Reading summary statistics from UKB-N06AA-EUR-21007_2309.sumstats.gz ...
Read summary statistics for 1217311 SNPs.
After merging with summary statistics, 1142689 SNPs remain.
1130597 SNPs with valid alleles.

Heritability of phenotype 1
---------------------------
Total Observed scale h2: 0.0698 (0.0281)
Lambda GC: 1.1082
Mean Chi^2: 1.1098
Intercept: 1.0834 (0.0078)
Ratio: 0.7597 (0.0713)

Heritability of phenotype 2/2
-----------------------------
Total Observed scale h2: 0.0536 (0.0051)
Lambda GC: 1.1715
Mean Chi^2: 1.1837
Intercept: 1.0553 (0.0085)
Ratio: 0.3008 (0.0464)

Genetic Covariance
------------------
Total Observed scale gencov: 0.0408 (0.0082)
Mean z1*z2: 0.0449
Intercept: 0.0061 (0.005)

Genetic Correlation
-------------------
Genetic Correlation: 0.667 (0.1916)
Z-score: 3.4818
P: 0.0005


Summary of Genetic Correlation Results
                                      p1                                   p2    rg     se      z      p  h2_obs  h2_obs_se  h2_int  h2_int_se  gcov_int  gcov_int_se
GenScot-N06A-EUR-rmUKBB_2309.sumstats.gz UKB-N06AA-EUR-21007_2309.sumstats.gz 0.667 0.1916 3.4818 0.0005  0.0536     0.0051  1.0553     0.0085    0.0061        0.005

Analysis finished at Mon Feb 10 17:37:31 2025
Total time elapsed: 13.89s
