*********************************************************************
* LD Score Regression (LDSC)
* Version 2.0.0
* (C) 2014-2019 Brendan Bulik-Sullivan and Hilary Finucane
* Broad Institute of MIT and Harvard / MIT Department of Mathematics
* GNU General Public License v3
*********************************************************************
Call: 
./ldsc.py \
--out GenScot-N06AB-EUR-rmUKBB_2309--AllOfUs-N06AB-EUR-v7_2411 \
--rg GenScot-N06AB-EUR-rmUKBB_2309.sumstats.gz,AllOfUs-N06AB-EUR-v7_2411.sumstats.gz \
--ref-ld-chr eur_w_ld_chr/ \
--w-ld-chr eur_w_ld_chr/ 

Beginning analysis at Mon Feb 10 17:40:51 2025
Reading summary statistics from GenScot-N06AB-EUR-rmUKBB_2309.sumstats.gz ...
Read summary statistics for 1148851 SNPs.
Reading reference panel LD Score from eur_w_ld_chr/[1-22] ... (ldscore_fromlist)
Read reference panel LD Scores for 1290028 SNPs.
Removing partitioned LD Scores with zero variance.
Reading regression weight LD Score from eur_w_ld_chr/[1-22] ... (ldscore_fromlist)
Read regression weight LD Scores for 1290028 SNPs.
After merging with reference panel LD, 1142726 SNPs remain.
After merging with regression SNP LD, 1142726 SNPs remain.
Computing rg for phenotype 2/2
Reading summary statistics from AllOfUs-N06AB-EUR-v7_2411.sumstats.gz ...
Read summary statistics for 1217311 SNPs.
After merging with summary statistics, 1142726 SNPs remain.
1141319 SNPs with valid alleles.

Heritability of phenotype 1
---------------------------
Total Observed scale h2: 0.028 (0.0382)
Lambda GC: 1.0772
Mean Chi^2: 1.0846
Intercept: 1.0765 (0.0072)
Ratio: 0.9046 (0.0857)

Heritability of phenotype 2/2
-----------------------------
Total Observed scale h2: 0.0438 (0.0064)
Lambda GC: 1.0833
Mean Chi^2: 1.0925
Intercept: 1.0171 (0.0074)
Ratio: 0.1851 (0.08)

Genetic Covariance
------------------
Total Observed scale gencov: 0.0444 (0.01)
Mean z1*z2: 0.0312
Intercept: 0.0003 (0.0044)

Genetic Correlation
-------------------
Genetic Correlation: nan (nan) (rg out of bounds) 
Z-score: nan (nan) (rg out of bounds)
P: nan (nan) (rg out of bounds)
WARNING: rg was out of bounds.
This often means that h2 is not significantly different from zero.


Summary of Genetic Correlation Results
                                       p1                                    p2     rg     se      z      p  h2_obs  h2_obs_se  h2_int  h2_int_se  gcov_int  gcov_int_se
GenScot-N06AB-EUR-rmUKBB_2309.sumstats.gz AllOfUs-N06AB-EUR-v7_2411.sumstats.gz 1.2701 0.9102 1.3954 0.1629  0.0438     0.0064  1.0171     0.0074    0.0003       0.0044

Analysis finished at Mon Feb 10 17:41:05 2025
Total time elapsed: 14.11s
