*********************************************************************
* LD Score Regression (LDSC)
* Version 2.0.0
* (C) 2014-2019 Brendan Bulik-Sullivan and Hilary Finucane
* Broad Institute of MIT and Harvard / MIT Department of Mathematics
* GNU General Public License v3
*********************************************************************
Call: 
./ldsc.py \
--out GenScot-N06AA-EUR-rmUKBB_2309--UKB-N06AX-EUR-21007_2309 \
--rg GenScot-N06AA-EUR-rmUKBB_2309.sumstats.gz,UKB-N06AX-EUR-21007_2309.sumstats.gz \
--ref-ld-chr eur_w_ld_chr/ \
--w-ld-chr eur_w_ld_chr/ 

Beginning analysis at Mon Feb 10 17:42:36 2025
Reading summary statistics from GenScot-N06AA-EUR-rmUKBB_2309.sumstats.gz ...
Read summary statistics for 1148892 SNPs.
Reading reference panel LD Score from eur_w_ld_chr/[1-22] ... (ldscore_fromlist)
Read reference panel LD Scores for 1290028 SNPs.
Removing partitioned LD Scores with zero variance.
Reading regression weight LD Score from eur_w_ld_chr/[1-22] ... (ldscore_fromlist)
Read regression weight LD Scores for 1290028 SNPs.
After merging with reference panel LD, 1142771 SNPs remain.
After merging with regression SNP LD, 1142771 SNPs remain.
Computing rg for phenotype 2/2
Reading summary statistics from UKB-N06AX-EUR-21007_2309.sumstats.gz ...
Read summary statistics for 1217311 SNPs.
After merging with summary statistics, 1142771 SNPs remain.
1130608 SNPs with valid alleles.

Heritability of phenotype 1
---------------------------
Total Observed scale h2: 0.0627 (0.038)
Lambda GC: 1.0588
Mean Chi^2: 1.0511
Intercept: 1.0333 (0.0075)
Ratio: 0.6531 (0.1473)

Heritability of phenotype 2/2
-----------------------------
Total Observed scale h2: 0.072 (0.0149)
Lambda GC: 1.0833
Mean Chi^2: 1.0839
Intercept: 1.0329 (0.0071)
Ratio: 0.3925 (0.0852)

Genetic Covariance
------------------
Total Observed scale gencov: 0.0411 (0.0164)
Mean z1*z2: 0.0282
Intercept: 0.0103 (0.0051)

Genetic Correlation
-------------------
Genetic Correlation: 0.6111 (0.2901)
Z-score: 2.1063
P: 0.0352


Summary of Genetic Correlation Results
                                       p1                                   p2     rg     se      z      p  h2_obs  h2_obs_se  h2_int  h2_int_se  gcov_int  gcov_int_se
GenScot-N06AA-EUR-rmUKBB_2309.sumstats.gz UKB-N06AX-EUR-21007_2309.sumstats.gz 0.6111 0.2901 2.1063 0.0352   0.072     0.0149  1.0329     0.0071    0.0103       0.0051

Analysis finished at Mon Feb 10 17:42:47 2025
Total time elapsed: 10.97s
