*********************************************************************
* LD Score Regression (LDSC)
* Version 2.0.0
* (C) 2014-2019 Brendan Bulik-Sullivan and Hilary Finucane
* Broad Institute of MIT and Harvard / MIT Department of Mathematics
* GNU General Public License v3
*********************************************************************
Call: 
./ldsc.py \
--out GenScot-N06AA-EUR-rmUKBB_2309--GenScot-N06AB-EUR-rmUKBB_2309 \
--rg GenScot-N06AA-EUR-rmUKBB_2309.sumstats.gz,GenScot-N06AB-EUR-rmUKBB_2309.sumstats.gz \
--ref-ld-chr eur_w_ld_chr/ \
--w-ld-chr eur_w_ld_chr/ 

Beginning analysis at Mon Feb 10 17:42:19 2025
Reading summary statistics from GenScot-N06AA-EUR-rmUKBB_2309.sumstats.gz ...
Read summary statistics for 1148892 SNPs.
Reading reference panel LD Score from eur_w_ld_chr/[1-22] ... (ldscore_fromlist)
Read reference panel LD Scores for 1290028 SNPs.
Removing partitioned LD Scores with zero variance.
Reading regression weight LD Score from eur_w_ld_chr/[1-22] ... (ldscore_fromlist)
Read regression weight LD Scores for 1290028 SNPs.
After merging with reference panel LD, 1142771 SNPs remain.
After merging with regression SNP LD, 1142771 SNPs remain.
Computing rg for phenotype 2/2
Reading summary statistics from GenScot-N06AB-EUR-rmUKBB_2309.sumstats.gz ...
Read summary statistics for 1217311 SNPs.
After merging with summary statistics, 1142771 SNPs remain.
1142528 SNPs with valid alleles.

Heritability of phenotype 1
---------------------------
Total Observed scale h2: 0.0652 (0.039)
Lambda GC: 1.0588
Mean Chi^2: 1.0513
Intercept: 1.033 (0.0072)
Ratio: 0.6433 (0.1413)

Heritability of phenotype 2/2
-----------------------------
Total Observed scale h2: 0.029 (0.0387)
Lambda GC: 1.0772
Mean Chi^2: 1.0845
Intercept: 1.0762 (0.0072)
Ratio: 0.901 (0.0857)

Genetic Covariance
------------------
Total Observed scale gencov: 0.0193 (0.0251)
Mean z1*z2: 0.2178
Intercept: 0.2123 (0.005)

Genetic Correlation
-------------------
Genetic Correlation: 0.4448 (0.5287)
Z-score: 0.8412
P: 0.4002


Summary of Genetic Correlation Results
                                       p1                                        p2     rg     se      z      p  h2_obs  h2_obs_se  h2_int  h2_int_se  gcov_int  gcov_int_se
GenScot-N06AA-EUR-rmUKBB_2309.sumstats.gz GenScot-N06AB-EUR-rmUKBB_2309.sumstats.gz 0.4448 0.5287 0.8412 0.4002   0.029     0.0387  1.0762     0.0072    0.2123        0.005

Analysis finished at Mon Feb 10 17:42:33 2025
Total time elapsed: 14.39s
