*********************************************************************
* LD Score Regression (LDSC)
* Version 2.0.0
* (C) 2014-2019 Brendan Bulik-Sullivan and Hilary Finucane
* Broad Institute of MIT and Harvard / MIT Department of Mathematics
* GNU General Public License v3
*********************************************************************
Call: 
./ldsc.py \
--out GenScot-N06AB-EUR-rmUKBB_2309--UKB-N06AB-EUR-21007_2309 \
--rg GenScot-N06AB-EUR-rmUKBB_2309.sumstats.gz,UKB-N06AB-EUR-21007_2309.sumstats.gz \
--ref-ld-chr eur_w_ld_chr/ \
--w-ld-chr eur_w_ld_chr/ 

Beginning analysis at Mon Feb 10 17:41:26 2025
Reading summary statistics from GenScot-N06AB-EUR-rmUKBB_2309.sumstats.gz ...
Read summary statistics for 1148851 SNPs.
Reading reference panel LD Score from eur_w_ld_chr/[1-22] ... (ldscore_fromlist)
Read reference panel LD Scores for 1290028 SNPs.
Removing partitioned LD Scores with zero variance.
Reading regression weight LD Score from eur_w_ld_chr/[1-22] ... (ldscore_fromlist)
Read regression weight LD Scores for 1290028 SNPs.
After merging with reference panel LD, 1142726 SNPs remain.
After merging with regression SNP LD, 1142726 SNPs remain.
Computing rg for phenotype 2/2
Reading summary statistics from UKB-N06AB-EUR-21007_2309.sumstats.gz ...
Read summary statistics for 1217311 SNPs.
After merging with summary statistics, 1142726 SNPs remain.
1130624 SNPs with valid alleles.

Heritability of phenotype 1
---------------------------
Total Observed scale h2: 0.0283 (0.037)
Lambda GC: 1.0772
Mean Chi^2: 1.0845
Intercept: 1.0763 (0.0072)
Ratio: 0.9028 (0.0854)

Heritability of phenotype 2/2
-----------------------------
Total Observed scale h2: 0.0604 (0.0055)
Lambda GC: 1.1683
Mean Chi^2: 1.1783
Intercept: 1.0462 (0.0075)
Ratio: 0.2589 (0.0421)

Genetic Covariance
------------------
Total Observed scale gencov: 0.0664 (0.0085)
Mean z1*z2: 0.0514
Intercept: -0.0017 (0.0054)

Genetic Correlation
-------------------
Genetic Correlation: nan (nan) (rg out of bounds) 
Z-score: nan (nan) (rg out of bounds)
P: nan (nan) (rg out of bounds)
WARNING: rg was out of bounds.
This often means that h2 is not significantly different from zero.


Summary of Genetic Correlation Results
                                       p1                                   p2     rg     se      z      p  h2_obs  h2_obs_se  h2_int  h2_int_se  gcov_int  gcov_int_se
GenScot-N06AB-EUR-rmUKBB_2309.sumstats.gz UKB-N06AB-EUR-21007_2309.sumstats.gz 1.6063 1.1367 1.4131 0.1576  0.0604     0.0055  1.0462     0.0075   -0.0017       0.0054

Analysis finished at Mon Feb 10 17:41:41 2025
Total time elapsed: 14.45s
