*********************************************************************
* LD Score Regression (LDSC)
* Version 2.0.0
* (C) 2014-2019 Brendan Bulik-Sullivan and Hilary Finucane
* Broad Institute of MIT and Harvard / MIT Department of Mathematics
* GNU General Public License v3
*********************************************************************
Call: 
./ldsc.py \
--out GenScot-N06AB-EUR-rmUKBB_2309--AllOfUs-N06AA-EUR-v7_2411 \
--rg GenScot-N06AB-EUR-rmUKBB_2309.sumstats.gz,AllOfUs-N06AA-EUR-v7_2411.sumstats.gz \
--ref-ld-chr eur_w_ld_chr/ \
--w-ld-chr eur_w_ld_chr/ 

Beginning analysis at Mon Feb 10 17:40:51 2025
Reading summary statistics from GenScot-N06AB-EUR-rmUKBB_2309.sumstats.gz ...
Read summary statistics for 1148851 SNPs.
Reading reference panel LD Score from eur_w_ld_chr/[1-22] ... (ldscore_fromlist)
Read reference panel LD Scores for 1290028 SNPs.
Removing partitioned LD Scores with zero variance.
Reading regression weight LD Score from eur_w_ld_chr/[1-22] ... (ldscore_fromlist)
Read regression weight LD Scores for 1290028 SNPs.
After merging with reference panel LD, 1142726 SNPs remain.
After merging with regression SNP LD, 1142726 SNPs remain.
Computing rg for phenotype 2/2
Reading summary statistics from AllOfUs-N06AA-EUR-v7_2411.sumstats.gz ...
Read summary statistics for 1217311 SNPs.
After merging with summary statistics, 1142726 SNPs remain.
1141318 SNPs with valid alleles.

Heritability of phenotype 1
---------------------------
Total Observed scale h2: 0.0282 (0.0383)
Lambda GC: 1.0772
Mean Chi^2: 1.0846
Intercept: 1.0765 (0.0073)
Ratio: 0.9039 (0.0858)

Heritability of phenotype 2/2
-----------------------------
Total Observed scale h2: 0.0526 (0.0119)
Lambda GC: 1.0527
Mean Chi^2: 1.0626
Intercept: 1.0226 (0.0064)
Ratio: 0.3604 (0.1025)

Genetic Covariance
------------------
Total Observed scale gencov: 0.0233 (0.0145)
Mean z1*z2: 0.0184
Intercept: 0.0077 (0.0052)

Genetic Correlation
-------------------
Genetic Correlation: 0.6065 (0.5596)
Z-score: 1.0838
P: 0.2784


Summary of Genetic Correlation Results
                                       p1                                    p2     rg     se      z      p  h2_obs  h2_obs_se  h2_int  h2_int_se  gcov_int  gcov_int_se
GenScot-N06AB-EUR-rmUKBB_2309.sumstats.gz AllOfUs-N06AA-EUR-v7_2411.sumstats.gz 0.6065 0.5596 1.0838 0.2784  0.0526     0.0119  1.0226     0.0064    0.0077       0.0052

Analysis finished at Mon Feb 10 17:41:05 2025
Total time elapsed: 14.13s
