*********************************************************************
* LD Score Regression (LDSC)
* Version 2.0.0
* (C) 2014-2019 Brendan Bulik-Sullivan and Hilary Finucane
* Broad Institute of MIT and Harvard / MIT Department of Mathematics
* GNU General Public License v3
*********************************************************************
Call: 
./ldsc.py \
--out UKB-N06AB-EUR-21007_2309--GenScot-N06A-EUR-rmUKBB_2309 \
--rg UKB-N06AB-EUR-21007_2309.sumstats.gz,GenScot-N06A-EUR-rmUKBB_2309.sumstats.gz \
--ref-ld-chr eur_w_ld_chr/ \
--w-ld-chr eur_w_ld_chr/ 

Beginning analysis at Mon Feb 10 17:41:26 2025
Reading summary statistics from UKB-N06AB-EUR-21007_2309.sumstats.gz ...
Read summary statistics for 1159188 SNPs.
Reading reference panel LD Score from eur_w_ld_chr/[1-22] ... (ldscore_fromlist)
Read reference panel LD Scores for 1290028 SNPs.
Removing partitioned LD Scores with zero variance.
Reading regression weight LD Score from eur_w_ld_chr/[1-22] ... (ldscore_fromlist)
Read regression weight LD Scores for 1290028 SNPs.
After merging with reference panel LD, 1153024 SNPs remain.
After merging with regression SNP LD, 1153024 SNPs remain.
Computing rg for phenotype 2/2
Reading summary statistics from GenScot-N06A-EUR-rmUKBB_2309.sumstats.gz ...
Read summary statistics for 1217311 SNPs.
After merging with summary statistics, 1153024 SNPs remain.
1130598 SNPs with valid alleles.

Heritability of phenotype 1
---------------------------
Total Observed scale h2: 0.0605 (0.0055)
Lambda GC: 1.1683
Mean Chi^2: 1.1783
Intercept: 1.0459 (0.0075)
Ratio: 0.2576 (0.042)

Heritability of phenotype 2/2
-----------------------------
Total Observed scale h2: 0.07 (0.0281)
Lambda GC: 1.1082
Mean Chi^2: 1.1098
Intercept: 1.0833 (0.0078)
Ratio: 0.7589 (0.0713)

Genetic Covariance
------------------
Total Observed scale gencov: 0.0627 (0.0086)
Mean z1*z2: 0.0566
Intercept: -0.0009 (0.0051)

Genetic Correlation
-------------------
Genetic Correlation: 0.9631 (0.2208)
Z-score: 4.362
P: 1.2891e-05


Summary of Genetic Correlation Results
                                  p1                                       p2     rg     se     z          p  h2_obs  h2_obs_se  h2_int  h2_int_se  gcov_int  gcov_int_se
UKB-N06AB-EUR-21007_2309.sumstats.gz GenScot-N06A-EUR-rmUKBB_2309.sumstats.gz 0.9631 0.2208 4.362 1.2891e-05    0.07     0.0281  1.0833     0.0078   -0.0009       0.0051

Analysis finished at Mon Feb 10 17:41:41 2025
Total time elapsed: 14.88s
