*********************************************************************
* LD Score Regression (LDSC)
* Version 2.0.0
* (C) 2014-2019 Brendan Bulik-Sullivan and Hilary Finucane
* Broad Institute of MIT and Harvard / MIT Department of Mathematics
* GNU General Public License v3
*********************************************************************
Call: 
./ldsc.py \
--out UKB-N06AB-EUR-21007_2309--AllOfUs-N06A-EUR-v7_2411 \
--rg UKB-N06AB-EUR-21007_2309.sumstats.gz,AllOfUs-N06A-EUR-v7_2411.sumstats.gz \
--ref-ld-chr eur_w_ld_chr/ \
--w-ld-chr eur_w_ld_chr/ 

Beginning analysis at Mon Feb 10 17:41:26 2025
Reading summary statistics from UKB-N06AB-EUR-21007_2309.sumstats.gz ...
Read summary statistics for 1159188 SNPs.
Reading reference panel LD Score from eur_w_ld_chr/[1-22] ... (ldscore_fromlist)
Read reference panel LD Scores for 1290028 SNPs.
Removing partitioned LD Scores with zero variance.
Reading regression weight LD Score from eur_w_ld_chr/[1-22] ... (ldscore_fromlist)
Read regression weight LD Scores for 1290028 SNPs.
After merging with reference panel LD, 1153024 SNPs remain.
After merging with regression SNP LD, 1153024 SNPs remain.
Computing rg for phenotype 2/2
Reading summary statistics from AllOfUs-N06A-EUR-v7_2411.sumstats.gz ...
Read summary statistics for 1217311 SNPs.
After merging with summary statistics, 1153024 SNPs remain.
1151879 SNPs with valid alleles.

Heritability of phenotype 1
---------------------------
Total Observed scale h2: 0.0605 (0.0052)
Lambda GC: 1.1651
Mean Chi^2: 1.1768
Intercept: 1.0456 (0.0077)
Ratio: 0.2579 (0.0434)

Heritability of phenotype 2/2
-----------------------------
Total Observed scale h2: 0.0368 (0.0051)
Lambda GC: 1.1082
Mean Chi^2: 1.11
Intercept: 1.0297 (0.0072)
Ratio: 0.2697 (0.0651)

Genetic Covariance
------------------
Total Observed scale gencov: 0.0441 (0.0039)
Mean z1*z2: 0.0949
Intercept: 0.0016 (0.0057)

Genetic Correlation
-------------------
Genetic Correlation: 0.9351 (0.0977)
Z-score: 9.5759
P: 1.01e-21


Summary of Genetic Correlation Results
                                  p1                                   p2     rg     se      z          p  h2_obs  h2_obs_se  h2_int  h2_int_se  gcov_int  gcov_int_se
UKB-N06AB-EUR-21007_2309.sumstats.gz AllOfUs-N06A-EUR-v7_2411.sumstats.gz 0.9351 0.0977 9.5759 1.0100e-21  0.0368     0.0051  1.0297     0.0072    0.0016       0.0057

Analysis finished at Mon Feb 10 17:41:41 2025
Total time elapsed: 14.82s
