*********************************************************************
* LD Score Regression (LDSC)
* Version 2.0.0
* (C) 2014-2019 Brendan Bulik-Sullivan and Hilary Finucane
* Broad Institute of MIT and Harvard / MIT Department of Mathematics
* GNU General Public License v3
*********************************************************************
Call: 
./ldsc.py \
--out UKB-N06A-EUR-21007_2309--UKB-N06AA-EUR-21007_2309 \
--rg UKB-N06A-EUR-21007_2309.sumstats.gz,UKB-N06AA-EUR-21007_2309.sumstats.gz \
--ref-ld-chr eur_w_ld_chr/ \
--w-ld-chr eur_w_ld_chr/ 

Beginning analysis at Mon Feb 10 17:38:45 2025
Reading summary statistics from UKB-N06A-EUR-21007_2309.sumstats.gz ...
Read summary statistics for 1159185 SNPs.
Reading reference panel LD Score from eur_w_ld_chr/[1-22] ... (ldscore_fromlist)
Read reference panel LD Scores for 1290028 SNPs.
Removing partitioned LD Scores with zero variance.
Reading regression weight LD Score from eur_w_ld_chr/[1-22] ... (ldscore_fromlist)
Read regression weight LD Scores for 1290028 SNPs.
After merging with reference panel LD, 1153017 SNPs remain.
After merging with regression SNP LD, 1153017 SNPs remain.
Computing rg for phenotype 2/2
Reading summary statistics from UKB-N06AA-EUR-21007_2309.sumstats.gz ...
Read summary statistics for 1217311 SNPs.
After merging with summary statistics, 1153017 SNPs remain.
1152992 SNPs with valid alleles.

Heritability of phenotype 1
---------------------------
Total Observed scale h2: 0.0493 (0.0037)
Lambda GC: 1.207
Mean Chi^2: 1.2204
Intercept: 1.0632 (0.0084)
Ratio: 0.2867 (0.0383)

Heritability of phenotype 2/2
-----------------------------
Total Observed scale h2: 0.053 (0.0051)
Lambda GC: 1.1715
Mean Chi^2: 1.1825
Intercept: 1.0563 (0.0081)
Ratio: 0.3087 (0.0445)

Genetic Covariance
------------------
Total Observed scale gencov: 0.0496 (0.004)
Mean z1*z2: 0.9462
Intercept: 0.8101 (0.0076)

Genetic Correlation
-------------------
Genetic Correlation: 0.9703 (0.0163)
Z-score: 59.4675
P: 0.


Summary of Genetic Correlation Results
                                 p1                                   p2     rg     se       z   p  h2_obs  h2_obs_se  h2_int  h2_int_se  gcov_int  gcov_int_se
UKB-N06A-EUR-21007_2309.sumstats.gz UKB-N06AA-EUR-21007_2309.sumstats.gz 0.9703 0.0163 59.4675 0.0   0.053     0.0051  1.0563     0.0081    0.8101       0.0076

Analysis finished at Mon Feb 10 17:38:59 2025
Total time elapsed: 14.33s
