*********************************************************************
* LD Score Regression (LDSC)
* Version 2.0.0
* (C) 2014-2019 Brendan Bulik-Sullivan and Hilary Finucane
* Broad Institute of MIT and Harvard / MIT Department of Mathematics
* GNU General Public License v3
*********************************************************************
Call: 
./ldsc.py \
--out UKB-N06AX-EUR-21007_2309--GenScot-N06A-EUR-rmUKBB_2309 \
--rg UKB-N06AX-EUR-21007_2309.sumstats.gz,GenScot-N06A-EUR-rmUKBB_2309.sumstats.gz \
--ref-ld-chr eur_w_ld_chr/ \
--w-ld-chr eur_w_ld_chr/ 

Beginning analysis at Mon Feb 10 17:42:36 2025
Reading summary statistics from UKB-N06AX-EUR-21007_2309.sumstats.gz ...
Read summary statistics for 1159170 SNPs.
Reading reference panel LD Score from eur_w_ld_chr/[1-22] ... (ldscore_fromlist)
Read reference panel LD Scores for 1290028 SNPs.
Removing partitioned LD Scores with zero variance.
Reading regression weight LD Score from eur_w_ld_chr/[1-22] ... (ldscore_fromlist)
Read regression weight LD Scores for 1290028 SNPs.
After merging with reference panel LD, 1153021 SNPs remain.
After merging with regression SNP LD, 1153021 SNPs remain.
Computing rg for phenotype 2/2
Reading summary statistics from GenScot-N06A-EUR-rmUKBB_2309.sumstats.gz ...
Read summary statistics for 1217311 SNPs.
After merging with summary statistics, 1153021 SNPs remain.
1130568 SNPs with valid alleles.

Heritability of phenotype 1
---------------------------
Total Observed scale h2: 0.072 (0.0148)
Lambda GC: 1.0833
Mean Chi^2: 1.0839
Intercept: 1.0329 (0.0071)
Ratio: 0.3921 (0.0849)

Heritability of phenotype 2/2
-----------------------------
Total Observed scale h2: 0.0698 (0.0282)
Lambda GC: 1.1082
Mean Chi^2: 1.1098
Intercept: 1.0834 (0.0078)
Ratio: 0.7597 (0.0713)

Genetic Covariance
------------------
Total Observed scale gencov: 0.0624 (0.0129)
Mean z1*z2: 0.0372
Intercept: 0.0053 (0.0046)

Genetic Correlation
-------------------
Genetic Correlation: 0.8801 (0.2449)
Z-score: 3.5944
P: 0.0003


Summary of Genetic Correlation Results
                                  p1                                       p2     rg     se      z      p  h2_obs  h2_obs_se  h2_int  h2_int_se  gcov_int  gcov_int_se
UKB-N06AX-EUR-21007_2309.sumstats.gz GenScot-N06A-EUR-rmUKBB_2309.sumstats.gz 0.8801 0.2449 3.5944 0.0003  0.0698     0.0282  1.0834     0.0078    0.0053       0.0046

Analysis finished at Mon Feb 10 17:42:50 2025
Total time elapsed: 14.54s
