*********************************************************************
* LD Score Regression (LDSC)
* Version 2.0.0
* (C) 2014-2019 Brendan Bulik-Sullivan and Hilary Finucane
* Broad Institute of MIT and Harvard / MIT Department of Mathematics
* GNU General Public License v3
*********************************************************************
Call: 
./ldsc.py \
--out UKB-N06AB-EUR-21007_2309--AllOfUs-N06AB-EUR-v7_2411 \
--rg UKB-N06AB-EUR-21007_2309.sumstats.gz,AllOfUs-N06AB-EUR-v7_2411.sumstats.gz \
--ref-ld-chr eur_w_ld_chr/ \
--w-ld-chr eur_w_ld_chr/ 

Beginning analysis at Mon Feb 10 17:41:41 2025
Reading summary statistics from UKB-N06AB-EUR-21007_2309.sumstats.gz ...
Read summary statistics for 1159188 SNPs.
Reading reference panel LD Score from eur_w_ld_chr/[1-22] ... (ldscore_fromlist)
Read reference panel LD Scores for 1290028 SNPs.
Removing partitioned LD Scores with zero variance.
Reading regression weight LD Score from eur_w_ld_chr/[1-22] ... (ldscore_fromlist)
Read regression weight LD Scores for 1290028 SNPs.
After merging with reference panel LD, 1153024 SNPs remain.
After merging with regression SNP LD, 1153024 SNPs remain.
Computing rg for phenotype 2/2
Reading summary statistics from AllOfUs-N06AB-EUR-v7_2411.sumstats.gz ...
Read summary statistics for 1217311 SNPs.
After merging with summary statistics, 1153024 SNPs remain.
1151869 SNPs with valid alleles.

Heritability of phenotype 1
---------------------------
Total Observed scale h2: 0.0604 (0.0052)
Lambda GC: 1.1651
Mean Chi^2: 1.1768
Intercept: 1.0457 (0.0077)
Ratio: 0.2583 (0.0434)

Heritability of phenotype 2/2
-----------------------------
Total Observed scale h2: 0.0441 (0.0065)
Lambda GC: 1.0833
Mean Chi^2: 1.0916
Intercept: 1.0159 (0.0071)
Ratio: 0.1732 (0.0777)

Genetic Covariance
------------------
Total Observed scale gencov: 0.0446 (0.0041)
Mean z1*z2: 0.0838
Intercept: -0.0004 (0.0052)

Genetic Correlation
-------------------
Genetic Correlation: 0.8631 (0.0958)
Z-score: 9.0128
P: 2.0095e-19


Summary of Genetic Correlation Results
                                  p1                                    p2     rg     se      z          p  h2_obs  h2_obs_se  h2_int  h2_int_se  gcov_int  gcov_int_se
UKB-N06AB-EUR-21007_2309.sumstats.gz AllOfUs-N06AB-EUR-v7_2411.sumstats.gz 0.8631 0.0958 9.0128 2.0095e-19  0.0441     0.0065  1.0159     0.0071   -0.0004       0.0052

Analysis finished at Mon Feb 10 17:41:53 2025
Total time elapsed: 12.15s
