*********************************************************************
* LD Score Regression (LDSC)
* Version 2.0.0
* (C) 2014-2019 Brendan Bulik-Sullivan and Hilary Finucane
* Broad Institute of MIT and Harvard / MIT Department of Mathematics
* GNU General Public License v3
*********************************************************************
Call: 
./ldsc.py \
--out UKB-N06A-EUR-21007_2309--AllOfUs-N06AB-EUR-v7_2411 \
--rg UKB-N06A-EUR-21007_2309.sumstats.gz,AllOfUs-N06AB-EUR-v7_2411.sumstats.gz \
--ref-ld-chr eur_w_ld_chr/ \
--w-ld-chr eur_w_ld_chr/ 

Beginning analysis at Mon Feb 10 17:38:28 2025
Reading summary statistics from UKB-N06A-EUR-21007_2309.sumstats.gz ...
Read summary statistics for 1159185 SNPs.
Reading reference panel LD Score from eur_w_ld_chr/[1-22] ... (ldscore_fromlist)
Read reference panel LD Scores for 1290028 SNPs.
Removing partitioned LD Scores with zero variance.
Reading regression weight LD Score from eur_w_ld_chr/[1-22] ... (ldscore_fromlist)
Read regression weight LD Scores for 1290028 SNPs.
After merging with reference panel LD, 1153017 SNPs remain.
After merging with regression SNP LD, 1153017 SNPs remain.
Computing rg for phenotype 2/2
Reading summary statistics from AllOfUs-N06AB-EUR-v7_2411.sumstats.gz ...
Read summary statistics for 1217311 SNPs.
After merging with summary statistics, 1153017 SNPs remain.
1151863 SNPs with valid alleles.

Heritability of phenotype 1
---------------------------
Total Observed scale h2: 0.0494 (0.0037)
Lambda GC: 1.207
Mean Chi^2: 1.2204
Intercept: 1.0629 (0.0085)
Ratio: 0.2854 (0.0387)

Heritability of phenotype 2/2
-----------------------------
Total Observed scale h2: 0.0441 (0.0065)
Lambda GC: 1.0833
Mean Chi^2: 1.0916
Intercept: 1.016 (0.0071)
Ratio: 0.1744 (0.0778)

Genetic Covariance
------------------
Total Observed scale gencov: 0.0385 (0.0034)
Mean z1*z2: 0.09
Intercept: 0.0014 (0.0048)

Genetic Correlation
-------------------
Genetic Correlation: 0.8259 (0.0829)
Z-score: 9.9681
P: 2.1031e-23


Summary of Genetic Correlation Results
                                 p1                                    p2     rg     se      z          p  h2_obs  h2_obs_se  h2_int  h2_int_se  gcov_int  gcov_int_se
UKB-N06A-EUR-21007_2309.sumstats.gz AllOfUs-N06AB-EUR-v7_2411.sumstats.gz 0.8259 0.0829 9.9681 2.1031e-23  0.0441     0.0065   1.016     0.0071    0.0014       0.0048

Analysis finished at Mon Feb 10 17:38:42 2025
Total time elapsed: 14.48s
