*********************************************************************
* LD Score Regression (LDSC)
* Version 2.0.0
* (C) 2014-2019 Brendan Bulik-Sullivan and Hilary Finucane
* Broad Institute of MIT and Harvard / MIT Department of Mathematics
* GNU General Public License v3
*********************************************************************
Call: 
./ldsc.py \
--out UKB-N06AB-EUR-21007_2309--UKB-N06A-EUR-21007_2309 \
--rg UKB-N06AB-EUR-21007_2309.sumstats.gz,UKB-N06A-EUR-21007_2309.sumstats.gz \
--ref-ld-chr eur_w_ld_chr/ \
--w-ld-chr eur_w_ld_chr/ 

Beginning analysis at Mon Feb 10 17:41:26 2025
Reading summary statistics from UKB-N06AB-EUR-21007_2309.sumstats.gz ...
Read summary statistics for 1159188 SNPs.
Reading reference panel LD Score from eur_w_ld_chr/[1-22] ... (ldscore_fromlist)
Read reference panel LD Scores for 1290028 SNPs.
Removing partitioned LD Scores with zero variance.
Reading regression weight LD Score from eur_w_ld_chr/[1-22] ... (ldscore_fromlist)
Read regression weight LD Scores for 1290028 SNPs.
After merging with reference panel LD, 1153024 SNPs remain.
After merging with regression SNP LD, 1153024 SNPs remain.
Computing rg for phenotype 2/2
Reading summary statistics from UKB-N06A-EUR-21007_2309.sumstats.gz ...
Read summary statistics for 1217311 SNPs.
After merging with summary statistics, 1153024 SNPs remain.
1152988 SNPs with valid alleles.

Heritability of phenotype 1
---------------------------
Total Observed scale h2: 0.0604 (0.0052)
Lambda GC: 1.1651
Mean Chi^2: 1.1768
Intercept: 1.0457 (0.0076)
Ratio: 0.2583 (0.0432)

Heritability of phenotype 2/2
-----------------------------
Total Observed scale h2: 0.0493 (0.0037)
Lambda GC: 1.207
Mean Chi^2: 1.2204
Intercept: 1.0632 (0.0084)
Ratio: 0.2869 (0.0383)

Genetic Covariance
------------------
Total Observed scale gencov: 0.0518 (0.0039)
Mean z1*z2: 0.8946
Intercept: 0.758 (0.0071)

Genetic Correlation
-------------------
Genetic Correlation: 0.9497 (0.0182)
Z-score: 52.2309
P: 0.


Summary of Genetic Correlation Results
                                  p1                                  p2     rg     se       z   p  h2_obs  h2_obs_se  h2_int  h2_int_se  gcov_int  gcov_int_se
UKB-N06AB-EUR-21007_2309.sumstats.gz UKB-N06A-EUR-21007_2309.sumstats.gz 0.9497 0.0182 52.2309 0.0  0.0493     0.0037  1.0632     0.0084     0.758       0.0071

Analysis finished at Mon Feb 10 17:41:40 2025
Total time elapsed: 14.04s
