PLINK v2.0.0-a.6.5LM 64-bit Intel (22 Dec 2024)
Options in effect:
  --make-bed
  --memory 8589
  --mind 0.02
  --out ukb_imp_v3.qc.geno02.mind02_AFR_14
  --pfile ukb_imp_v3.qc.geno02_AFR_14 vzs
  --threads 4

Hostname: node1c05.ecdf.ed.ac.uk
Working directory: /exports/eddie/scratch/aedmond3/ad/work/dc/7df60223aa55c3cb72537fb1639ce7
Start time: Sun Mar 16 09:29:33 2025

Random number seed: 1742117373
385061 MiB RAM detected, ~359235 available; reserving 8589 MiB for main
workspace.
Allocated 6441 MiB successfully, after larger attempt(s) failed.
Using up to 4 compute threads.
7500 samples (4327 females, 3173 males; 7500 founders) loaded from
ukb_imp_v3.qc.geno02_AFR_14.psam.
136285 variants loaded from ukb_imp_v3.qc.geno02_AFR_14.pvar.zst.
Note: No phenotype data present.
Calculating sample missingness rates... done.
61 samples removed due to missing genotype data (--mind).
IDs written to ukb_imp_v3.qc.geno02.mind02_AFR_14.mindrem.id .
7439 samples (4286 females, 3153 males; 7439 founders) remaining after main
filters.
Writing ukb_imp_v3.qc.geno02.mind02_AFR_14.fam ... done.
Writing ukb_imp_v3.qc.geno02.mind02_AFR_14.bim ... done.
Writing ukb_imp_v3.qc.geno02.mind02_AFR_14.bed ... done.

End time: Sun Mar 16 09:29:35 2025
