PLINK v2.0.0-a.6.5LM 64-bit Intel (22 Dec 2024)
Options in effect:
  --make-bed
  --memory 8589
  --mind 0.02
  --out ukb_imp_v3.qc.geno02.mind02_AFR_11
  --pfile ukb_imp_v3.qc.geno02_AFR_11 vzs
  --threads 4

Hostname: node1c30.ecdf.ed.ac.uk
Working directory: /exports/eddie/scratch/aedmond3/ad/work/e0/aa829baa6293216962cfa1cc01dc2e
Start time: Wed Feb 12 16:27:24 2025

Random number seed: 1739377644
385061 MiB RAM detected, ~372492 available; reserving 8589 MiB for main
workspace.
Allocated 6441 MiB successfully, after larger attempt(s) failed.
Using up to 4 compute threads.
7500 samples (4327 females, 3173 males; 7500 founders) loaded from
ukb_imp_v3.qc.geno02_AFR_11.psam.
224712 variants loaded from ukb_imp_v3.qc.geno02_AFR_11.pvar.zst.
Note: No phenotype data present.
Calculating sample missingness rates... done.
30 samples removed due to missing genotype data (--mind).
IDs written to ukb_imp_v3.qc.geno02.mind02_AFR_11.mindrem.id .
7470 samples (4304 females, 3166 males; 7470 founders) remaining after main
filters.
Writing ukb_imp_v3.qc.geno02.mind02_AFR_11.fam ... done.
Writing ukb_imp_v3.qc.geno02.mind02_AFR_11.bim ... done.
Writing ukb_imp_v3.qc.geno02.mind02_AFR_11.bed ... done.

End time: Wed Feb 12 16:27:27 2025
