PLINK v2.0.0-a.6.5LM 64-bit Intel (22 Dec 2024)
Options in effect:
  --make-bed
  --memory 8589
  --mind 0.02
  --out ukb_imp_v3.qc.geno02.mind02_AFR_2
  --pfile ukb_imp_v3.qc.geno02_AFR_2 vzs
  --threads 4

Hostname: node1b15.ecdf.ed.ac.uk
Working directory: /exports/eddie/scratch/aedmond3/ad/work/a3/73e23f76f25e3990d97a355d7d5635
Start time: Wed Feb 12 16:43:22 2025

Random number seed: 1739378602
385061 MiB RAM detected, ~370089 available; reserving 8589 MiB for main
workspace.
Allocated 6441 MiB successfully, after larger attempt(s) failed.
Using up to 4 compute threads.
7500 samples (4327 females, 3173 males; 7500 founders) loaded from
ukb_imp_v3.qc.geno02_AFR_2.psam.
338321 variants loaded from ukb_imp_v3.qc.geno02_AFR_2.pvar.zst.
Note: No phenotype data present.
Calculating sample missingness rates... done.
43 samples removed due to missing genotype data (--mind).
IDs written to ukb_imp_v3.qc.geno02.mind02_AFR_2.mindrem.id .
7457 samples (4300 females, 3157 males; 7457 founders) remaining after main
filters.
Writing ukb_imp_v3.qc.geno02.mind02_AFR_2.fam ... done.
Writing ukb_imp_v3.qc.geno02.mind02_AFR_2.bim ... done.
Writing ukb_imp_v3.qc.geno02.mind02_AFR_2.bed ... done.

End time: Wed Feb 12 16:43:24 2025
