PLINK v2.0.0-a.6.5LM 64-bit Intel (22 Dec 2024)
Options in effect:
  --make-bed
  --memory 8589
  --mind 0.02
  --out ukb_imp_v3.qc.geno02.mind02_SAS_10
  --pfile ukb_imp_v3.qc.geno02_SAS_10 vzs
  --threads 4

Hostname: node1c08.ecdf.ed.ac.uk
Working directory: /exports/eddie/scratch/aedmond3/ad/work/8a/65025e9087a7b5889e912a0b2527a0
Start time: Sun Mar 16 09:30:37 2025

Random number seed: 1742117437
385061 MiB RAM detected, ~376749 available; reserving 8589 MiB for main
workspace.
Allocated 6441 MiB successfully, after larger attempt(s) failed.
Using up to 4 compute threads.
7500 samples (3505 females, 3995 males; 7500 founders) loaded from
ukb_imp_v3.qc.geno02_SAS_10.psam.
325017 variants loaded from ukb_imp_v3.qc.geno02_SAS_10.pvar.zst.
Note: No phenotype data present.
Calculating sample missingness rates... done.
11 samples removed due to missing genotype data (--mind).
IDs written to ukb_imp_v3.qc.geno02.mind02_SAS_10.mindrem.id .
7489 samples (3499 females, 3990 males; 7489 founders) remaining after main
filters.
Writing ukb_imp_v3.qc.geno02.mind02_SAS_10.fam ... done.
Writing ukb_imp_v3.qc.geno02.mind02_SAS_10.bim ... done.
Writing ukb_imp_v3.qc.geno02.mind02_SAS_10.bed ... done.

End time: Sun Mar 16 09:30:38 2025
