PLINK v2.0.0-a.6.5LM 64-bit Intel (22 Dec 2024)
Options in effect:
  --make-bed
  --memory 8589
  --mind 0.02
  --out ukb_imp_v3.qc.geno02.mind02_SAS_14
  --pfile ukb_imp_v3.qc.geno02_SAS_14 vzs
  --threads 4

Hostname: node1b18.ecdf.ed.ac.uk
Working directory: /exports/eddie/scratch/aedmond3/ad/work/25/d2b5ecb863d372ac5c882af6594425
Start time: Wed Feb 12 16:31:03 2025

Random number seed: 1739377863
385061 MiB RAM detected, ~365012 available; reserving 8589 MiB for main
workspace.
Allocated 6441 MiB successfully, after larger attempt(s) failed.
Using up to 4 compute threads.
7500 samples (3505 females, 3995 males; 7500 founders) loaded from
ukb_imp_v3.qc.geno02_SAS_14.psam.
203318 variants loaded from ukb_imp_v3.qc.geno02_SAS_14.pvar.zst.
Note: No phenotype data present.
Calculating sample missingness rates... done.
30 samples removed due to missing genotype data (--mind).
IDs written to ukb_imp_v3.qc.geno02.mind02_SAS_14.mindrem.id .
7470 samples (3490 females, 3980 males; 7470 founders) remaining after main
filters.
Writing ukb_imp_v3.qc.geno02.mind02_SAS_14.fam ... done.
Writing ukb_imp_v3.qc.geno02.mind02_SAS_14.bim ... done.
Writing ukb_imp_v3.qc.geno02.mind02_SAS_14.bed ... done.

End time: Wed Feb 12 16:31:07 2025
