PLINK v2.0.0-a.6.5LM 64-bit Intel (22 Dec 2024)
Options in effect:
  --make-bed
  --memory 8589
  --mind 0.02
  --out ukb_imp_v3.qc.geno02.mind02_SAS_17
  --pfile ukb_imp_v3.qc.geno02_SAS_17 vzs
  --threads 4

Hostname: node1b27.ecdf.ed.ac.uk
Working directory: /exports/eddie/scratch/aedmond3/ad/work/e3/9d49c49be72abb9f2a7241b3533f69
Start time: Wed Feb 12 16:22:23 2025

Random number seed: 1739377343
385061 MiB RAM detected, ~371655 available; reserving 8589 MiB for main
workspace.
Allocated 6441 MiB successfully, after larger attempt(s) failed.
Using up to 4 compute threads.
7500 samples (3505 females, 3995 males; 7500 founders) loaded from
ukb_imp_v3.qc.geno02_SAS_17.psam.
159812 variants loaded from ukb_imp_v3.qc.geno02_SAS_17.pvar.zst.
Note: No phenotype data present.
Calculating sample missingness rates... done.
25 samples removed due to missing genotype data (--mind).
IDs written to ukb_imp_v3.qc.geno02.mind02_SAS_17.mindrem.id .
7475 samples (3493 females, 3982 males; 7475 founders) remaining after main
filters.
Writing ukb_imp_v3.qc.geno02.mind02_SAS_17.fam ... done.
Writing ukb_imp_v3.qc.geno02.mind02_SAS_17.bim ... done.
Writing ukb_imp_v3.qc.geno02.mind02_SAS_17.bed ... done.

End time: Wed Feb 12 16:22:25 2025
