PLINK v2.0.0-a.6.5LM 64-bit Intel (22 Dec 2024)
Options in effect:
  --make-bed
  --memory 8589
  --mind 0.02
  --out ukb_imp_v3.qc.geno02.mind02_SAS_12
  --pfile ukb_imp_v3.qc.geno02_SAS_12 vzs
  --threads 4

Hostname: node1c26.ecdf.ed.ac.uk
Working directory: /exports/eddie/scratch/aedmond3/ad/work/88/788febb7f83f38905c572cc4e7b729
Start time: Wed Feb 12 16:26:45 2025

Random number seed: 1739377605
385061 MiB RAM detected, ~369300 available; reserving 8589 MiB for main
workspace.
Allocated 6441 MiB successfully, after larger attempt(s) failed.
Using up to 4 compute threads.
7500 samples (3505 females, 3995 males; 7500 founders) loaded from
ukb_imp_v3.qc.geno02_SAS_12.psam.
307183 variants loaded from ukb_imp_v3.qc.geno02_SAS_12.pvar.zst.
Note: No phenotype data present.
Calculating sample missingness rates... done.
10 samples removed due to missing genotype data (--mind).
IDs written to ukb_imp_v3.qc.geno02.mind02_SAS_12.mindrem.id .
7490 samples (3500 females, 3990 males; 7490 founders) remaining after main
filters.
Writing ukb_imp_v3.qc.geno02.mind02_SAS_12.fam ... done.
Writing ukb_imp_v3.qc.geno02.mind02_SAS_12.bim ... done.
Writing ukb_imp_v3.qc.geno02.mind02_SAS_12.bed ... done.

End time: Wed Feb 12 16:26:49 2025
