PLINK v2.0.0-a.6.5LM 64-bit Intel (22 Dec 2024)
Options in effect:
  --make-bed
  --memory 8589
  --mind 0.02
  --out ukb_imp_v3.qc.geno02.mind02_EUR_16
  --pfile ukb_imp_v3.qc.geno02_EUR_16 vzs
  --threads 4

Hostname: node1c05.ecdf.ed.ac.uk
Working directory: /exports/eddie/scratch/aedmond3/ad/work/c5/ddc3c40784b9e80c6d3525387eb36d
Start time: Wed Feb 12 16:29:19 2025

Random number seed: 1739377759
385061 MiB RAM detected, ~365937 available; reserving 8589 MiB for main
workspace.
Allocated 6441 MiB successfully, after larger attempt(s) failed.
Using up to 4 compute threads.
7500 samples (3987 females, 3513 males; 7500 founders) loaded from
ukb_imp_v3.qc.geno02_EUR_16.psam.
275025 variants loaded from ukb_imp_v3.qc.geno02_EUR_16.pvar.zst.
Note: No phenotype data present.
Calculating sample missingness rates... done.
1 sample removed due to missing genotype data (--mind).
ID written to ukb_imp_v3.qc.geno02.mind02_EUR_16.mindrem.id .
7499 samples (3986 females, 3513 males; 7499 founders) remaining after main
filters.
Writing ukb_imp_v3.qc.geno02.mind02_EUR_16.fam ... done.
Writing ukb_imp_v3.qc.geno02.mind02_EUR_16.bim ... done.
Writing ukb_imp_v3.qc.geno02.mind02_EUR_16.bed ... done.

End time: Wed Feb 12 16:29:32 2025
