PLINK v2.0.0-a.6.5LM 64-bit Intel (22 Dec 2024)
Options in effect:
  --make-bed
  --memory 8589
  --mind 0.02
  --out ukb_imp_v3.qc.geno02.mind02_AFR_3
  --pfile ukb_imp_v3.qc.geno02_AFR_3 vzs
  --threads 4

Hostname: node2b04.ecdf.ed.ac.uk
Working directory: /exports/eddie/scratch/aedmond3/ad/work/3c/ac59960f3e65ca84259c581f413521
Start time: Fri Mar  7 15:12:40 2025

Random number seed: 1741360360
1030881 MiB RAM detected, ~990667 available; reserving 8589 MiB for main
workspace.
Allocated 6441 MiB successfully, after larger attempt(s) failed.
Using up to 4 compute threads.
7500 samples (4327 females, 3173 males; 7500 founders) loaded from
ukb_imp_v3.qc.geno02_AFR_3.psam.
299121 variants loaded from ukb_imp_v3.qc.geno02_AFR_3.pvar.zst.
Note: No phenotype data present.
Calculating sample missingness rates... done.
35 samples removed due to missing genotype data (--mind).
IDs written to ukb_imp_v3.qc.geno02.mind02_AFR_3.mindrem.id .
7465 samples (4306 females, 3159 males; 7465 founders) remaining after main
filters.
Writing ukb_imp_v3.qc.geno02.mind02_AFR_3.fam ... done.
Writing ukb_imp_v3.qc.geno02.mind02_AFR_3.bim ... done.
Writing ukb_imp_v3.qc.geno02.mind02_AFR_3.bed ... done.

End time: Fri Mar  7 15:12:44 2025
