PLINK v2.0.0-a.6.5LM 64-bit Intel (22 Dec 2024)
Options in effect:
  --make-bed
  --memory 8589
  --mind 0.02
  --out ukb_imp_v3.qc.geno02.mind02_EUR_14
  --pfile ukb_imp_v3.qc.geno02_EUR_14 vzs
  --threads 4

Hostname: node1b30.ecdf.ed.ac.uk
Working directory: /exports/eddie/scratch/aedmond3/ad/work/ef/0fd942605af94ea3fb35128c33c46f
Start time: Sun Mar 16 09:28:22 2025

Random number seed: 1742117302
385061 MiB RAM detected, ~355409 available; reserving 8589 MiB for main
workspace.
Allocated 6441 MiB successfully, after larger attempt(s) failed.
Using up to 4 compute threads.
7500 samples (3987 females, 3513 males; 7500 founders) loaded from
ukb_imp_v3.qc.geno02_EUR_14.psam.
300428 variants loaded from ukb_imp_v3.qc.geno02_EUR_14.pvar.zst.
Note: No phenotype data present.
Calculating sample missingness rates... done.
1 sample removed due to missing genotype data (--mind).
ID written to ukb_imp_v3.qc.geno02.mind02_EUR_14.mindrem.id .
7499 samples (3986 females, 3513 males; 7499 founders) remaining after main
filters.
Writing ukb_imp_v3.qc.geno02.mind02_EUR_14.fam ... done.
Writing ukb_imp_v3.qc.geno02.mind02_EUR_14.bim ... done.
Writing ukb_imp_v3.qc.geno02.mind02_EUR_14.bed ... done.

End time: Sun Mar 16 09:28:26 2025
