PLINK v2.0.0-a.6.5LM 64-bit Intel (22 Dec 2024)
Options in effect:
  --make-bed
  --memory 8589
  --mind 0.02
  --out ukb_imp_v3.qc.geno02.mind02_AFR_10
  --pfile ukb_imp_v3.qc.geno02_AFR_10 vzs
  --threads 4

Hostname: node1c28.ecdf.ed.ac.uk
Working directory: /exports/eddie/scratch/aedmond3/ad/work/bf/4dc0d634dbd6ee7f2d49738241b8f2
Start time: Sun Mar 16 09:32:22 2025

Random number seed: 1742117542
385061 MiB RAM detected, ~369412 available; reserving 8589 MiB for main
workspace.
Allocated 6441 MiB successfully, after larger attempt(s) failed.
Using up to 4 compute threads.
7500 samples (4327 females, 3173 males; 7500 founders) loaded from
ukb_imp_v3.qc.geno02_AFR_10.psam.
219920 variants loaded from ukb_imp_v3.qc.geno02_AFR_10.pvar.zst.
Note: No phenotype data present.
Calculating sample missingness rates... done.
39 samples removed due to missing genotype data (--mind).
IDs written to ukb_imp_v3.qc.geno02.mind02_AFR_10.mindrem.id .
7461 samples (4303 females, 3158 males; 7461 founders) remaining after main
filters.
Writing ukb_imp_v3.qc.geno02.mind02_AFR_10.fam ... done.
Writing ukb_imp_v3.qc.geno02.mind02_AFR_10.bim ... done.
Writing ukb_imp_v3.qc.geno02.mind02_AFR_10.bed ... done.

End time: Sun Mar 16 09:32:23 2025
