PLINK v2.0.0-a.6.5LM 64-bit Intel (22 Dec 2024)
Options in effect:
  --make-bed
  --memory 8589
  --mind 0.02
  --out ukb_imp_v3.qc.geno02.mind02_AFR_18
  --pfile ukb_imp_v3.qc.geno02_AFR_18 vzs
  --threads 4

Hostname: node1b10.ecdf.ed.ac.uk
Working directory: /exports/eddie/scratch/aedmond3/ad/work/45/eaa52c100cc39b220c9bf2a2be5f24
Start time: Wed Feb 12 16:27:26 2025

Random number seed: 1739377646
385061 MiB RAM detected, ~363187 available; reserving 8589 MiB for main
workspace.
Allocated 6441 MiB successfully, after larger attempt(s) failed.
Using up to 4 compute threads.
7500 samples (4327 females, 3173 males; 7500 founders) loaded from
ukb_imp_v3.qc.geno02_AFR_18.psam.
105406 variants loaded from ukb_imp_v3.qc.geno02_AFR_18.pvar.zst.
Note: No phenotype data present.
Calculating sample missingness rates... done.
31 samples removed due to missing genotype data (--mind).
IDs written to ukb_imp_v3.qc.geno02.mind02_AFR_18.mindrem.id .
7469 samples (4307 females, 3162 males; 7469 founders) remaining after main
filters.
Writing ukb_imp_v3.qc.geno02.mind02_AFR_18.fam ... done.
Writing ukb_imp_v3.qc.geno02.mind02_AFR_18.bim ... done.
Writing ukb_imp_v3.qc.geno02.mind02_AFR_18.bed ... done.

End time: Wed Feb 12 16:27:29 2025
