PLINK v2.0.0-a.6.5LM 64-bit Intel (22 Dec 2024)
Options in effect:
  --make-bed
  --memory 8589
  --mind 0.02
  --out ukb_imp_v3.qc.geno02.mind02_EUR_12
  --pfile ukb_imp_v3.qc.geno02_EUR_12 vzs
  --threads 4

Hostname: node1b29.ecdf.ed.ac.uk
Working directory: /exports/eddie/scratch/aedmond3/ad/work/6e/3efcd668ffc0e34d7abad908a328d3
Start time: Wed Feb 12 16:39:54 2025

Random number seed: 1739378394
385061 MiB RAM detected, ~348853 available; reserving 8589 MiB for main
workspace.
Allocated 6441 MiB successfully, after larger attempt(s) failed.
Using up to 4 compute threads.
7500 samples (3987 females, 3513 males; 7500 founders) loaded from
ukb_imp_v3.qc.geno02_EUR_12.psam.
445161 variants loaded from ukb_imp_v3.qc.geno02_EUR_12.pvar.zst.
Note: No phenotype data present.
Calculating sample missingness rates... done.
1 sample removed due to missing genotype data (--mind).
ID written to ukb_imp_v3.qc.geno02.mind02_EUR_12.mindrem.id .
7499 samples (3986 females, 3513 males; 7499 founders) remaining after main
filters.
Writing ukb_imp_v3.qc.geno02.mind02_EUR_12.fam ... done.
Writing ukb_imp_v3.qc.geno02.mind02_EUR_12.bim ... done.
Writing ukb_imp_v3.qc.geno02.mind02_EUR_12.bed ... done.

End time: Wed Feb 12 16:39:58 2025
