PLINK v2.0.0-a.6.5LM 64-bit Intel (22 Dec 2024)
Options in effect:
  --make-bed
  --memory 8589
  --mind 0.02
  --out ukb_imp_v3.qc.geno02.mind02_AFR_7
  --pfile ukb_imp_v3.qc.geno02_AFR_7 vzs
  --threads 4

Hostname: node1b19.ecdf.ed.ac.uk
Working directory: /exports/eddie/scratch/aedmond3/ad/work/f5/77a1a4b532beb2846e121ec82b447c
Start time: Wed Feb 12 16:36:31 2025

Random number seed: 1739378191
385061 MiB RAM detected, ~367514 available; reserving 8589 MiB for main
workspace.
Allocated 6441 MiB successfully, after larger attempt(s) failed.
Using up to 4 compute threads.
7500 samples (4327 females, 3173 males; 7500 founders) loaded from
ukb_imp_v3.qc.geno02_AFR_7.psam.
242841 variants loaded from ukb_imp_v3.qc.geno02_AFR_7.pvar.zst.
Note: No phenotype data present.
Calculating sample missingness rates... done.
42 samples removed due to missing genotype data (--mind).
IDs written to ukb_imp_v3.qc.geno02.mind02_AFR_7.mindrem.id .
7458 samples (4296 females, 3162 males; 7458 founders) remaining after main
filters.
Writing ukb_imp_v3.qc.geno02.mind02_AFR_7.fam ... done.
Writing ukb_imp_v3.qc.geno02.mind02_AFR_7.bim ... done.
Writing ukb_imp_v3.qc.geno02.mind02_AFR_7.bed ... done.

End time: Wed Feb 12 16:36:39 2025
