PLINK v2.0.0-a.6.5LM 64-bit Intel (22 Dec 2024)
Options in effect:
  --make-bed
  --memory 8589
  --mind 0.02
  --out ukb_imp_v3.qc.geno02.mind02_EUR_5
  --pfile ukb_imp_v3.qc.geno02_EUR_5 vzs
  --threads 4

Hostname: node1g17.ecdf.ed.ac.uk
Working directory: /exports/eddie/scratch/aedmond3/ad/work/56/cb864f9f793206767655a179cd0a35
Start time: Sun Mar 16 09:26:46 2025

Random number seed: 1742117206
257047 MiB RAM detected, ~250287 available; reserving 8589 MiB for main
workspace.
Allocated 6441 MiB successfully, after larger attempt(s) failed.
Using up to 4 compute threads.
7500 samples (3987 females, 3513 males; 7500 founders) loaded from
ukb_imp_v3.qc.geno02_EUR_5.psam.
605146 variants loaded from ukb_imp_v3.qc.geno02_EUR_5.pvar.zst.
Note: No phenotype data present.
Calculating sample missingness rates... done.
0 samples removed due to missing genotype data (--mind).
7500 samples (3987 females, 3513 males; 7500 founders) remaining after main
filters.
Writing ukb_imp_v3.qc.geno02.mind02_EUR_5.fam ... done.
Writing ukb_imp_v3.qc.geno02.mind02_EUR_5.bim ... done.
Writing ukb_imp_v3.qc.geno02.mind02_EUR_5.bed ... done.

End time: Sun Mar 16 09:26:50 2025
