PLINK v2.0.0-a.6.5LM 64-bit Intel (22 Dec 2024)
Options in effect:
  --make-bed
  --memory 8589
  --mind 0.02
  --out ukb_imp_v3.qc.geno02.mind02_AFR_8
  --pfile ukb_imp_v3.qc.geno02_AFR_8 vzs
  --threads 4

Hostname: node1c31.ecdf.ed.ac.uk
Working directory: /exports/eddie/scratch/aedmond3/ad/work/13/a7c4f1f0b8dacf85c6615526b3fadf
Start time: Wed Feb 12 16:37:40 2025

Random number seed: 1739378260
385061 MiB RAM detected, ~367471 available; reserving 8589 MiB for main
workspace.
Allocated 6441 MiB successfully, after larger attempt(s) failed.
Using up to 4 compute threads.
7500 samples (4327 females, 3173 males; 7500 founders) loaded from
ukb_imp_v3.qc.geno02_AFR_8.psam.
218264 variants loaded from ukb_imp_v3.qc.geno02_AFR_8.pvar.zst.
Note: No phenotype data present.
Calculating sample missingness rates... done.
43 samples removed due to missing genotype data (--mind).
IDs written to ukb_imp_v3.qc.geno02.mind02_AFR_8.mindrem.id .
7457 samples (4299 females, 3158 males; 7457 founders) remaining after main
filters.
Writing ukb_imp_v3.qc.geno02.mind02_AFR_8.fam ... done.
Writing ukb_imp_v3.qc.geno02.mind02_AFR_8.bim ... done.
Writing ukb_imp_v3.qc.geno02.mind02_AFR_8.bed ... done.

End time: Wed Feb 12 16:37:42 2025
