PLINK v2.0.0-a.6.5LM 64-bit Intel (22 Dec 2024)
Options in effect:
  --make-bed
  --memory 8589
  --mind 0.02
  --out ukb_imp_v3.qc.geno02.mind02_EUR_15
  --pfile ukb_imp_v3.qc.geno02_EUR_15 vzs
  --threads 4

Hostname: node1b20.ecdf.ed.ac.uk
Working directory: /exports/eddie/scratch/aedmond3/ad/work/93/4d9238c49f30a440003427362ce645
Start time: Wed Feb 12 16:29:00 2025

Random number seed: 1739377740
385061 MiB RAM detected, ~361852 available; reserving 8589 MiB for main
workspace.
Allocated 6441 MiB successfully, after larger attempt(s) failed.
Using up to 4 compute threads.
7500 samples (3987 females, 3513 males; 7500 founders) loaded from
ukb_imp_v3.qc.geno02_EUR_15.psam.
257488 variants loaded from ukb_imp_v3.qc.geno02_EUR_15.pvar.zst.
Note: No phenotype data present.
Calculating sample missingness rates... done.
1 sample removed due to missing genotype data (--mind).
ID written to ukb_imp_v3.qc.geno02.mind02_EUR_15.mindrem.id .
7499 samples (3986 females, 3513 males; 7499 founders) remaining after main
filters.
Writing ukb_imp_v3.qc.geno02.mind02_EUR_15.fam ... done.
Writing ukb_imp_v3.qc.geno02.mind02_EUR_15.bim ... done.
Writing ukb_imp_v3.qc.geno02.mind02_EUR_15.bed ... done.

End time: Wed Feb 12 16:29:04 2025
