PLINK v2.0.0-a.6.5LM 64-bit Intel (22 Dec 2024)
Options in effect:
  --make-bed
  --memory 8589
  --mind 0.02
  --out ukb_imp_v3.qc.geno02.mind02_SAS_5
  --pfile ukb_imp_v3.qc.geno02_SAS_5 vzs
  --threads 4

Hostname: node2b01.ecdf.ed.ac.uk
Working directory: /exports/eddie/scratch/aedmond3/ad/work/69/33f53d9d0cb0786cd1bf6c4a431b14
Start time: Sun Mar 16 09:39:10 2025

Random number seed: 1742117950
1030881 MiB RAM detected, ~1002480 available; reserving 8589 MiB for main
workspace.
Allocated 6441 MiB successfully, after larger attempt(s) failed.
Using up to 4 compute threads.
7500 samples (3505 females, 3995 males; 7500 founders) loaded from
ukb_imp_v3.qc.geno02_SAS_5.psam.
405118 variants loaded from ukb_imp_v3.qc.geno02_SAS_5.pvar.zst.
Note: No phenotype data present.
Calculating sample missingness rates... done.
20 samples removed due to missing genotype data (--mind).
IDs written to ukb_imp_v3.qc.geno02.mind02_SAS_5.mindrem.id .
7480 samples (3492 females, 3988 males; 7480 founders) remaining after main
filters.
Writing ukb_imp_v3.qc.geno02.mind02_SAS_5.fam ... done.
Writing ukb_imp_v3.qc.geno02.mind02_SAS_5.bim ... done.
Writing ukb_imp_v3.qc.geno02.mind02_SAS_5.bed ... done.

End time: Sun Mar 16 09:39:13 2025
