PLINK v2.0.0-a.6.5LM 64-bit Intel (22 Dec 2024)
Options in effect:
  --make-bed
  --memory 8589
  --mind 0.02
  --out ukb_imp_v3.qc.geno02.mind02_EUR_2
  --pfile ukb_imp_v3.qc.geno02_EUR_2 vzs
  --threads 4

Hostname: node1c18.ecdf.ed.ac.uk
Working directory: /exports/eddie/scratch/aedmond3/ad/work/e7/32ffeabc2f6238e06a6d0da9475dfc
Start time: Wed Feb 12 16:44:38 2025

Random number seed: 1739378678
385051 MiB RAM detected, ~369279 available; reserving 8589 MiB for main
workspace.
Allocated 6441 MiB successfully, after larger attempt(s) failed.
Using up to 4 compute threads.
7500 samples (3987 females, 3513 males; 7500 founders) loaded from
ukb_imp_v3.qc.geno02_EUR_2.psam.
781908 variants loaded from ukb_imp_v3.qc.geno02_EUR_2.pvar.zst.
Note: No phenotype data present.
Calculating sample missingness rates... done.
0 samples removed due to missing genotype data (--mind).
7500 samples (3987 females, 3513 males; 7500 founders) remaining after main
filters.
Writing ukb_imp_v3.qc.geno02.mind02_EUR_2.fam ... done.
Writing ukb_imp_v3.qc.geno02.mind02_EUR_2.bim ... done.
Writing ukb_imp_v3.qc.geno02.mind02_EUR_2.bed ... done.

End time: Wed Feb 12 16:44:41 2025
