PLINK v2.0.0-a.6.5LM 64-bit Intel (22 Dec 2024)
Options in effect:
  --make-bed
  --memory 8589
  --mind 0.02
  --out ukb_imp_v3.qc.geno02.mind02_AFR_12
  --pfile ukb_imp_v3.qc.geno02_AFR_12 vzs
  --threads 4

Hostname: node2b01.ecdf.ed.ac.uk
Working directory: /exports/eddie/scratch/aedmond3/ad/work/f3/66ecd33445895e711868fa60c417e3
Start time: Sun Mar 16 09:37:39 2025

Random number seed: 1742117859
1030881 MiB RAM detected, ~983897 available; reserving 8589 MiB for main
workspace.
Allocated 6441 MiB successfully, after larger attempt(s) failed.
Using up to 4 compute threads.
7500 samples (4327 females, 3173 males; 7500 founders) loaded from
ukb_imp_v3.qc.geno02_AFR_12.psam.
212638 variants loaded from ukb_imp_v3.qc.geno02_AFR_12.pvar.zst.
Note: No phenotype data present.
Calculating sample missingness rates... done.
45 samples removed due to missing genotype data (--mind).
IDs written to ukb_imp_v3.qc.geno02.mind02_AFR_12.mindrem.id .
7455 samples (4296 females, 3159 males; 7455 founders) remaining after main
filters.
Writing ukb_imp_v3.qc.geno02.mind02_AFR_12.fam ... done.
Writing ukb_imp_v3.qc.geno02.mind02_AFR_12.bim ... done.
Writing ukb_imp_v3.qc.geno02.mind02_AFR_12.bed ... done.

End time: Sun Mar 16 09:37:41 2025
