PLINK v2.0.0-a.6.5LM 64-bit Intel (22 Dec 2024)
Options in effect:
  --make-bed
  --memory 8589
  --mind 0.02
  --out ukb_imp_v3.qc.geno02.mind02_SAS_18
  --pfile ukb_imp_v3.qc.geno02_SAS_18 vzs
  --threads 4

Hostname: node1b26.ecdf.ed.ac.uk
Working directory: /exports/eddie/scratch/aedmond3/ad/work/72/221af4643c82f243de39a985ebb6d0
Start time: Wed Feb 12 16:30:26 2025

Random number seed: 1739377826
385061 MiB RAM detected, ~369067 available; reserving 8589 MiB for main
workspace.
Allocated 6441 MiB successfully, after larger attempt(s) failed.
Using up to 4 compute threads.
7500 samples (3505 females, 3995 males; 7500 founders) loaded from
ukb_imp_v3.qc.geno02_SAS_18.psam.
171416 variants loaded from ukb_imp_v3.qc.geno02_SAS_18.pvar.zst.
Note: No phenotype data present.
Calculating sample missingness rates... done.
31 samples removed due to missing genotype data (--mind).
IDs written to ukb_imp_v3.qc.geno02.mind02_SAS_18.mindrem.id .
7469 samples (3490 females, 3979 males; 7469 founders) remaining after main
filters.
Writing ukb_imp_v3.qc.geno02.mind02_SAS_18.fam ... done.
Writing ukb_imp_v3.qc.geno02.mind02_SAS_18.bim ... done.
Writing ukb_imp_v3.qc.geno02.mind02_SAS_18.bed ... done.

End time: Wed Feb 12 16:30:35 2025
