PLINK v2.0.0-a.6.5LM 64-bit Intel (22 Dec 2024)
Options in effect:
  --make-bed
  --memory 8589
  --mind 0.02
  --out ukb_imp_v3.qc.geno02.mind02_SAS_6
  --pfile ukb_imp_v3.qc.geno02_SAS_6 vzs
  --threads 4

Hostname: node1b15.ecdf.ed.ac.uk
Working directory: /exports/eddie/scratch/aedmond3/ad/work/fb/f7478e8249698e82187398a953b914
Start time: Wed Feb 12 16:41:12 2025

Random number seed: 1739378472
385061 MiB RAM detected, ~363357 available; reserving 8589 MiB for main
workspace.
Allocated 6441 MiB successfully, after larger attempt(s) failed.
Using up to 4 compute threads.
7500 samples (3505 females, 3995 males; 7500 founders) loaded from
ukb_imp_v3.qc.geno02_SAS_6.psam.
454983 variants loaded from ukb_imp_v3.qc.geno02_SAS_6.pvar.zst.
Note: No phenotype data present.
Calculating sample missingness rates... done.
5 samples removed due to missing genotype data (--mind).
IDs written to ukb_imp_v3.qc.geno02.mind02_SAS_6.mindrem.id .
7495 samples (3504 females, 3991 males; 7495 founders) remaining after main
filters.
Writing ukb_imp_v3.qc.geno02.mind02_SAS_6.fam ... done.
Writing ukb_imp_v3.qc.geno02.mind02_SAS_6.bim ... done.
Writing ukb_imp_v3.qc.geno02.mind02_SAS_6.bed ... done.

End time: Wed Feb 12 16:41:15 2025
