PLINK v2.0.0-a.6.5LM 64-bit Intel (22 Dec 2024)
Options in effect:
  --make-bed
  --memory 8589
  --mind 0.02
  --out ukb_imp_v3.qc.geno02.mind02_AFR_16
  --pfile ukb_imp_v3.qc.geno02_AFR_16 vzs
  --threads 4

Hostname: node1b31.ecdf.ed.ac.uk
Working directory: /exports/eddie/scratch/aedmond3/ad/work/a2/fd853a606cc6ce124f15a200a0c5c9
Start time: Sun Mar 16 09:28:51 2025

Random number seed: 1742117331
385061 MiB RAM detected, ~317412 available; reserving 8589 MiB for main
workspace.
Allocated 6441 MiB successfully, after larger attempt(s) failed.
Using up to 4 compute threads.
7500 samples (4327 females, 3173 males; 7500 founders) loaded from
ukb_imp_v3.qc.geno02_AFR_16.psam.
113613 variants loaded from ukb_imp_v3.qc.geno02_AFR_16.pvar.zst.
Note: No phenotype data present.
Calculating sample missingness rates... done.
49 samples removed due to missing genotype data (--mind).
IDs written to ukb_imp_v3.qc.geno02.mind02_AFR_16.mindrem.id .
7451 samples (4296 females, 3155 males; 7451 founders) remaining after main
filters.
Writing ukb_imp_v3.qc.geno02.mind02_AFR_16.fam ... done.
Writing ukb_imp_v3.qc.geno02.mind02_AFR_16.bim ... done.
Writing ukb_imp_v3.qc.geno02.mind02_AFR_16.bed ... done.

End time: Sun Mar 16 09:28:52 2025
