PLINK v2.0.0-a.6.5LM 64-bit Intel (22 Dec 2024)
Options in effect:
  --make-bed
  --memory 8589
  --mind 0.02
  --out ukb_imp_v3.qc.geno02.mind02_SAS_15
  --pfile ukb_imp_v3.qc.geno02_SAS_15 vzs
  --threads 4

Hostname: node1b26.ecdf.ed.ac.uk
Working directory: /exports/eddie/scratch/aedmond3/ad/work/14/6ba4f0489768bee391c8bd3c4e55f1
Start time: Wed Feb 12 16:29:25 2025

Random number seed: 1739377765
385061 MiB RAM detected, ~363301 available; reserving 8589 MiB for main
workspace.
Allocated 6441 MiB successfully, after larger attempt(s) failed.
Using up to 4 compute threads.
7500 samples (3505 females, 3995 males; 7500 founders) loaded from
ukb_imp_v3.qc.geno02_SAS_15.psam.
168206 variants loaded from ukb_imp_v3.qc.geno02_SAS_15.pvar.zst.
Note: No phenotype data present.
Calculating sample missingness rates... done.
20 samples removed due to missing genotype data (--mind).
IDs written to ukb_imp_v3.qc.geno02.mind02_SAS_15.mindrem.id .
7480 samples (3493 females, 3987 males; 7480 founders) remaining after main
filters.
Writing ukb_imp_v3.qc.geno02.mind02_SAS_15.fam ... done.
Writing ukb_imp_v3.qc.geno02.mind02_SAS_15.bim ... done.
Writing ukb_imp_v3.qc.geno02.mind02_SAS_15.bed ... done.

End time: Wed Feb 12 16:29:30 2025
