PLINK v2.0.0-a.6.5LM 64-bit Intel (22 Dec 2024)
Options in effect:
  --make-bed
  --memory 8589
  --mind 0.02
  --out ukb_imp_v3.qc.geno02.mind02_EUR_18
  --pfile ukb_imp_v3.qc.geno02_EUR_18 vzs
  --threads 4

Hostname: node1c16.ecdf.ed.ac.uk
Working directory: /exports/eddie/scratch/aedmond3/ad/work/52/af86e5439f79d5dca7c9610b398c0d
Start time: Wed Feb 12 16:32:00 2025

Random number seed: 1739377920
385061 MiB RAM detected, ~357262 available; reserving 8589 MiB for main
workspace.
Allocated 6441 MiB successfully, after larger attempt(s) failed.
Using up to 4 compute threads.
7500 samples (3987 females, 3513 males; 7500 founders) loaded from
ukb_imp_v3.qc.geno02_EUR_18.psam.
260925 variants loaded from ukb_imp_v3.qc.geno02_EUR_18.pvar.zst.
Note: No phenotype data present.
Calculating sample missingness rates... done.
0 samples removed due to missing genotype data (--mind).
7500 samples (3987 females, 3513 males; 7500 founders) remaining after main
filters.
Writing ukb_imp_v3.qc.geno02.mind02_EUR_18.fam ... done.
Writing ukb_imp_v3.qc.geno02.mind02_EUR_18.bim ... done.
Writing ukb_imp_v3.qc.geno02.mind02_EUR_18.bed ... done.

End time: Wed Feb 12 16:32:08 2025
