PLINK v2.0.0-a.6.5LM 64-bit Intel (22 Dec 2024)
Options in effect:
  --make-bed
  --memory 8589
  --mind 0.02
  --out ukb_imp_v3.qc.geno02.mind02_SAS_20
  --pfile ukb_imp_v3.qc.geno02_SAS_20 vzs
  --threads 4

Hostname: node1g13.ecdf.ed.ac.uk
Working directory: /exports/eddie/scratch/aedmond3/ad/work/6d/86b60540ed92deb88d7b1814f297f6
Start time: Sun Mar 16 09:22:54 2025

Random number seed: 1742116974
257047 MiB RAM detected, ~246099 available; reserving 8589 MiB for main
workspace.
Allocated 6441 MiB successfully, after larger attempt(s) failed.
Using up to 4 compute threads.
7500 samples (3505 females, 3995 males; 7500 founders) loaded from
ukb_imp_v3.qc.geno02_SAS_20.psam.
132016 variants loaded from ukb_imp_v3.qc.geno02_SAS_20.pvar.zst.
Note: No phenotype data present.
Calculating sample missingness rates... done.
31 samples removed due to missing genotype data (--mind).
IDs written to ukb_imp_v3.qc.geno02.mind02_SAS_20.mindrem.id .
7469 samples (3490 females, 3979 males; 7469 founders) remaining after main
filters.
Writing ukb_imp_v3.qc.geno02.mind02_SAS_20.fam ... done.
Writing ukb_imp_v3.qc.geno02.mind02_SAS_20.bim ... done.
Writing ukb_imp_v3.qc.geno02.mind02_SAS_20.bed ... done.

End time: Sun Mar 16 09:22:56 2025
