PLINK v2.0.0-a.6.5LM 64-bit Intel (22 Dec 2024)
Options in effect:
  --make-bed
  --memory 8589
  --mind 0.02
  --out ukb_imp_v3.qc.geno02.mind02_EUR_3
  --pfile ukb_imp_v3.qc.geno02_EUR_3 vzs
  --threads 4

Hostname: node1c18.ecdf.ed.ac.uk
Working directory: /exports/eddie/scratch/aedmond3/ad/work/d4/40ab4e5ddd74f9a23562c4c8ee0f9b
Start time: Wed Feb 12 16:43:43 2025

Random number seed: 1739378623
385051 MiB RAM detected, ~358043 available; reserving 8589 MiB for main
workspace.
Allocated 6441 MiB successfully, after larger attempt(s) failed.
Using up to 4 compute threads.
7500 samples (3987 females, 3513 males; 7500 founders) loaded from
ukb_imp_v3.qc.geno02_EUR_3.psam.
660040 variants loaded from ukb_imp_v3.qc.geno02_EUR_3.pvar.zst.
Note: No phenotype data present.
Calculating sample missingness rates... done.
0 samples removed due to missing genotype data (--mind).
7500 samples (3987 females, 3513 males; 7500 founders) remaining after main
filters.
Writing ukb_imp_v3.qc.geno02.mind02_EUR_3.fam ... done.
Writing ukb_imp_v3.qc.geno02.mind02_EUR_3.bim ... done.
Writing ukb_imp_v3.qc.geno02.mind02_EUR_3.bed ... done.

End time: Wed Feb 12 16:43:48 2025
