PLINK v2.0.0-a.6.5LM 64-bit Intel (22 Dec 2024)
Options in effect:
  --make-bed
  --memory 8589
  --mind 0.02
  --out ukb_imp_v3.qc.geno02.mind02_AFR_5
  --pfile ukb_imp_v3.qc.geno02_AFR_5 vzs
  --threads 4

Hostname: node2b08.ecdf.ed.ac.uk
Working directory: /exports/eddie/scratch/aedmond3/ad/work/7e/b701b0c580055da3c0dae69c19177f
Start time: Fri Mar  7 15:11:37 2025

Random number seed: 1741360297
1030881 MiB RAM detected, ~987163 available; reserving 8589 MiB for main
workspace.
Allocated 6441 MiB successfully, after larger attempt(s) failed.
Using up to 4 compute threads.
7500 samples (4327 females, 3173 males; 7500 founders) loaded from
ukb_imp_v3.qc.geno02_AFR_5.psam.
256733 variants loaded from ukb_imp_v3.qc.geno02_AFR_5.pvar.zst.
Note: No phenotype data present.
Calculating sample missingness rates... done.
47 samples removed due to missing genotype data (--mind).
IDs written to ukb_imp_v3.qc.geno02.mind02_AFR_5.mindrem.id .
7453 samples (4294 females, 3159 males; 7453 founders) remaining after main
filters.
Writing ukb_imp_v3.qc.geno02.mind02_AFR_5.fam ... done.
Writing ukb_imp_v3.qc.geno02.mind02_AFR_5.bim ... done.
Writing ukb_imp_v3.qc.geno02.mind02_AFR_5.bed ... done.

End time: Fri Mar  7 15:11:39 2025
