PLINK v2.0.0-a.6.5LM 64-bit Intel (22 Dec 2024)
Options in effect:
  --make-bed
  --memory 8589
  --mind 0.02
  --out ukb_imp_v3.qc.geno02.mind02_EUR_9
  --pfile ukb_imp_v3.qc.geno02_EUR_9 vzs
  --threads 4

Hostname: node2b07.ecdf.ed.ac.uk
Working directory: /exports/eddie/scratch/aedmond3/ad/work/93/fcff105d8237e8a9adb22482142563
Start time: Fri Mar  7 15:08:11 2025

Random number seed: 1741360091
1030881 MiB RAM detected, ~984209 available; reserving 8589 MiB for main
workspace.
Allocated 6441 MiB successfully, after larger attempt(s) failed.
Using up to 4 compute threads.
7500 samples (3987 females, 3513 males; 7500 founders) loaded from
ukb_imp_v3.qc.geno02_EUR_9.psam.
393969 variants loaded from ukb_imp_v3.qc.geno02_EUR_9.pvar.zst.
Note: No phenotype data present.
Calculating sample missingness rates... done.
1 sample removed due to missing genotype data (--mind).
ID written to ukb_imp_v3.qc.geno02.mind02_EUR_9.mindrem.id .
7499 samples (3987 females, 3512 males; 7499 founders) remaining after main
filters.
Writing ukb_imp_v3.qc.geno02.mind02_EUR_9.fam ... done.
Writing ukb_imp_v3.qc.geno02.mind02_EUR_9.bim ... done.
Writing ukb_imp_v3.qc.geno02.mind02_EUR_9.bed ... done.

End time: Fri Mar  7 15:08:12 2025
