PLINK v2.0.0-a.6.5LM 64-bit Intel (22 Dec 2024)
Options in effect:
  --make-bed
  --memory 8589
  --mind 0.02
  --out ukb_imp_v3.qc.geno02.mind02_SAS_1
  --pfile ukb_imp_v3.qc.geno02_SAS_1 vzs
  --threads 4

Hostname: node2b03.ecdf.ed.ac.uk
Working directory: /exports/eddie/scratch/aedmond3/ad/work/8d/2a29c6500bcc8e7aee55dc42e0d9ad
Start time: Fri Mar  7 15:13:13 2025

Random number seed: 1741360393
1030881 MiB RAM detected, ~998097 available; reserving 8589 MiB for main
workspace.
Allocated 6441 MiB successfully, after larger attempt(s) failed.
Using up to 4 compute threads.
7500 samples (3505 females, 3995 males; 7500 founders) loaded from
ukb_imp_v3.qc.geno02_SAS_1.psam.
487361 variants loaded from ukb_imp_v3.qc.geno02_SAS_1.pvar.zst.
Note: No phenotype data present.
Calculating sample missingness rates... done.
10 samples removed due to missing genotype data (--mind).
IDs written to ukb_imp_v3.qc.geno02.mind02_SAS_1.mindrem.id .
7490 samples (3498 females, 3992 males; 7490 founders) remaining after main
filters.
Writing ukb_imp_v3.qc.geno02.mind02_SAS_1.fam ... done.
Writing ukb_imp_v3.qc.geno02.mind02_SAS_1.bim ... done.
Writing ukb_imp_v3.qc.geno02.mind02_SAS_1.bed ... done.

End time: Fri Mar  7 15:13:17 2025
