PLINK v2.0.0-a.6.5LM 64-bit Intel (22 Dec 2024)
Options in effect:
  --make-bed
  --memory 8589
  --mind 0.02
  --out ukb_imp_v3.qc.geno02.mind02_SAS_16
  --pfile ukb_imp_v3.qc.geno02_SAS_16 vzs
  --threads 4

Hostname: node1c08.ecdf.ed.ac.uk
Working directory: /exports/eddie/scratch/aedmond3/ad/work/07/075a83eefb4058e109a9654025caad
Start time: Sun Mar 16 09:28:23 2025

Random number seed: 1742117303
385061 MiB RAM detected, ~370439 available; reserving 8589 MiB for main
workspace.
Allocated 6441 MiB successfully, after larger attempt(s) failed.
Using up to 4 compute threads.
7500 samples (3505 females, 3995 males; 7500 founders) loaded from
ukb_imp_v3.qc.geno02_SAS_16.psam.
171817 variants loaded from ukb_imp_v3.qc.geno02_SAS_16.pvar.zst.
Note: No phenotype data present.
Calculating sample missingness rates... done.
27 samples removed due to missing genotype data (--mind).
IDs written to ukb_imp_v3.qc.geno02.mind02_SAS_16.mindrem.id .
7473 samples (3488 females, 3985 males; 7473 founders) remaining after main
filters.
Writing ukb_imp_v3.qc.geno02.mind02_SAS_16.fam ... done.
Writing ukb_imp_v3.qc.geno02.mind02_SAS_16.bim ... done.
Writing ukb_imp_v3.qc.geno02.mind02_SAS_16.bed ... done.

End time: Sun Mar 16 09:28:25 2025
