PLINK v2.0.0-a.6.5LM 64-bit Intel (22 Dec 2024)
Options in effect:
  --make-bed
  --memory 8589
  --mind 0.02
  --out ukb_imp_v3.qc.geno02.mind02_EUR_7
  --pfile ukb_imp_v3.qc.geno02_EUR_7 vzs
  --threads 4

Hostname: node2b01.ecdf.ed.ac.uk
Working directory: /exports/eddie/scratch/aedmond3/ad/work/07/66ea0f29053988ef8780370c501ece
Start time: Sun Mar 16 09:38:53 2025

Random number seed: 1742117933
1030881 MiB RAM detected, ~996171 available; reserving 8589 MiB for main
workspace.
Allocated 6441 MiB successfully, after larger attempt(s) failed.
Using up to 4 compute threads.
7500 samples (3987 females, 3513 males; 7500 founders) loaded from
ukb_imp_v3.qc.geno02_EUR_7.psam.
541090 variants loaded from ukb_imp_v3.qc.geno02_EUR_7.pvar.zst.
Note: No phenotype data present.
Calculating sample missingness rates... done.
0 samples removed due to missing genotype data (--mind).
7500 samples (3987 females, 3513 males; 7500 founders) remaining after main
filters.
Writing ukb_imp_v3.qc.geno02.mind02_EUR_7.fam ... done.
Writing ukb_imp_v3.qc.geno02.mind02_EUR_7.bim ... done.
Writing ukb_imp_v3.qc.geno02.mind02_EUR_7.bed ... done.

End time: Sun Mar 16 09:38:58 2025
