PLINK v2.0.0-a.6.5LM 64-bit Intel (22 Dec 2024)
Options in effect:
  --make-bed
  --memory 8589
  --mind 0.02
  --out ukb_imp_v3.qc.geno02.mind02_SAS_9
  --pfile ukb_imp_v3.qc.geno02_SAS_9 vzs
  --threads 4

Hostname: node1b13.ecdf.ed.ac.uk
Working directory: /exports/eddie/scratch/aedmond3/ad/work/4b/601578e128d29feab27536acf753dd
Start time: Sun Mar 16 09:28:28 2025

Random number seed: 1742117308
385061 MiB RAM detected, ~376245 available; reserving 8589 MiB for main
workspace.
Allocated 6441 MiB successfully, after larger attempt(s) failed.
Using up to 4 compute threads.
7500 samples (3505 females, 3995 males; 7500 founders) loaded from
ukb_imp_v3.qc.geno02_SAS_9.psam.
254450 variants loaded from ukb_imp_v3.qc.geno02_SAS_9.pvar.zst.
Note: No phenotype data present.
Calculating sample missingness rates... done.
20 samples removed due to missing genotype data (--mind).
IDs written to ukb_imp_v3.qc.geno02.mind02_SAS_9.mindrem.id .
7480 samples (3495 females, 3985 males; 7480 founders) remaining after main
filters.
Writing ukb_imp_v3.qc.geno02.mind02_SAS_9.fam ... done.
Writing ukb_imp_v3.qc.geno02.mind02_SAS_9.bim ... done.
Writing ukb_imp_v3.qc.geno02.mind02_SAS_9.bed ... done.

End time: Sun Mar 16 09:28:29 2025
