
Software parameters:
--sst_file = test/fixed-N06A-EUR.human_g1k_v37.neff08_noZero.txt,test/fixed-N06A-AFR.human_g1k_v37.neff08_noZero.txt,test/fixed-N06A-SAS.human_g1k_v37.neff08_noZero.txt
--ld_file = fineMapping/ld/EUR_17,fineMapping/ld/AFR_17,fineMapping/ld/SAS_17
--n_gwas = 667771,39866,5814
--out_dir = ./fineMapping/results
--out_name = SuSiEx.EUR.AFR.SAS.output.cs95_17:65948795:66148795
--chr = 17
--bp = 65948795,66148795
--chr_col = 9,9,9
--snp_col = 1,1,1
--bp_col = 10,10,10
--a1_col = 2,2,2
--a2_col = 3,3,3
--eff_col = 5,5,5
--se_col = 6,6,6
--pval_col = 7,7,7
--plink = ../SuSiEx/utilities/plink
--keep-ambig = true
--mult-step = true
--precmp = true
--maf = 0.005
--level = 0.95
--min_purity = 0.5
--pval_thresh = 1e-05
--tol = 0.0001
--n_sig = 5
--max_iter = 100
--threads = 1
... parse reference file: fineMapping/ld/EUR_17_ref.bim ...
... 421 SNPs in the fine-mapping region read from fineMapping/ld/EUR_17_ref.bim ...
... 672 SNPs in the fine-mapping region read from test/fixed-N06A-EUR.human_g1k_v37.neff08_noZero.txt ...
... parse reference file: fineMapping/ld/AFR_17_ref.bim ...
... 417 SNPs in the fine-mapping region read from fineMapping/ld/AFR_17_ref.bim ...
... 1523 SNPs in the fine-mapping region read from test/fixed-N06A-AFR.human_g1k_v37.neff08_noZero.txt ...
... parse reference file: fineMapping/ld/SAS_17_ref.bim ...
... 287 SNPs in the fine-mapping region read from fineMapping/ld/SAS_17_ref.bim ...
... 571 SNPs in the fine-mapping region read from test/fixed-N06A-SAS.human_g1k_v37.neff08_noZero.txt ...
... 89 common SNPs in the reference and sumstats ...
... parse LD file: fineMapping/ld/EUR_17.ld.bin ...
... (421,421) LD matrix read from fineMapping/ld/EUR_17.ld.bin ...
... parse LD file: fineMapping/ld/AFR_17.ld.bin ...
... (417,417) LD matrix read from fineMapping/ld/AFR_17.ld.bin ...
... parse LD file: fineMapping/ld/SAS_17.ld.bin ...
... (287,287) LD matrix read from fineMapping/ld/SAS_17.ld.bin ...
* Mult-step model fitting *
... fit SuSiEx model with 5 signals...
--- iter-1 ---
--- iter-2 ---
--- iter-3 ---
--- iter-4 ---
--- iter-5 ---
--- iter-6 ---
--- iter-7 ---
--- iter-8 ---
--- iter-9 ---
... write credible sets to file: ./fineMapping/results/SuSiEx.EUR.AFR.SAS.output.cs95_17:65948795:66148795.summary/.cs/.snp ...
