
Software parameters:
--sst_file = test/fixed-N06A-EUR.human_g1k_v37.neff08_noZero.txt,test/fixed-N06A-AFR.human_g1k_v37.neff08_noZero.txt,test/fixed-N06A-SAS.human_g1k_v37.neff08_noZero.txt
--ld_file = fineMapping/EUR,fineMapping/AFR,fineMapping/SAS
--n_gwas = 667771,39866,5814
--out_dir = ./fineMapping
--out_name = SuSiEx.EUR.AFR.SAS.output.cs95_1:7314654:8314677
--chr = 1
--bp = 7314654,8314677
--chr_col = 9,9,9
--snp_col = 1,1,1
--bp_col = 10,10,10
--a1_col = 2,2,2
--a2_col = 3,3,3
--eff_col = 5,5,5
--se_col = 6,6,6
--pval_col = 7,7,7
--plink = ../SuSiEx/utilities/plink
--keep-ambig = true
--mult-step = true
--precmp = true
--maf = 0.005
--level = 0.95
--min_purity = 0.5
--pval_thresh = 1e-05
--tol = 0.0001
--n_sig = 5
--max_iter = 100
--threads = 1
... parse reference file: fineMapping/EUR_ref.bim ...
... 2953 SNPs in the fine-mapping region read from fineMapping/EUR_ref.bim ...
... 3835 SNPs in the fine-mapping region read from test/fixed-N06A-EUR.human_g1k_v37.neff08_noZero.txt ...
... parse reference file: fineMapping/AFR_ref.bim ...
... 847 SNPs in the fine-mapping region read from fineMapping/AFR_ref.bim ...
... 7453 SNPs in the fine-mapping region read from test/fixed-N06A-AFR.human_g1k_v37.neff08_noZero.txt ...
... parse reference file: fineMapping/SAS_ref.bim ...
... 1438 SNPs in the fine-mapping region read from fineMapping/SAS_ref.bim ...
... 3623 SNPs in the fine-mapping region read from test/fixed-N06A-SAS.human_g1k_v37.neff08_noZero.txt ...
... 2879 common SNPs in the reference and sumstats ...
... parse LD file: fineMapping/EUR.ld.bin ...
... (2953,2953) LD matrix read from fineMapping/EUR.ld.bin ...
... parse LD file: fineMapping/AFR.ld.bin ...
... (847,847) LD matrix read from fineMapping/AFR.ld.bin ...
... parse LD file: fineMapping/SAS.ld.bin ...
... (1438,1438) LD matrix read from fineMapping/SAS.ld.bin ...
* Mult-step model fitting *
... fit SuSiEx model with 5 signals...
--- iter-1 ---
--- iter-2 ---
--- iter-3 ---
--- iter-4 ---
--- iter-5 ---
... write credible sets to file: ./fineMapping/SuSiEx.EUR.AFR.SAS.output.cs95_1:7314654:8314677.summary/.cs/.snp ...
