
Software parameters:
--sst_file = test/fixed-N06A-EUR.human_g1k_v37.neff08_noZero.txt,test/fixed-N06A-AFR.human_g1k_v37.neff08_noZero.txt,test/fixed-N06A-SAS.human_g1k_v37.neff08_noZero.txt
--ld_file = fineMapping/ld/EUR_3,fineMapping/ld/AFR_3,fineMapping/ld/SAS_3
--n_gwas = 667771,39866,5814
--out_dir = ./fineMapping/results
--out_name = SuSiEx.EUR.AFR.SAS.output.cs95_3:16762555:16962555
--chr = 3
--bp = 16762555,16962555
--chr_col = 9,9,9
--snp_col = 1,1,1
--bp_col = 10,10,10
--a1_col = 2,2,2
--a2_col = 3,3,3
--eff_col = 5,5,5
--se_col = 6,6,6
--pval_col = 7,7,7
--plink = ../SuSiEx/utilities/plink
--keep-ambig = true
--mult-step = true
--precmp = true
--maf = 0.005
--level = 0.95
--min_purity = 0.5
--pval_thresh = 1e-05
--tol = 0.0001
--n_sig = 5
--max_iter = 100
--threads = 1
... parse reference file: fineMapping/ld/EUR_3_ref.bim ...
... 822 SNPs in the fine-mapping region read from fineMapping/ld/EUR_3_ref.bim ...
... 934 SNPs in the fine-mapping region read from test/fixed-N06A-EUR.human_g1k_v37.neff08_noZero.txt ...
... parse reference file: fineMapping/ld/AFR_3_ref.bim ...
... 210 SNPs in the fine-mapping region read from fineMapping/ld/AFR_3_ref.bim ...
... 1329 SNPs in the fine-mapping region read from test/fixed-N06A-AFR.human_g1k_v37.neff08_noZero.txt ...
... parse reference file: fineMapping/ld/SAS_3_ref.bim ...
... 526 SNPs in the fine-mapping region read from fineMapping/ld/SAS_3_ref.bim ...
... 867 SNPs in the fine-mapping region read from test/fixed-N06A-SAS.human_g1k_v37.neff08_noZero.txt ...
... 734 common SNPs in the reference and sumstats ...
... parse LD file: fineMapping/ld/EUR_3.ld.bin ...
... (822,822) LD matrix read from fineMapping/ld/EUR_3.ld.bin ...
... parse LD file: fineMapping/ld/AFR_3.ld.bin ...
... (210,210) LD matrix read from fineMapping/ld/AFR_3.ld.bin ...
... parse LD file: fineMapping/ld/SAS_3.ld.bin ...
... (526,526) LD matrix read from fineMapping/ld/SAS_3.ld.bin ...
* Mult-step model fitting *
... fit SuSiEx model with 5 signals...
--- iter-1 ---
--- iter-2 ---
--- iter-3 ---
--- iter-4 ---
--- iter-5 ---
--- iter-6 ---
--- iter-7 ---
... write credible sets to file: ./fineMapping/results/SuSiEx.EUR.AFR.SAS.output.cs95_3:16762555:16962555.summary/.cs/.snp ...
