
Software parameters:
--sst_file = test/fixed-N06A-EUR.human_g1k_v37.neff08_noZero.txt,test/fixed-N06A-AFR.human_g1k_v37.neff08_noZero.txt,test/fixed-N06A-SAS.human_g1k_v37.neff08_noZero.txt
--ld_file = fineMapping/EUR_1,fineMapping/AFR_1,fineMapping/SAS_1
--n_gwas = 667771,39866,5814
--out_dir = ./fineMapping/results
--out_name = SuSiEx.EUR.AFR.SAS.output.cs95_1:190528084:190728084
--chr = 1
--bp = 190528084,190728084
--chr_col = 9,9,9
--snp_col = 1,1,1
--bp_col = 10,10,10
--a1_col = 2,2,2
--a2_col = 3,3,3
--eff_col = 5,5,5
--se_col = 6,6,6
--pval_col = 7,7,7
--plink = ../SuSiEx/utilities/plink
--keep-ambig = true
--mult-step = true
--precmp = true
--maf = 0.005
--level = 0.95
--min_purity = 0.5
--pval_thresh = 1e-05
--tol = 0.0001
--n_sig = 5
--max_iter = 100
--threads = 1
... parse reference file: fineMapping/EUR_1_ref.bim ...
... 682 SNPs in the fine-mapping region read from fineMapping/EUR_1_ref.bim ...
... 752 SNPs in the fine-mapping region read from test/fixed-N06A-EUR.human_g1k_v37.neff08_noZero.txt ...
... parse reference file: fineMapping/AFR_1_ref.bim ...
... 312 SNPs in the fine-mapping region read from fineMapping/AFR_1_ref.bim ...
... 1370 SNPs in the fine-mapping region read from test/fixed-N06A-AFR.human_g1k_v37.neff08_noZero.txt ...
... parse reference file: fineMapping/SAS_1_ref.bim ...
... 468 SNPs in the fine-mapping region read from fineMapping/SAS_1_ref.bim ...
... 797 SNPs in the fine-mapping region read from test/fixed-N06A-SAS.human_g1k_v37.neff08_noZero.txt ...
... 708 common SNPs in the reference and sumstats ...
... parse LD file: fineMapping/EUR_1.ld.bin ...
... (682,682) LD matrix read from fineMapping/EUR_1.ld.bin ...
... parse LD file: fineMapping/AFR_1.ld.bin ...
... (312,312) LD matrix read from fineMapping/AFR_1.ld.bin ...
... parse LD file: fineMapping/SAS_1.ld.bin ...
... (468,468) LD matrix read from fineMapping/SAS_1.ld.bin ...
* Mult-step model fitting *
... fit SuSiEx model with 5 signals...
--- iter-1 ---
--- iter-2 ---
--- iter-3 ---
--- iter-4 ---
... write credible sets to file: ./fineMapping/results/SuSiEx.EUR.AFR.SAS.output.cs95_1:190528084:190728084.summary/.cs/.snp ...
