PLINK v2.00a3LM AVX2 Intel (6 Mar 2021)
Options in effect:
  --geno 0.02
  --keep-col-match reference/ukb-ld-ref_ancestry.id SAS
  --make-bed
  --mind 0.02
  --out reference/ukb_imp_v3.qc_SAS
  --pfile /exports/igmm/eddie/GenScotDepression/data/ukb/genetics/impv3_pgen/ukb_imp_v3.qc
  --threads 4

Hostname: node3d08.ecdf.ed.ac.uk
Working directory: /exports/eddie/scratch/aedmond3/GitRepos/antidep-gwas
Start time: Wed Dec 11 18:53:57 2024

Random number seed: 1733943237
514087 MiB RAM detected; reserving 257043 MiB for main workspace.
Allocated 108439 MiB successfully, after larger attempt(s) failed.
Using up to 4 compute threads.
487409 samples (264362 females, 223033 males, 14 ambiguous; 487409 founders)
loaded from
/exports/igmm/eddie/GenScotDepression/data/ukb/genetics/impv3_pgen/ukb_imp_v3.qc.psam.
19435808 variants loaded from
/exports/igmm/eddie/GenScotDepression/data/ukb/genetics/impv3_pgen/ukb_imp_v3.qc.pvar.
Note: No phenotype data present.
--keep-col-match: 7500 samples remaining.
Calculating sample missingness rates... done.
6952 samples removed due to missing genotype data (--mind).
IDs written to reference/ukb_imp_v3.qc_SAS.mindrem.id .
548 samples (291 females, 257 males; 548 founders) remaining after main
filters.
Calculating allele frequencies... done.
--geno: 3926211 variants removed due to missing genotype data.
15509597 variants remaining after main filters.
Writing reference/ukb_imp_v3.qc_SAS.fam ... done.
Writing reference/ukb_imp_v3.qc_SAS.bim ... done.
Writing reference/ukb_imp_v3.qc_SAS.bed ... done.

End time: Wed Dec 11 19:39:34 2024
