*********************************************************************
* LD Score Regression (LDSC)
* Version 2.0.0
* (C) 2014-2019 Brendan Bulik-Sullivan and Hilary Finucane
* Broad Institute of MIT and Harvard / MIT Department of Mathematics
* GNU General Public License v3
*********************************************************************
Call: 
./ldsc.py \
--out antidep-2501-fixed-N06AB-EUR--Smoking \
--rg antidep-2501-fixed-N06AB-EUR.sumstats.gz,Smoking.sumstats.gz \
--ref-ld-chr eur_w_ld_chr/ \
--w-ld-chr eur_w_ld_chr/ 

Beginning analysis at Mon Feb 10 14:52:44 2025
Reading summary statistics from antidep-2501-fixed-N06AB-EUR.sumstats.gz ...
Read summary statistics for 1172119 SNPs.
Reading reference panel LD Score from eur_w_ld_chr/[1-22] ... (ldscore_fromlist)
Read reference panel LD Scores for 1290028 SNPs.
Removing partitioned LD Scores with zero variance.
Reading regression weight LD Score from eur_w_ld_chr/[1-22] ... (ldscore_fromlist)
Read regression weight LD Scores for 1290028 SNPs.
After merging with reference panel LD, 1165457 SNPs remain.
After merging with regression SNP LD, 1165457 SNPs remain.
Computing rg for phenotype 2/2
Reading summary statistics from Smoking.sumstats.gz ...
Read summary statistics for 1189551 SNPs.
After merging with summary statistics, 1155742 SNPs remain.
1155742 SNPs with valid alleles.

Heritability of phenotype 1
---------------------------
Total Observed scale h2: 0.0507 (0.0029)
Lambda GC: 1.2168
Mean Chi^2: 1.2405
Intercept: 1.033 (0.0077)
Ratio: 0.1372 (0.0319)

Heritability of phenotype 2/2
-----------------------------
Total Observed scale h2: 0.0751 (0.0098)
Lambda GC: 1.227
Mean Chi^2: 1.335
Intercept: 0.9505 (0.0162)
Ratio < 0 (usually indicates GC correction).

Genetic Covariance
------------------
Total Observed scale gencov: 0.0171 (0.0019)
Mean z1*z2: 0.0933
Intercept: 0.0138 (0.0053)

Genetic Correlation
-------------------
Genetic Correlation: 0.2779 (0.0344)
Z-score: 8.0902
P: 5.9555e-16


Summary of Genetic Correlation Results
                                      p1                  p2     rg     se      z          p  h2_obs  h2_obs_se  h2_int  h2_int_se  gcov_int  gcov_int_se
antidep-2501-fixed-N06AB-EUR.sumstats.gz Smoking.sumstats.gz 0.2779 0.0344 8.0902 5.9555e-16  0.0751     0.0098  0.9505     0.0162    0.0138       0.0053

Analysis finished at Mon Feb 10 14:52:57 2025
Total time elapsed: 12.68s
