*********************************************************************
* LD Score Regression (LDSC)
* Version 2.0.0
* (C) 2014-2019 Brendan Bulik-Sullivan and Hilary Finucane
* Broad Institute of MIT and Harvard / MIT Department of Mathematics
* GNU General Public License v3
*********************************************************************
Call: 
./ldsc.py \
--out antidep-2501-fixed-N06A-EUR--PTSD \
--rg antidep-2501-fixed-N06A-EUR.sumstats.gz,PTSD.sumstats.gz \
--ref-ld-chr eur_w_ld_chr/ \
--w-ld-chr eur_w_ld_chr/ 

Beginning analysis at Mon Feb 10 14:54:13 2025
Reading summary statistics from antidep-2501-fixed-N06A-EUR.sumstats.gz ...
Read summary statistics for 1156520 SNPs.
Reading reference panel LD Score from eur_w_ld_chr/[1-22] ... (ldscore_fromlist)
Read reference panel LD Scores for 1290028 SNPs.
Removing partitioned LD Scores with zero variance.
Reading regression weight LD Score from eur_w_ld_chr/[1-22] ... (ldscore_fromlist)
Read regression weight LD Scores for 1290028 SNPs.
After merging with reference panel LD, 1151105 SNPs remain.
After merging with regression SNP LD, 1151105 SNPs remain.
Computing rg for phenotype 2/2
Reading summary statistics from PTSD.sumstats.gz ...
Read summary statistics for 1172481 SNPs.
After merging with summary statistics, 1132265 SNPs remain.
1132265 SNPs with valid alleles.

Heritability of phenotype 1
---------------------------
Total Observed scale h2: 0.0554 (0.0023)
Lambda GC: 1.4962
Mean Chi^2: 1.6041
Intercept: 1.0808 (0.0108)
Ratio: 0.1338 (0.0178)

Heritability of phenotype 2/2
-----------------------------
Total Observed scale h2: 0.0213 (0.0036)
Lambda GC: 1.068
Mean Chi^2: 1.0785
Intercept: 1.0203 (0.0064)
Ratio: 0.2582 (0.0814)

Genetic Covariance
------------------
Total Observed scale gencov: 0.0285 (0.0018)
Mean z1*z2: 0.1545
Intercept: 0.0103 (0.0057)

Genetic Correlation
-------------------
Genetic Correlation: 0.8306 (0.0782)
Z-score: 10.6189
P: 2.4347e-26


Summary of Genetic Correlation Results
                                     p1               p2     rg     se       z          p  h2_obs  h2_obs_se  h2_int  h2_int_se  gcov_int  gcov_int_se
antidep-2501-fixed-N06A-EUR.sumstats.gz PTSD.sumstats.gz 0.8306 0.0782 10.6189 2.4347e-26  0.0213     0.0036  1.0203     0.0064    0.0103       0.0057

Analysis finished at Mon Feb 10 14:54:25 2025
Total time elapsed: 12.05s
