*********************************************************************
* LD Score Regression (LDSC)
* Version 2.0.0
* (C) 2014-2019 Brendan Bulik-Sullivan and Hilary Finucane
* Broad Institute of MIT and Harvard / MIT Department of Mathematics
* GNU General Public License v3
*********************************************************************
Call: 
./ldsc.py \
--out antidep-2501-fixed-N06A-EUR--Chron \
--rg antidep-2501-fixed-N06A-EUR.sumstats.gz,Chron.sumstats.gz \
--ref-ld-chr eur_w_ld_chr/ \
--w-ld-chr eur_w_ld_chr/ 

Beginning analysis at Mon Feb 10 14:53:59 2025
Reading summary statistics from antidep-2501-fixed-N06A-EUR.sumstats.gz ...
Read summary statistics for 1156520 SNPs.
Reading reference panel LD Score from eur_w_ld_chr/[1-22] ... (ldscore_fromlist)
Read reference panel LD Scores for 1290028 SNPs.
Removing partitioned LD Scores with zero variance.
Reading regression weight LD Score from eur_w_ld_chr/[1-22] ... (ldscore_fromlist)
Read regression weight LD Scores for 1290028 SNPs.
After merging with reference panel LD, 1151105 SNPs remain.
After merging with regression SNP LD, 1151105 SNPs remain.
Computing rg for phenotype 2/2
Reading summary statistics from Chron.sumstats.gz ...
Read summary statistics for 1170851 SNPs.
After merging with summary statistics, 1139278 SNPs remain.
1139278 SNPs with valid alleles.

Heritability of phenotype 1
---------------------------
Total Observed scale h2: 0.0555 (0.0024)
Lambda GC: 1.4926
Mean Chi^2: 1.6027
Intercept: 1.0801 (0.011)
Ratio: 0.133 (0.0183)

Heritability of phenotype 2/2
-----------------------------
Total Observed scale h2: 0.1096 (0.0037)
Lambda GC: 1.7471
Mean Chi^2: 2.0319
Intercept: 1.0536 (0.0136)
Ratio: 0.0519 (0.0132)

Genetic Covariance
------------------
Total Observed scale gencov: 0.0012 (0.0018)
Mean z1*z2: -0.0148
Intercept: -0.0233 (0.0073)

Genetic Correlation
-------------------
Genetic Correlation: 0.0155 (0.023)
Z-score: 0.6759
P: 0.4991


Summary of Genetic Correlation Results
                                     p1                p2     rg    se      z      p  h2_obs  h2_obs_se  h2_int  h2_int_se  gcov_int  gcov_int_se
antidep-2501-fixed-N06A-EUR.sumstats.gz Chron.sumstats.gz 0.0155 0.023 0.6759 0.4991  0.1096     0.0037  1.0536     0.0136   -0.0233       0.0073

Analysis finished at Mon Feb 10 14:54:14 2025
Total time elapsed: 14.44s
