*********************************************************************
* LD Score Regression (LDSC)
* Version 2.0.0
* (C) 2014-2019 Brendan Bulik-Sullivan and Hilary Finucane
* Broad Institute of MIT and Harvard / MIT Department of Mathematics
* GNU General Public License v3
*********************************************************************
Call: 
./ldsc.py \
--out antidep-2501-fixed-N06A-EUR--Clin \
--rg antidep-2501-fixed-N06A-EUR.sumstats.gz,Clin.sumstats.gz \
--ref-ld-chr eur_w_ld_chr/ \
--w-ld-chr eur_w_ld_chr/ 

Beginning analysis at Mon Feb 10 14:53:54 2025
Reading summary statistics from antidep-2501-fixed-N06A-EUR.sumstats.gz ...
Read summary statistics for 1156520 SNPs.
Reading reference panel LD Score from eur_w_ld_chr/[1-22] ... (ldscore_fromlist)
Read reference panel LD Scores for 1290028 SNPs.
Removing partitioned LD Scores with zero variance.
Reading regression weight LD Score from eur_w_ld_chr/[1-22] ... (ldscore_fromlist)
Read regression weight LD Scores for 1290028 SNPs.
After merging with reference panel LD, 1151105 SNPs remain.
After merging with regression SNP LD, 1151105 SNPs remain.
Computing rg for phenotype 2/2
Reading summary statistics from Clin.sumstats.gz ...
Read summary statistics for 1117026 SNPs.
After merging with summary statistics, 1091493 SNPs remain.
1091493 SNPs with valid alleles.

Heritability of phenotype 1
---------------------------
Total Observed scale h2: 0.055 (0.0024)
Lambda GC: 1.5071
Mean Chi^2: 1.6189
Intercept: 1.0847 (0.0126)
Ratio: 0.1369 (0.0203)

Heritability of phenotype 2/2
-----------------------------
Total Observed scale h2: 0.0957 (0.0101)
Lambda GC: 1.1336
Mean Chi^2: 1.1359
Intercept: 1.0123 (0.0075)
Ratio: 0.0906 (0.0555)

Genetic Covariance
------------------
Total Observed scale gencov: 0.0571 (0.0036)
Mean z1*z2: 0.2174
Intercept: 0.0164 (0.0069)

Genetic Correlation
-------------------
Genetic Correlation: 0.7878 (0.0485)
Z-score: 16.258
P: 1.9595e-59


Summary of Genetic Correlation Results
                                     p1               p2     rg     se      z          p  h2_obs  h2_obs_se  h2_int  h2_int_se  gcov_int  gcov_int_se
antidep-2501-fixed-N06A-EUR.sumstats.gz Clin.sumstats.gz 0.7878 0.0485 16.258 1.9595e-59  0.0957     0.0101  1.0123     0.0075    0.0164       0.0069

Analysis finished at Mon Feb 10 14:54:08 2025
Total time elapsed: 14.01s
