*********************************************************************
* LD Score Regression (LDSC)
* Version 2.0.0
* (C) 2014-2019 Brendan Bulik-Sullivan and Hilary Finucane
* Broad Institute of MIT and Harvard / MIT Department of Mathematics
* GNU General Public License v3
*********************************************************************
Call: 
./ldsc.py \
--out antidep-2501-fixed-N06AB-EUR--T2D \
--rg antidep-2501-fixed-N06AB-EUR.sumstats.gz,T2D.sumstats.gz \
--ref-ld-chr eur_w_ld_chr/ \
--w-ld-chr eur_w_ld_chr/ 

Beginning analysis at Mon Feb 10 14:53:44 2025
Reading summary statistics from antidep-2501-fixed-N06AB-EUR.sumstats.gz ...
Read summary statistics for 1172119 SNPs.
Reading reference panel LD Score from eur_w_ld_chr/[1-22] ... (ldscore_fromlist)
Read reference panel LD Scores for 1290028 SNPs.
Removing partitioned LD Scores with zero variance.
Reading regression weight LD Score from eur_w_ld_chr/[1-22] ... (ldscore_fromlist)
Read regression weight LD Scores for 1290028 SNPs.
After merging with reference panel LD, 1165457 SNPs remain.
After merging with regression SNP LD, 1165457 SNPs remain.
Computing rg for phenotype 2/2
Reading summary statistics from T2D.sumstats.gz ...
Read summary statistics for 1202047 SNPs.
After merging with summary statistics, 1156247 SNPs remain.
1156247 SNPs with valid alleles.

Heritability of phenotype 1
---------------------------
Total Observed scale h2: 0.0505 (0.0029)
Lambda GC: 1.2168
Mean Chi^2: 1.2404
Intercept: 1.0335 (0.0077)
Ratio: 0.1392 (0.0322)

Heritability of phenotype 2/2
-----------------------------
Total Observed scale h2: 0.176 (0.0093)
Lambda GC: 1.4954
Mean Chi^2: 1.856
Intercept: 0.9942 (0.0229)
Ratio < 0 (usually indicates GC correction).

Genetic Covariance
------------------
Total Observed scale gencov: 0.0234 (0.0028)
Mean z1*z2: 0.1074
Intercept: 0.0077 (0.0061)

Genetic Correlation
-------------------
Genetic Correlation: 0.2482 (0.0303)
Z-score: 8.1791
P: 2.8609e-16


Summary of Genetic Correlation Results
                                      p1              p2     rg     se      z          p  h2_obs  h2_obs_se  h2_int  h2_int_se  gcov_int  gcov_int_se
antidep-2501-fixed-N06AB-EUR.sumstats.gz T2D.sumstats.gz 0.2482 0.0303 8.1791 2.8609e-16   0.176     0.0093  0.9942     0.0229    0.0077       0.0061

Analysis finished at Mon Feb 10 14:53:57 2025
Total time elapsed: 13.76s
