*********************************************************************
* LD Score Regression (LDSC)
* Version 2.0.0
* (C) 2014-2019 Brendan Bulik-Sullivan and Hilary Finucane
* Broad Institute of MIT and Harvard / MIT Department of Mathematics
* GNU General Public License v3
*********************************************************************
Call: 
./ldsc.py \
--out antidep-2501-fixed-N06AA-EUR--Help \
--rg antidep-2501-fixed-N06AA-EUR.sumstats.gz,Help.sumstats.gz \
--ref-ld-chr eur_w_ld_chr/ \
--w-ld-chr eur_w_ld_chr/ 

Beginning analysis at Mon Feb 10 14:53:15 2025
Reading summary statistics from antidep-2501-fixed-N06AA-EUR.sumstats.gz ...
Read summary statistics for 1172484 SNPs.
Reading reference panel LD Score from eur_w_ld_chr/[1-22] ... (ldscore_fromlist)
Read reference panel LD Scores for 1290028 SNPs.
Removing partitioned LD Scores with zero variance.
Reading regression weight LD Score from eur_w_ld_chr/[1-22] ... (ldscore_fromlist)
Read regression weight LD Scores for 1290028 SNPs.
After merging with reference panel LD, 1165758 SNPs remain.
After merging with regression SNP LD, 1165758 SNPs remain.
Computing rg for phenotype 2/2
Reading summary statistics from Help.sumstats.gz ...
Read summary statistics for 1173591 SNPs.
After merging with summary statistics, 1156463 SNPs remain.
1156463 SNPs with valid alleles.

Heritability of phenotype 1
---------------------------
Total Observed scale h2: 0.0487 (0.0035)
Lambda GC: 1.2103
Mean Chi^2: 1.2204
Intercept: 1.0574 (0.0075)
Ratio: 0.2606 (0.0341)

Heritability of phenotype 2/2
-----------------------------
Total Observed scale h2: 0.0679 (0.0031)
Lambda GC: 1.3284
Mean Chi^2: 1.3969
Intercept: 1.0088 (0.0085)
Ratio: 0.0222 (0.0214)

Genetic Covariance
------------------
Total Observed scale gencov: 0.0359 (0.0024)
Mean z1*z2: 0.254
Intercept: 0.0944 (0.0059)

Genetic Correlation
-------------------
Genetic Correlation: 0.6252 (0.0342)
Z-score: 18.3032
P: 7.8076e-75


Summary of Genetic Correlation Results
                                      p1               p2     rg     se       z          p  h2_obs  h2_obs_se  h2_int  h2_int_se  gcov_int  gcov_int_se
antidep-2501-fixed-N06AA-EUR.sumstats.gz Help.sumstats.gz 0.6252 0.0342 18.3032 7.8076e-75  0.0679     0.0031  1.0088     0.0085    0.0944       0.0059

Analysis finished at Mon Feb 10 14:53:25 2025
Total time elapsed: 10.76s
