*********************************************************************
* LD Score Regression (LDSC)
* Version 2.0.0
* (C) 2014-2019 Brendan Bulik-Sullivan and Hilary Finucane
* Broad Institute of MIT and Harvard / MIT Department of Mathematics
* GNU General Public License v3
*********************************************************************
Call: 
./ldsc.py \
--out antidep-2501-fixed-N06AB-EUR--ADHD \
--rg antidep-2501-fixed-N06AB-EUR.sumstats.gz,ADHD.sumstats.gz \
--ref-ld-chr eur_w_ld_chr/ \
--w-ld-chr eur_w_ld_chr/ 

Beginning analysis at Mon Feb 10 14:53:00 2025
Reading summary statistics from antidep-2501-fixed-N06AB-EUR.sumstats.gz ...
Read summary statistics for 1172119 SNPs.
Reading reference panel LD Score from eur_w_ld_chr/[1-22] ... (ldscore_fromlist)
Read reference panel LD Scores for 1290028 SNPs.
Removing partitioned LD Scores with zero variance.
Reading regression weight LD Score from eur_w_ld_chr/[1-22] ... (ldscore_fromlist)
Read regression weight LD Scores for 1290028 SNPs.
After merging with reference panel LD, 1165457 SNPs remain.
After merging with regression SNP LD, 1165457 SNPs remain.
Computing rg for phenotype 2/2
Reading summary statistics from ADHD.sumstats.gz ...
Read summary statistics for 1067415 SNPs.
After merging with summary statistics, 1055639 SNPs remain.
1055639 SNPs with valid alleles.

Heritability of phenotype 1
---------------------------
Total Observed scale h2: 0.0505 (0.0032)
Lambda GC: 1.2299
Mean Chi^2: 1.2534
Intercept: 1.033 (0.0092)
Ratio: 0.1302 (0.0363)

Heritability of phenotype 2/2
-----------------------------
Total Observed scale h2: 0.2737 (0.0179)
Lambda GC: 1.2539
Mean Chi^2: 1.2974
Intercept: 1.0361 (0.0103)
Ratio: 0.1215 (0.0347)

Genetic Covariance
------------------
Total Observed scale gencov: 0.0615 (0.0051)
Mean z1*z2: 0.1281
Intercept: 0.0041 (0.0064)

Genetic Correlation
-------------------
Genetic Correlation: 0.5231 (0.0409)
Z-score: 12.794
P: 1.7714e-37


Summary of Genetic Correlation Results
                                      p1               p2     rg     se      z          p  h2_obs  h2_obs_se  h2_int  h2_int_se  gcov_int  gcov_int_se
antidep-2501-fixed-N06AB-EUR.sumstats.gz ADHD.sumstats.gz 0.5231 0.0409 12.794 1.7714e-37  0.2737     0.0179  1.0361     0.0103    0.0041       0.0064

Analysis finished at Mon Feb 10 14:53:11 2025
Total time elapsed: 10.64s
