*********************************************************************
* LD Score Regression (LDSC)
* Version 2.0.0
* (C) 2014-2019 Brendan Bulik-Sullivan and Hilary Finucane
* Broad Institute of MIT and Harvard / MIT Department of Mathematics
* GNU General Public License v3
*********************************************************************
Call: 
./ldsc.py \
--out antidep-2501-fixed-N06AB-EUR--Pain \
--rg antidep-2501-fixed-N06AB-EUR.sumstats.gz,Pain.sumstats.gz \
--ref-ld-chr eur_w_ld_chr/ \
--w-ld-chr eur_w_ld_chr/ 

Beginning analysis at Mon Feb 10 14:53:14 2025
Reading summary statistics from antidep-2501-fixed-N06AB-EUR.sumstats.gz ...
Read summary statistics for 1172119 SNPs.
Reading reference panel LD Score from eur_w_ld_chr/[1-22] ... (ldscore_fromlist)
Read reference panel LD Scores for 1290028 SNPs.
Removing partitioned LD Scores with zero variance.
Reading regression weight LD Score from eur_w_ld_chr/[1-22] ... (ldscore_fromlist)
Read regression weight LD Scores for 1290028 SNPs.
After merging with reference panel LD, 1165457 SNPs remain.
After merging with regression SNP LD, 1165457 SNPs remain.
Computing rg for phenotype 2/2
Reading summary statistics from Pain.sumstats.gz ...
Read summary statistics for 1080043 SNPs.
After merging with summary statistics, 1041572 SNPs remain.
1041572 SNPs with valid alleles.

Heritability of phenotype 1
---------------------------
Total Observed scale h2: 0.0507 (0.003)
Lambda GC: 1.2136
Mean Chi^2: 1.2397
Intercept: 1.033 (0.0079)
Ratio: 0.1375 (0.0328)

Heritability of phenotype 2/2
-----------------------------
Total Observed scale h2: 0.0869 (0.0067)
Lambda GC: 1.1361
Mean Chi^2: 1.1482
Intercept: 1.0003 (0.0067)
Ratio: 0.0021 (0.0451)

Genetic Covariance
------------------
Total Observed scale gencov: 0.0509 (0.003)
Mean z1*z2: 0.1481
Intercept: 0.0166 (0.0049)

Genetic Correlation
-------------------
Genetic Correlation: 0.7665 (0.0461)
Z-score: 16.6421
P: 3.4554e-62


Summary of Genetic Correlation Results
                                      p1               p2     rg     se       z          p  h2_obs  h2_obs_se  h2_int  h2_int_se  gcov_int  gcov_int_se
antidep-2501-fixed-N06AB-EUR.sumstats.gz Pain.sumstats.gz 0.7665 0.0461 16.6421 3.4554e-62  0.0869     0.0067  1.0003     0.0067    0.0166       0.0049

Analysis finished at Mon Feb 10 14:53:25 2025
Total time elapsed: 10.43s
