*********************************************************************
* LD Score Regression (LDSC)
* Version 2.0.0
* (C) 2014-2019 Brendan Bulik-Sullivan and Hilary Finucane
* Broad Institute of MIT and Harvard / MIT Department of Mathematics
* GNU General Public License v3
*********************************************************************
Call: 
./ldsc.py \
--out antidep-2501-fixed-N06AB-EUR--ALC \
--rg antidep-2501-fixed-N06AB-EUR.sumstats.gz,ALC.sumstats.gz \
--ref-ld-chr eur_w_ld_chr/ \
--w-ld-chr eur_w_ld_chr/ 

Beginning analysis at Mon Feb 10 14:54:11 2025
Reading summary statistics from antidep-2501-fixed-N06AB-EUR.sumstats.gz ...
Read summary statistics for 1172119 SNPs.
Reading reference panel LD Score from eur_w_ld_chr/[1-22] ... (ldscore_fromlist)
Read reference panel LD Scores for 1290028 SNPs.
Removing partitioned LD Scores with zero variance.
Reading regression weight LD Score from eur_w_ld_chr/[1-22] ... (ldscore_fromlist)
Read regression weight LD Scores for 1290028 SNPs.
After merging with reference panel LD, 1165457 SNPs remain.
After merging with regression SNP LD, 1165457 SNPs remain.
Computing rg for phenotype 2/2
Reading summary statistics from ALC.sumstats.gz ...
Read summary statistics for 1183094 SNPs.
After merging with summary statistics, 1161128 SNPs remain.
1161128 SNPs with valid alleles.

Heritability of phenotype 1
---------------------------
Total Observed scale h2: 0.0503 (0.0029)
Lambda GC: 1.2168
Mean Chi^2: 1.2406
Intercept: 1.0343 (0.0078)
Ratio: 0.1424 (0.0326)

Heritability of phenotype 2/2
-----------------------------
Total Observed scale h2: 0.104 (0.0159)
Lambda GC: 1.0694
Mean Chi^2: 1.0652
Intercept: 1.0151 (0.0055)
Ratio: 0.232 (0.0849)

Genetic Covariance
------------------
Total Observed scale gencov: 0.0366 (0.0057)
Mean z1*z2: 0.0562
Intercept: 0.0041 (0.0048)

Genetic Correlation
-------------------
Genetic Correlation: 0.5058 (0.0839)
Z-score: 6.0272
P: 1.6685e-09


Summary of Genetic Correlation Results
                                      p1              p2     rg     se      z          p  h2_obs  h2_obs_se  h2_int  h2_int_se  gcov_int  gcov_int_se
antidep-2501-fixed-N06AB-EUR.sumstats.gz ALC.sumstats.gz 0.5058 0.0839 6.0272 1.6685e-09   0.104     0.0159  1.0151     0.0055    0.0041       0.0048

Analysis finished at Mon Feb 10 14:54:25 2025
Total time elapsed: 13.3s
