*********************************************************************
* LD Score Regression (LDSC)
* Version 2.0.0
* (C) 2014-2019 Brendan Bulik-Sullivan and Hilary Finucane
* Broad Institute of MIT and Harvard / MIT Department of Mathematics
* GNU General Public License v3
*********************************************************************
Call: 
./ldsc.py \
--out antidep-2501-fixed-N06AA-EUR--EHR \
--rg antidep-2501-fixed-N06AA-EUR.sumstats.gz,EHR.sumstats.gz \
--ref-ld-chr eur_w_ld_chr/ \
--w-ld-chr eur_w_ld_chr/ 

Beginning analysis at Mon Feb 10 14:53:55 2025
Reading summary statistics from antidep-2501-fixed-N06AA-EUR.sumstats.gz ...
Read summary statistics for 1172484 SNPs.
Reading reference panel LD Score from eur_w_ld_chr/[1-22] ... (ldscore_fromlist)
Read reference panel LD Scores for 1290028 SNPs.
Removing partitioned LD Scores with zero variance.
Reading regression weight LD Score from eur_w_ld_chr/[1-22] ... (ldscore_fromlist)
Read regression weight LD Scores for 1290028 SNPs.
After merging with reference panel LD, 1165758 SNPs remain.
After merging with regression SNP LD, 1165758 SNPs remain.
Computing rg for phenotype 2/2
Reading summary statistics from EHR.sumstats.gz ...
Read summary statistics for 1082647 SNPs.
After merging with summary statistics, 1071799 SNPs remain.
1071799 SNPs with valid alleles.

Heritability of phenotype 1
---------------------------
Total Observed scale h2: 0.0475 (0.0037)
Lambda GC: 1.2136
Mean Chi^2: 1.2198
Intercept: 1.0601 (0.0081)
Ratio: 0.2733 (0.0368)

Heritability of phenotype 2/2
-----------------------------
Total Observed scale h2: 0.0487 (0.0017)
Lambda GC: 1.6402
Mean Chi^2: 1.8369
Intercept: 1.0348 (0.0129)
Ratio: 0.0416 (0.0154)

Genetic Covariance
------------------
Total Observed scale gencov: 0.0364 (0.0018)
Mean z1*z2: 0.2726
Intercept: 0.0021 (0.0072)

Genetic Correlation
-------------------
Genetic Correlation: 0.7568 (0.0353)
Z-score: 21.4553
P: 4.0775e-102


Summary of Genetic Correlation Results
                                      p1              p2     rg     se       z           p  h2_obs  h2_obs_se  h2_int  h2_int_se  gcov_int  gcov_int_se
antidep-2501-fixed-N06AA-EUR.sumstats.gz EHR.sumstats.gz 0.7568 0.0353 21.4553 4.0775e-102  0.0487     0.0017  1.0348     0.0129    0.0021       0.0072

Analysis finished at Mon Feb 10 14:54:09 2025
Total time elapsed: 13.55s
