*********************************************************************
* LD Score Regression (LDSC)
* Version 2.0.0
* (C) 2014-2019 Brendan Bulik-Sullivan and Hilary Finucane
* Broad Institute of MIT and Harvard / MIT Department of Mathematics
* GNU General Public License v3
*********************************************************************
Call: 
./ldsc.py \
--out antidep-2501-fixed-N06AA-EUR--Smoking \
--rg antidep-2501-fixed-N06AA-EUR.sumstats.gz,Smoking.sumstats.gz \
--ref-ld-chr eur_w_ld_chr/ \
--w-ld-chr eur_w_ld_chr/ 

Beginning analysis at Mon Feb 10 14:52:30 2025
Reading summary statistics from antidep-2501-fixed-N06AA-EUR.sumstats.gz ...
Read summary statistics for 1172484 SNPs.
Reading reference panel LD Score from eur_w_ld_chr/[1-22] ... (ldscore_fromlist)
Read reference panel LD Scores for 1290028 SNPs.
Removing partitioned LD Scores with zero variance.
Reading regression weight LD Score from eur_w_ld_chr/[1-22] ... (ldscore_fromlist)
Read regression weight LD Scores for 1290028 SNPs.
After merging with reference panel LD, 1165758 SNPs remain.
After merging with regression SNP LD, 1165758 SNPs remain.
Computing rg for phenotype 2/2
Reading summary statistics from Smoking.sumstats.gz ...
Read summary statistics for 1189551 SNPs.
After merging with summary statistics, 1156031 SNPs remain.
1156031 SNPs with valid alleles.

Heritability of phenotype 1
---------------------------
Total Observed scale h2: 0.0485 (0.0036)
Lambda GC: 1.2103
Mean Chi^2: 1.2198
Intercept: 1.0578 (0.0075)
Ratio: 0.2629 (0.0341)

Heritability of phenotype 2/2
-----------------------------
Total Observed scale h2: 0.075 (0.0098)
Lambda GC: 1.227
Mean Chi^2: 1.335
Intercept: 0.9506 (0.0162)
Ratio < 0 (usually indicates GC correction).

Genetic Covariance
------------------
Total Observed scale gencov: 0.0199 (0.0022)
Mean z1*z2: 0.0885
Intercept: 0.0068 (0.0052)

Genetic Correlation
-------------------
Genetic Correlation: 0.3297 (0.0422)
Z-score: 7.81
P: 5.7184e-15


Summary of Genetic Correlation Results
                                      p1                  p2     rg     se    z          p  h2_obs  h2_obs_se  h2_int  h2_int_se  gcov_int  gcov_int_se
antidep-2501-fixed-N06AA-EUR.sumstats.gz Smoking.sumstats.gz 0.3297 0.0422 7.81 5.7184e-15   0.075     0.0098  0.9506     0.0162    0.0068       0.0052

Analysis finished at Mon Feb 10 14:52:43 2025
Total time elapsed: 12.45s
