*********************************************************************
* LD Score Regression (LDSC)
* Version 2.0.0
* (C) 2014-2019 Brendan Bulik-Sullivan and Hilary Finucane
* Broad Institute of MIT and Harvard / MIT Department of Mathematics
* GNU General Public License v3
*********************************************************************
Call: 
./ldsc.py \
--out antidep-2501-fixed-N06A-EUR--SCZ \
--rg antidep-2501-fixed-N06A-EUR.sumstats.gz,SCZ.sumstats.gz \
--ref-ld-chr eur_w_ld_chr/ \
--w-ld-chr eur_w_ld_chr/ 

Beginning analysis at Mon Feb 10 14:52:30 2025
Reading summary statistics from antidep-2501-fixed-N06A-EUR.sumstats.gz ...
Read summary statistics for 1156520 SNPs.
Reading reference panel LD Score from eur_w_ld_chr/[1-22] ... (ldscore_fromlist)
Read reference panel LD Scores for 1290028 SNPs.
Removing partitioned LD Scores with zero variance.
Reading regression weight LD Score from eur_w_ld_chr/[1-22] ... (ldscore_fromlist)
Read regression weight LD Scores for 1290028 SNPs.
After merging with reference panel LD, 1151105 SNPs remain.
After merging with regression SNP LD, 1151105 SNPs remain.
Computing rg for phenotype 2/2
Reading summary statistics from SCZ.sumstats.gz ...
Read summary statistics for 1135278 SNPs.
After merging with summary statistics, 1106213 SNPs remain.
1106213 SNPs with valid alleles.

Heritability of phenotype 1
---------------------------
Total Observed scale h2: 0.0553 (0.0023)
Lambda GC: 1.5035
Mean Chi^2: 1.6136
Intercept: 1.0812 (0.0118)
Ratio: 0.1324 (0.0192)

Heritability of phenotype 2/2
-----------------------------
Total Observed scale h2: 0.4047 (0.0154)
Lambda GC: 1.7756
Mean Chi^2: 2.0557
Intercept: 1.0791 (0.0155)
Ratio: 0.0749 (0.0147)

Genetic Covariance
------------------
Total Observed scale gencov: 0.0415 (0.0034)
Mean z1*z2: 0.2089
Intercept: 0.0126 (0.0082)

Genetic Correlation
-------------------
Genetic Correlation: 0.2774 (0.02)
Z-score: 13.8849
P: 7.8231e-44


Summary of Genetic Correlation Results
                                     p1              p2     rg   se       z          p  h2_obs  h2_obs_se  h2_int  h2_int_se  gcov_int  gcov_int_se
antidep-2501-fixed-N06A-EUR.sumstats.gz SCZ.sumstats.gz 0.2774 0.02 13.8849 7.8231e-44  0.4047     0.0154  1.0791     0.0155    0.0126       0.0082

Analysis finished at Mon Feb 10 14:52:42 2025
Total time elapsed: 11.87s
