*********************************************************************
* LD Score Regression (LDSC)
* Version 2.0.0
* (C) 2014-2019 Brendan Bulik-Sullivan and Hilary Finucane
* Broad Institute of MIT and Harvard / MIT Department of Mathematics
* GNU General Public License v3
*********************************************************************
Call: 
./ldsc.py \
--out antidep-2501-fixed-N06A-EUR--CRP \
--rg antidep-2501-fixed-N06A-EUR.sumstats.gz,CRP.sumstats.gz \
--ref-ld-chr eur_w_ld_chr/ \
--w-ld-chr eur_w_ld_chr/ 

Beginning analysis at Mon Feb 10 14:53:01 2025
Reading summary statistics from antidep-2501-fixed-N06A-EUR.sumstats.gz ...
Read summary statistics for 1156520 SNPs.
Reading reference panel LD Score from eur_w_ld_chr/[1-22] ... (ldscore_fromlist)
Read reference panel LD Scores for 1290028 SNPs.
Removing partitioned LD Scores with zero variance.
Reading regression weight LD Score from eur_w_ld_chr/[1-22] ... (ldscore_fromlist)
Read regression weight LD Scores for 1290028 SNPs.
After merging with reference panel LD, 1151105 SNPs remain.
After merging with regression SNP LD, 1151105 SNPs remain.
Computing rg for phenotype 2/2
Reading summary statistics from CRP.sumstats.gz ...
Read summary statistics for 1007867 SNPs.
After merging with summary statistics, 983178 SNPs remain.
983178 SNPs with valid alleles.

Heritability of phenotype 1
---------------------------
Total Observed scale h2: 0.0559 (0.0022)
Lambda GC: 1.4926
Mean Chi^2: 1.5979
Intercept: 1.078 (0.0107)
Ratio: 0.1304 (0.0179)

Heritability of phenotype 2/2
-----------------------------
Total Observed scale h2: 0.1122 (0.0226)
Lambda GC: 1.2573
Mean Chi^2: 1.5059
Intercept: 1.0379 (0.0516)
Ratio: 0.0748 (0.1019)

Genetic Covariance
------------------
Total Observed scale gencov: 0.0145 (0.0021)
Mean z1*z2: 0.0915
Intercept: -0.0026 (0.0064)

Genetic Correlation
-------------------
Genetic Correlation: 0.1834 (0.0357)
Z-score: 5.1419
P: 2.7202e-07


Summary of Genetic Correlation Results
                                     p1              p2     rg     se      z          p  h2_obs  h2_obs_se  h2_int  h2_int_se  gcov_int  gcov_int_se
antidep-2501-fixed-N06A-EUR.sumstats.gz CRP.sumstats.gz 0.1834 0.0357 5.1419 2.7202e-07  0.1122     0.0226  1.0379     0.0516   -0.0026       0.0064

Analysis finished at Mon Feb 10 14:53:12 2025
Total time elapsed: 10.87s
