*********************************************************************
* LD Score Regression (LDSC)
* Version 2.0.0
* (C) 2014-2019 Brendan Bulik-Sullivan and Hilary Finucane
* Broad Institute of MIT and Harvard / MIT Department of Mathematics
* GNU General Public License v3
*********************************************************************
Call: 
./ldsc.py \
--out antidep-2501-fixed-N06AB-EUR--CRP \
--rg antidep-2501-fixed-N06AB-EUR.sumstats.gz,CRP.sumstats.gz \
--ref-ld-chr eur_w_ld_chr/ \
--w-ld-chr eur_w_ld_chr/ 

Beginning analysis at Mon Feb 10 14:53:01 2025
Reading summary statistics from antidep-2501-fixed-N06AB-EUR.sumstats.gz ...
Read summary statistics for 1172119 SNPs.
Reading reference panel LD Score from eur_w_ld_chr/[1-22] ... (ldscore_fromlist)
Read reference panel LD Scores for 1290028 SNPs.
Removing partitioned LD Scores with zero variance.
Reading regression weight LD Score from eur_w_ld_chr/[1-22] ... (ldscore_fromlist)
Read regression weight LD Scores for 1290028 SNPs.
After merging with reference panel LD, 1165457 SNPs remain.
After merging with regression SNP LD, 1165457 SNPs remain.
Computing rg for phenotype 2/2
Reading summary statistics from CRP.sumstats.gz ...
Read summary statistics for 1007867 SNPs.
After merging with summary statistics, 993807 SNPs remain.
993807 SNPs with valid alleles.

Heritability of phenotype 1
---------------------------
Total Observed scale h2: 0.0504 (0.0028)
Lambda GC: 1.2168
Mean Chi^2: 1.2406
Intercept: 1.0348 (0.0075)
Ratio: 0.1448 (0.031)

Heritability of phenotype 2/2
-----------------------------
Total Observed scale h2: 0.1131 (0.0225)
Lambda GC: 1.2569
Mean Chi^2: 1.5067
Intercept: 1.0366 (0.0507)
Ratio: 0.0722 (0.1)

Genetic Covariance
------------------
Total Observed scale gencov: 0.0116 (0.0026)
Mean z1*z2: 0.0504
Intercept: 0.0034 (0.0057)

Genetic Correlation
-------------------
Genetic Correlation: 0.1531 (0.0393)
Z-score: 3.898
P: 9.7002e-05


Summary of Genetic Correlation Results
                                      p1              p2     rg     se     z          p  h2_obs  h2_obs_se  h2_int  h2_int_se  gcov_int  gcov_int_se
antidep-2501-fixed-N06AB-EUR.sumstats.gz CRP.sumstats.gz 0.1531 0.0393 3.898 9.7002e-05  0.1131     0.0225  1.0366     0.0507    0.0034       0.0057

Analysis finished at Mon Feb 10 14:53:12 2025
Total time elapsed: 11.09s
