*********************************************************************
* LD Score Regression (LDSC)
* Version 2.0.0
* (C) 2014-2019 Brendan Bulik-Sullivan and Hilary Finucane
* Broad Institute of MIT and Harvard / MIT Department of Mathematics
* GNU General Public License v3
*********************************************************************
Call: 
./ldsc.py \
--out antidep-2501-fixed-N06AA-EUR--ASD \
--rg antidep-2501-fixed-N06AA-EUR.sumstats.gz,ASD.sumstats.gz \
--ref-ld-chr eur_w_ld_chr/ \
--w-ld-chr eur_w_ld_chr/ 

Beginning analysis at Mon Feb 10 14:52:30 2025
Reading summary statistics from antidep-2501-fixed-N06AA-EUR.sumstats.gz ...
Read summary statistics for 1172484 SNPs.
Reading reference panel LD Score from eur_w_ld_chr/[1-22] ... (ldscore_fromlist)
Read reference panel LD Scores for 1290028 SNPs.
Removing partitioned LD Scores with zero variance.
Reading regression weight LD Score from eur_w_ld_chr/[1-22] ... (ldscore_fromlist)
Read regression weight LD Scores for 1290028 SNPs.
After merging with reference panel LD, 1165758 SNPs remain.
After merging with regression SNP LD, 1165758 SNPs remain.
Computing rg for phenotype 2/2
Reading summary statistics from ASD.sumstats.gz ...
Read summary statistics for 1050225 SNPs.
After merging with summary statistics, 1037801 SNPs remain.
1037801 SNPs with valid alleles.

Heritability of phenotype 1
---------------------------
Total Observed scale h2: 0.0483 (0.0041)
Lambda GC: 1.2234
Mean Chi^2: 1.2328
Intercept: 1.0593 (0.0097)
Ratio: 0.2546 (0.0418)

Heritability of phenotype 2/2
-----------------------------
Total Observed scale h2: 0.2022 (0.0174)
Lambda GC: 1.1735
Mean Chi^2: 1.2005
Intercept: 1.0092 (0.0097)
Ratio: 0.0456 (0.0486)

Genetic Covariance
------------------
Total Observed scale gencov: 0.0016 (0.0054)
Mean z1*z2: 0.0004
Intercept: -6.3795e-05 (0.0064)

Genetic Correlation
-------------------
Genetic Correlation: 0.0158 (0.0545)
Z-score: 0.2905
P: 0.7715


Summary of Genetic Correlation Results
                                      p1              p2     rg     se      z      p  h2_obs  h2_obs_se  h2_int  h2_int_se    gcov_int  gcov_int_se
antidep-2501-fixed-N06AA-EUR.sumstats.gz ASD.sumstats.gz 0.0158 0.0545 0.2905 0.7715  0.2022     0.0174  1.0092     0.0097 -6.3795e-05       0.0064

Analysis finished at Mon Feb 10 14:52:41 2025
Total time elapsed: 10.25s
