*********************************************************************
* LD Score Regression (LDSC)
* Version 2.0.0
* (C) 2014-2019 Brendan Bulik-Sullivan and Hilary Finucane
* Broad Institute of MIT and Harvard / MIT Department of Mathematics
* GNU General Public License v3
*********************************************************************
Call: 
./ldsc.py \
--out antidep-2501-fixed-N06AB-EUR--Quest \
--rg antidep-2501-fixed-N06AB-EUR.sumstats.gz,Quest.sumstats.gz \
--ref-ld-chr eur_w_ld_chr/ \
--w-ld-chr eur_w_ld_chr/ 

Beginning analysis at Mon Feb 10 14:52:46 2025
Reading summary statistics from antidep-2501-fixed-N06AB-EUR.sumstats.gz ...
Read summary statistics for 1172119 SNPs.
Reading reference panel LD Score from eur_w_ld_chr/[1-22] ... (ldscore_fromlist)
Read reference panel LD Scores for 1290028 SNPs.
Removing partitioned LD Scores with zero variance.
Reading regression weight LD Score from eur_w_ld_chr/[1-22] ... (ldscore_fromlist)
Read regression weight LD Scores for 1290028 SNPs.
After merging with reference panel LD, 1165457 SNPs remain.
After merging with regression SNP LD, 1165457 SNPs remain.
Computing rg for phenotype 2/2
Reading summary statistics from Quest.sumstats.gz ...
Read summary statistics for 1170603 SNPs.
After merging with summary statistics, 1153815 SNPs remain.
1153815 SNPs with valid alleles.

Heritability of phenotype 1
---------------------------
Total Observed scale h2: 0.0505 (0.0029)
Lambda GC: 1.2168
Mean Chi^2: 1.2409
Intercept: 1.0333 (0.0076)
Ratio: 0.1383 (0.0315)

Heritability of phenotype 2/2
-----------------------------
Total Observed scale h2: 0.0705 (0.0036)
Lambda GC: 1.2734
Mean Chi^2: 1.3234
Intercept: 1.0171 (0.0089)
Ratio: 0.053 (0.0277)

Genetic Covariance
------------------
Total Observed scale gencov: 0.0557 (0.0027)
Mean z1*z2: 0.4546
Intercept: 0.2185 (0.006)

Genetic Correlation
-------------------
Genetic Correlation: 0.9329 (0.028)
Z-score: 33.3309
P: 1.3771e-243


Summary of Genetic Correlation Results
                                      p1                p2     rg    se       z           p  h2_obs  h2_obs_se  h2_int  h2_int_se  gcov_int  gcov_int_se
antidep-2501-fixed-N06AB-EUR.sumstats.gz Quest.sumstats.gz 0.9329 0.028 33.3309 1.3771e-243  0.0705     0.0036  1.0171     0.0089    0.2185        0.006

Analysis finished at Mon Feb 10 14:53:00 2025
Total time elapsed: 13.77s
