*********************************************************************
* LD Score Regression (LDSC)
* Version 2.0.0
* (C) 2014-2019 Brendan Bulik-Sullivan and Hilary Finucane
* Broad Institute of MIT and Harvard / MIT Department of Mathematics
* GNU General Public License v3
*********************************************************************
Call: 
./ldsc.py \
--out antidep-2501-fixed-N06AA-EUR--Quest \
--rg antidep-2501-fixed-N06AA-EUR.sumstats.gz,Quest.sumstats.gz \
--ref-ld-chr eur_w_ld_chr/ \
--w-ld-chr eur_w_ld_chr/ 

Beginning analysis at Mon Feb 10 14:52:45 2025
Reading summary statistics from antidep-2501-fixed-N06AA-EUR.sumstats.gz ...
Read summary statistics for 1172484 SNPs.
Reading reference panel LD Score from eur_w_ld_chr/[1-22] ... (ldscore_fromlist)
Read reference panel LD Scores for 1290028 SNPs.
Removing partitioned LD Scores with zero variance.
Reading regression weight LD Score from eur_w_ld_chr/[1-22] ... (ldscore_fromlist)
Read regression weight LD Scores for 1290028 SNPs.
After merging with reference panel LD, 1165758 SNPs remain.
After merging with regression SNP LD, 1165758 SNPs remain.
Computing rg for phenotype 2/2
Reading summary statistics from Quest.sumstats.gz ...
Read summary statistics for 1170603 SNPs.
After merging with summary statistics, 1153950 SNPs remain.
1153950 SNPs with valid alleles.

Heritability of phenotype 1
---------------------------
Total Observed scale h2: 0.0484 (0.0035)
Lambda GC: 1.2103
Mean Chi^2: 1.2201
Intercept: 1.0579 (0.0076)
Ratio: 0.2632 (0.0344)

Heritability of phenotype 2/2
-----------------------------
Total Observed scale h2: 0.0705 (0.0036)
Lambda GC: 1.2728
Mean Chi^2: 1.3234
Intercept: 1.0171 (0.009)
Ratio: 0.0528 (0.0277)

Genetic Covariance
------------------
Total Observed scale gencov: 0.0397 (0.0024)
Mean z1*z2: 0.3217
Intercept: 0.1691 (0.0049)

Genetic Correlation
-------------------
Genetic Correlation: 0.6803 (0.0344)
Z-score: 19.7979
P: 3.1031e-87


Summary of Genetic Correlation Results
                                      p1                p2     rg     se       z          p  h2_obs  h2_obs_se  h2_int  h2_int_se  gcov_int  gcov_int_se
antidep-2501-fixed-N06AA-EUR.sumstats.gz Quest.sumstats.gz 0.6803 0.0344 19.7979 3.1031e-87  0.0705     0.0036  1.0171      0.009    0.1691       0.0049

Analysis finished at Mon Feb 10 14:52:59 2025
Total time elapsed: 13.36s
