*********************************************************************
* LD Score Regression (LDSC)
* Version 2.0.0
* (C) 2014-2019 Brendan Bulik-Sullivan and Hilary Finucane
* Broad Institute of MIT and Harvard / MIT Department of Mathematics
* GNU General Public License v3
*********************************************************************
Call: 
./ldsc.py \
--out antidep-2501-fixed-N06AB-EUR--BIP \
--rg antidep-2501-fixed-N06AB-EUR.sumstats.gz,BIP.sumstats.gz \
--ref-ld-chr eur_w_ld_chr/ \
--w-ld-chr eur_w_ld_chr/ 

Beginning analysis at Mon Feb 10 14:52:45 2025
Reading summary statistics from antidep-2501-fixed-N06AB-EUR.sumstats.gz ...
Read summary statistics for 1172119 SNPs.
Reading reference panel LD Score from eur_w_ld_chr/[1-22] ... (ldscore_fromlist)
Read reference panel LD Scores for 1290028 SNPs.
Removing partitioned LD Scores with zero variance.
Reading regression weight LD Score from eur_w_ld_chr/[1-22] ... (ldscore_fromlist)
Read regression weight LD Scores for 1290028 SNPs.
After merging with reference panel LD, 1165457 SNPs remain.
After merging with regression SNP LD, 1165457 SNPs remain.
Computing rg for phenotype 2/2
Reading summary statistics from BIP.sumstats.gz ...
Read summary statistics for 1100628 SNPs.
After merging with summary statistics, 1091406 SNPs remain.
1091406 SNPs with valid alleles.

Heritability of phenotype 1
---------------------------
Total Observed scale h2: 0.0506 (0.0032)
Lambda GC: 1.2234
Mean Chi^2: 1.2487
Intercept: 1.0334 (0.0091)
Ratio: 0.1344 (0.0364)

Heritability of phenotype 2/2
-----------------------------
Total Observed scale h2: 0.1756 (0.0076)
Lambda GC: 1.4839
Mean Chi^2: 1.6382
Intercept: 1.0652 (0.0119)
Ratio: 0.1021 (0.0186)

Genetic Covariance
------------------
Total Observed scale gencov: 0.0287 (0.0033)
Mean z1*z2: 0.1232
Intercept: 0.0187 (0.0072)

Genetic Correlation
-------------------
Genetic Correlation: 0.3042 (0.0334)
Z-score: 9.1035
P: 8.7453e-20


Summary of Genetic Correlation Results
                                      p1              p2     rg     se      z          p  h2_obs  h2_obs_se  h2_int  h2_int_se  gcov_int  gcov_int_se
antidep-2501-fixed-N06AB-EUR.sumstats.gz BIP.sumstats.gz 0.3042 0.0334 9.1035 8.7453e-20  0.1756     0.0076  1.0652     0.0119    0.0187       0.0072

Analysis finished at Mon Feb 10 14:52:57 2025
Total time elapsed: 12.34s
