*********************************************************************
* LD Score Regression (LDSC)
* Version 2.0.0
* (C) 2014-2019 Brendan Bulik-Sullivan and Hilary Finucane
* Broad Institute of MIT and Harvard / MIT Department of Mathematics
* GNU General Public License v3
*********************************************************************
Call: 
./ldsc.py \
--out antidep-2501-fixed-N06A-EUR--Neu \
--rg antidep-2501-fixed-N06A-EUR.sumstats.gz,Neu.sumstats.gz \
--ref-ld-chr eur_w_ld_chr/ \
--w-ld-chr eur_w_ld_chr/ 

Beginning analysis at Mon Feb 10 14:53:43 2025
Reading summary statistics from antidep-2501-fixed-N06A-EUR.sumstats.gz ...
Read summary statistics for 1156520 SNPs.
Reading reference panel LD Score from eur_w_ld_chr/[1-22] ... (ldscore_fromlist)
Read reference panel LD Scores for 1290028 SNPs.
Removing partitioned LD Scores with zero variance.
Reading regression weight LD Score from eur_w_ld_chr/[1-22] ... (ldscore_fromlist)
Read regression weight LD Scores for 1290028 SNPs.
After merging with reference panel LD, 1151105 SNPs remain.
After merging with regression SNP LD, 1151105 SNPs remain.
Computing rg for phenotype 2/2
Reading summary statistics from Neu.sumstats.gz ...
Read summary statistics for 1146831 SNPs.
After merging with summary statistics, 1108417 SNPs remain.
1108417 SNPs with valid alleles.

Heritability of phenotype 1
---------------------------
Total Observed scale h2: 0.0556 (0.0024)
Lambda GC: 1.4962
Mean Chi^2: 1.6088
Intercept: 1.0789 (0.0109)
Ratio: 0.1296 (0.0179)

Heritability of phenotype 2/2
-----------------------------
Total Observed scale h2: 0.1056 (0.0037)
Lambda GC: 1.6087
Mean Chi^2: 1.8285
Intercept: 1.0198 (0.0114)
Ratio: 0.0239 (0.0137)

Genetic Covariance
------------------
Total Observed scale gencov: 0.0504 (0.0022)
Mean z1*z2: 0.5136
Intercept: 0.0794 (0.0076)

Genetic Correlation
-------------------
Genetic Correlation: 0.657 (0.0178)
Z-score: 36.8588
P: 2.1113e-297


Summary of Genetic Correlation Results
                                     p1              p2    rg     se       z           p  h2_obs  h2_obs_se  h2_int  h2_int_se  gcov_int  gcov_int_se
antidep-2501-fixed-N06A-EUR.sumstats.gz Neu.sumstats.gz 0.657 0.0178 36.8588 2.1113e-297  0.1056     0.0037  1.0198     0.0114    0.0794       0.0076

Analysis finished at Mon Feb 10 14:53:56 2025
Total time elapsed: 13.11s
