*********************************************************************
* LD Score Regression (LDSC)
* Version 2.0.0
* (C) 2014-2019 Brendan Bulik-Sullivan and Hilary Finucane
* Broad Institute of MIT and Harvard / MIT Department of Mathematics
* GNU General Public License v3
*********************************************************************
Call: 
./ldsc.py \
--out antidep-2501-fixed-N06A-EUR--BIP \
--rg antidep-2501-fixed-N06A-EUR.sumstats.gz,BIP.sumstats.gz \
--ref-ld-chr eur_w_ld_chr/ \
--w-ld-chr eur_w_ld_chr/ 

Beginning analysis at Mon Feb 10 14:52:45 2025
Reading summary statistics from antidep-2501-fixed-N06A-EUR.sumstats.gz ...
Read summary statistics for 1156520 SNPs.
Reading reference panel LD Score from eur_w_ld_chr/[1-22] ... (ldscore_fromlist)
Read reference panel LD Scores for 1290028 SNPs.
Removing partitioned LD Scores with zero variance.
Reading regression weight LD Score from eur_w_ld_chr/[1-22] ... (ldscore_fromlist)
Read regression weight LD Scores for 1290028 SNPs.
After merging with reference panel LD, 1151105 SNPs remain.
After merging with regression SNP LD, 1151105 SNPs remain.
Computing rg for phenotype 2/2
Reading summary statistics from BIP.sumstats.gz ...
Read summary statistics for 1100628 SNPs.
After merging with summary statistics, 1080657 SNPs remain.
1080657 SNPs with valid alleles.

Heritability of phenotype 1
---------------------------
Total Observed scale h2: 0.055 (0.0023)
Lambda GC: 1.5071
Mean Chi^2: 1.618
Intercept: 1.0843 (0.0121)
Ratio: 0.1363 (0.0196)

Heritability of phenotype 2/2
-----------------------------
Total Observed scale h2: 0.1758 (0.0075)
Lambda GC: 1.4846
Mean Chi^2: 1.6389
Intercept: 1.0648 (0.0117)
Ratio: 0.1014 (0.0183)

Genetic Covariance
------------------
Total Observed scale gencov: 0.0387 (0.0029)
Mean z1*z2: 0.2623
Intercept: 0.0452 (0.008)

Genetic Correlation
-------------------
Genetic Correlation: 0.3935 (0.0243)
Z-score: 16.199
P: 5.1232e-59


Summary of Genetic Correlation Results
                                     p1              p2     rg     se      z          p  h2_obs  h2_obs_se  h2_int  h2_int_se  gcov_int  gcov_int_se
antidep-2501-fixed-N06A-EUR.sumstats.gz BIP.sumstats.gz 0.3935 0.0243 16.199 5.1232e-59  0.1758     0.0075  1.0648     0.0117    0.0452        0.008

Analysis finished at Mon Feb 10 14:52:58 2025
Total time elapsed: 12.44s
