*********************************************************************
* LD Score Regression (LDSC)
* Version 2.0.0
* (C) 2014-2019 Brendan Bulik-Sullivan and Hilary Finucane
* Broad Institute of MIT and Harvard / MIT Department of Mathematics
* GNU General Public License v3
*********************************************************************
Call: 
./ldsc.py \
--out antidep-2501-fixed-N06A-EUR--PD \
--rg antidep-2501-fixed-N06A-EUR.sumstats.gz,PD.sumstats.gz \
--ref-ld-chr eur_w_ld_chr/ \
--w-ld-chr eur_w_ld_chr/ 

Beginning analysis at Mon Feb 10 14:53:28 2025
Reading summary statistics from antidep-2501-fixed-N06A-EUR.sumstats.gz ...
Read summary statistics for 1156520 SNPs.
Reading reference panel LD Score from eur_w_ld_chr/[1-22] ... (ldscore_fromlist)
Read reference panel LD Scores for 1290028 SNPs.
Removing partitioned LD Scores with zero variance.
Reading regression weight LD Score from eur_w_ld_chr/[1-22] ... (ldscore_fromlist)
Read regression weight LD Scores for 1290028 SNPs.
After merging with reference panel LD, 1151105 SNPs remain.
After merging with regression SNP LD, 1151105 SNPs remain.
Computing rg for phenotype 2/2
Reading summary statistics from PD.sumstats.gz ...
Read summary statistics for 990446 SNPs.
After merging with summary statistics, 967320 SNPs remain.
967320 SNPs with valid alleles.

Heritability of phenotype 1
---------------------------
Total Observed scale h2: 0.0545 (0.0026)
Lambda GC: 1.5401
Mean Chi^2: 1.6561
Intercept: 1.0886 (0.0148)
Ratio: 0.1351 (0.0226)

Heritability of phenotype 2/2
-----------------------------
Total Observed scale h2: 0.4303 (0.0895)
Lambda GC: 1.0597
Mean Chi^2: 1.0636
Intercept: 1.0007 (0.0089)
Ratio: 0.0103 (0.1402)

Genetic Covariance
------------------
Total Observed scale gencov: 0.0612 (0.0102)
Mean z1*z2: 0.0865
Intercept: 0.0122 (0.0082)

Genetic Correlation
-------------------
Genetic Correlation: 0.3996 (0.0773)
Z-score: 5.1665
P: 2.3851e-07


Summary of Genetic Correlation Results
                                     p1             p2     rg     se      z          p  h2_obs  h2_obs_se  h2_int  h2_int_se  gcov_int  gcov_int_se
antidep-2501-fixed-N06A-EUR.sumstats.gz PD.sumstats.gz 0.3996 0.0773 5.1665 2.3851e-07  0.4303     0.0895  1.0007     0.0089    0.0122       0.0082

Analysis finished at Mon Feb 10 14:53:38 2025
Total time elapsed: 9.84s
