*********************************************************************
* LD Score Regression (LDSC)
* Version 2.0.0
* (C) 2014-2019 Brendan Bulik-Sullivan and Hilary Finucane
* Broad Institute of MIT and Harvard / MIT Department of Mathematics
* GNU General Public License v3
*********************************************************************
Call: 
./ldsc.py \
--out antidep-2501-fixed-N06A-EUR--EHR \
--rg antidep-2501-fixed-N06A-EUR.sumstats.gz,EHR.sumstats.gz \
--ref-ld-chr eur_w_ld_chr/ \
--w-ld-chr eur_w_ld_chr/ 

Beginning analysis at Mon Feb 10 14:53:54 2025
Reading summary statistics from antidep-2501-fixed-N06A-EUR.sumstats.gz ...
Read summary statistics for 1156520 SNPs.
Reading reference panel LD Score from eur_w_ld_chr/[1-22] ... (ldscore_fromlist)
Read reference panel LD Scores for 1290028 SNPs.
Removing partitioned LD Scores with zero variance.
Reading regression weight LD Score from eur_w_ld_chr/[1-22] ... (ldscore_fromlist)
Read regression weight LD Scores for 1290028 SNPs.
After merging with reference panel LD, 1151105 SNPs remain.
After merging with regression SNP LD, 1151105 SNPs remain.
Computing rg for phenotype 2/2
Reading summary statistics from EHR.sumstats.gz ...
Read summary statistics for 1082647 SNPs.
After merging with summary statistics, 1062330 SNPs remain.
1062330 SNPs with valid alleles.

Heritability of phenotype 1
---------------------------
Total Observed scale h2: 0.0544 (0.0022)
Lambda GC: 1.4926
Mean Chi^2: 1.5969
Intercept: 1.0845 (0.0102)
Ratio: 0.1416 (0.0171)

Heritability of phenotype 2/2
-----------------------------
Total Observed scale h2: 0.0486 (0.0017)
Lambda GC: 1.6409
Mean Chi^2: 1.8384
Intercept: 1.0353 (0.0128)
Ratio: 0.0421 (0.0153)

Genetic Covariance
------------------
Total Observed scale gencov: 0.0479 (0.0017)
Mean z1*z2: 0.6768
Intercept: 0.0806 (0.009)

Genetic Correlation
-------------------
Genetic Correlation: 0.9313 (0.0158)
Z-score: 59.0995
P: 0.


Summary of Genetic Correlation Results
                                     p1              p2     rg     se       z   p  h2_obs  h2_obs_se  h2_int  h2_int_se  gcov_int  gcov_int_se
antidep-2501-fixed-N06A-EUR.sumstats.gz EHR.sumstats.gz 0.9313 0.0158 59.0995 0.0  0.0486     0.0017  1.0353     0.0128    0.0806        0.009

Analysis finished at Mon Feb 10 14:54:08 2025
Total time elapsed: 13.79s
