*********************************************************************
* LD Score Regression (LDSC)
* Version 2.0.0
* (C) 2014-2019 Brendan Bulik-Sullivan and Hilary Finucane
* Broad Institute of MIT and Harvard / MIT Department of Mathematics
* GNU General Public License v3
*********************************************************************
Call: 
./ldsc.py \
--out antidep-2501-fixed-N06AA-EUR--ADHD \
--rg antidep-2501-fixed-N06AA-EUR.sumstats.gz,ADHD.sumstats.gz \
--ref-ld-chr eur_w_ld_chr/ \
--w-ld-chr eur_w_ld_chr/ 

Beginning analysis at Mon Feb 10 14:53:01 2025
Reading summary statistics from antidep-2501-fixed-N06AA-EUR.sumstats.gz ...
Read summary statistics for 1172484 SNPs.
Reading reference panel LD Score from eur_w_ld_chr/[1-22] ... (ldscore_fromlist)
Read reference panel LD Scores for 1290028 SNPs.
Removing partitioned LD Scores with zero variance.
Reading regression weight LD Score from eur_w_ld_chr/[1-22] ... (ldscore_fromlist)
Read regression weight LD Scores for 1290028 SNPs.
After merging with reference panel LD, 1165758 SNPs remain.
After merging with regression SNP LD, 1165758 SNPs remain.
Computing rg for phenotype 2/2
Reading summary statistics from ADHD.sumstats.gz ...
Read summary statistics for 1067415 SNPs.
After merging with summary statistics, 1055749 SNPs remain.
1055749 SNPs with valid alleles.

Heritability of phenotype 1
---------------------------
Total Observed scale h2: 0.0479 (0.004)
Lambda GC: 1.2234
Mean Chi^2: 1.2315
Intercept: 1.061 (0.0098)
Ratio: 0.2635 (0.0422)

Heritability of phenotype 2/2
-----------------------------
Total Observed scale h2: 0.2738 (0.0179)
Lambda GC: 1.2539
Mean Chi^2: 1.2974
Intercept: 1.0361 (0.0103)
Ratio: 0.1214 (0.0348)

Genetic Covariance
------------------
Total Observed scale gencov: 0.0609 (0.0055)
Mean z1*z2: 0.1203
Intercept: 0.0085 (0.0069)

Genetic Correlation
-------------------
Genetic Correlation: 0.5316 (0.0497)
Z-score: 10.7057
P: 9.5689e-27


Summary of Genetic Correlation Results
                                      p1               p2     rg     se       z          p  h2_obs  h2_obs_se  h2_int  h2_int_se  gcov_int  gcov_int_se
antidep-2501-fixed-N06AA-EUR.sumstats.gz ADHD.sumstats.gz 0.5316 0.0497 10.7057 9.5689e-27  0.2738     0.0179  1.0361     0.0103    0.0085       0.0069

Analysis finished at Mon Feb 10 14:53:13 2025
Total time elapsed: 11.37s
