*********************************************************************
* LD Score Regression (LDSC)
* Version 2.0.0
* (C) 2014-2019 Brendan Bulik-Sullivan and Hilary Finucane
* Broad Institute of MIT and Harvard / MIT Department of Mathematics
* GNU General Public License v3
*********************************************************************
Call: 
./ldsc.py \
--out antidep-2501-fixed-N06A-EUR--Help \
--rg antidep-2501-fixed-N06A-EUR.sumstats.gz,Help.sumstats.gz \
--ref-ld-chr eur_w_ld_chr/ \
--w-ld-chr eur_w_ld_chr/ 

Beginning analysis at Mon Feb 10 14:53:15 2025
Reading summary statistics from antidep-2501-fixed-N06A-EUR.sumstats.gz ...
Read summary statistics for 1156520 SNPs.
Reading reference panel LD Score from eur_w_ld_chr/[1-22] ... (ldscore_fromlist)
Read reference panel LD Scores for 1290028 SNPs.
Removing partitioned LD Scores with zero variance.
Reading regression weight LD Score from eur_w_ld_chr/[1-22] ... (ldscore_fromlist)
Read regression weight LD Scores for 1290028 SNPs.
After merging with reference panel LD, 1151105 SNPs remain.
After merging with regression SNP LD, 1151105 SNPs remain.
Computing rg for phenotype 2/2
Reading summary statistics from Help.sumstats.gz ...
Read summary statistics for 1173591 SNPs.
After merging with summary statistics, 1140899 SNPs remain.
1140899 SNPs with valid alleles.

Heritability of phenotype 1
---------------------------
Total Observed scale h2: 0.0556 (0.0024)
Lambda GC: 1.4926
Mean Chi^2: 1.6019
Intercept: 1.0798 (0.0107)
Ratio: 0.1325 (0.0178)

Heritability of phenotype 2/2
-----------------------------
Total Observed scale h2: 0.0681 (0.0031)
Lambda GC: 1.328
Mean Chi^2: 1.3974
Intercept: 1.0074 (0.0086)
Ratio: 0.0186 (0.0216)

Genetic Covariance
------------------
Total Observed scale gencov: 0.0508 (0.0022)
Mean z1*z2: 0.4893
Intercept: 0.1134 (0.0073)

Genetic Correlation
-------------------
Genetic Correlation: 0.8251 (0.0204)
Z-score: 40.3751
P: 0.


Summary of Genetic Correlation Results
                                     p1               p2     rg     se       z   p  h2_obs  h2_obs_se  h2_int  h2_int_se  gcov_int  gcov_int_se
antidep-2501-fixed-N06A-EUR.sumstats.gz Help.sumstats.gz 0.8251 0.0204 40.3751 0.0  0.0681     0.0031  1.0074     0.0086    0.1134       0.0073

Analysis finished at Mon Feb 10 14:53:27 2025
Total time elapsed: 11.57s
