*********************************************************************
* LD Score Regression (LDSC)
* Version 2.0.0
* (C) 2014-2019 Brendan Bulik-Sullivan and Hilary Finucane
* Broad Institute of MIT and Harvard / MIT Department of Mathematics
* GNU General Public License v3
*********************************************************************
Call: 
./ldsc.py \
--out antidep-2501-fixed-N06AB-EUR--EHR \
--rg antidep-2501-fixed-N06AB-EUR.sumstats.gz,EHR.sumstats.gz \
--ref-ld-chr eur_w_ld_chr/ \
--w-ld-chr eur_w_ld_chr/ 

Beginning analysis at Mon Feb 10 14:53:57 2025
Reading summary statistics from antidep-2501-fixed-N06AB-EUR.sumstats.gz ...
Read summary statistics for 1172119 SNPs.
Reading reference panel LD Score from eur_w_ld_chr/[1-22] ... (ldscore_fromlist)
Read reference panel LD Scores for 1290028 SNPs.
Removing partitioned LD Scores with zero variance.
Reading regression weight LD Score from eur_w_ld_chr/[1-22] ... (ldscore_fromlist)
Read regression weight LD Scores for 1290028 SNPs.
After merging with reference panel LD, 1165457 SNPs remain.
After merging with regression SNP LD, 1165457 SNPs remain.
Computing rg for phenotype 2/2
Reading summary statistics from EHR.sumstats.gz ...
Read summary statistics for 1082647 SNPs.
After merging with summary statistics, 1071681 SNPs remain.
1071681 SNPs with valid alleles.

Heritability of phenotype 1
---------------------------
Total Observed scale h2: 0.0494 (0.0029)
Lambda GC: 1.2136
Mean Chi^2: 1.2386
Intercept: 1.0344 (0.008)
Ratio: 0.1441 (0.0336)

Heritability of phenotype 2/2
-----------------------------
Total Observed scale h2: 0.0487 (0.0017)
Lambda GC: 1.6402
Mean Chi^2: 1.8369
Intercept: 1.035 (0.0129)
Ratio: 0.0418 (0.0154)

Genetic Covariance
------------------
Total Observed scale gencov: 0.043 (0.0018)
Mean z1*z2: 0.372
Intercept: 0.0172 (0.0071)

Genetic Correlation
-------------------
Genetic Correlation: 0.8764 (0.0281)
Z-score: 31.2237
P: 5.0824e-214


Summary of Genetic Correlation Results
                                      p1              p2     rg     se       z           p  h2_obs  h2_obs_se  h2_int  h2_int_se  gcov_int  gcov_int_se
antidep-2501-fixed-N06AB-EUR.sumstats.gz EHR.sumstats.gz 0.8764 0.0281 31.2237 5.0824e-214  0.0487     0.0017   1.035     0.0129    0.0172       0.0071

Analysis finished at Mon Feb 10 14:54:10 2025
Total time elapsed: 13.12s
