*********************************************************************
* LD Score Regression (LDSC)
* Version 2.0.0
* (C) 2014-2019 Brendan Bulik-Sullivan and Hilary Finucane
* Broad Institute of MIT and Harvard / MIT Department of Mathematics
* GNU General Public License v3
*********************************************************************
Call: 
./ldsc.py \
--out antidep-2501-fixed-N06AA-EUR--PTSD \
--rg antidep-2501-fixed-N06AA-EUR.sumstats.gz,PTSD.sumstats.gz \
--ref-ld-chr eur_w_ld_chr/ \
--w-ld-chr eur_w_ld_chr/ 

Beginning analysis at Mon Feb 10 14:54:15 2025
Reading summary statistics from antidep-2501-fixed-N06AA-EUR.sumstats.gz ...
Read summary statistics for 1172484 SNPs.
Reading reference panel LD Score from eur_w_ld_chr/[1-22] ... (ldscore_fromlist)
Read reference panel LD Scores for 1290028 SNPs.
Removing partitioned LD Scores with zero variance.
Reading regression weight LD Score from eur_w_ld_chr/[1-22] ... (ldscore_fromlist)
Read regression weight LD Scores for 1290028 SNPs.
After merging with reference panel LD, 1165758 SNPs remain.
After merging with regression SNP LD, 1165758 SNPs remain.
Computing rg for phenotype 2/2
Reading summary statistics from PTSD.sumstats.gz ...
Read summary statistics for 1172481 SNPs.
After merging with summary statistics, 1146898 SNPs remain.
1146898 SNPs with valid alleles.

Heritability of phenotype 1
---------------------------
Total Observed scale h2: 0.0487 (0.0036)
Lambda GC: 1.2103
Mean Chi^2: 1.2212
Intercept: 1.0574 (0.0081)
Ratio: 0.2596 (0.0365)

Heritability of phenotype 2/2
-----------------------------
Total Observed scale h2: 0.0213 (0.0036)
Lambda GC: 1.0689
Mean Chi^2: 1.0787
Intercept: 1.0203 (0.0063)
Ratio: 0.2585 (0.0797)

Genetic Covariance
------------------
Total Observed scale gencov: 0.0205 (0.0023)
Mean z1*z2: 0.0725
Intercept: 0.0097 (0.0048)

Genetic Correlation
-------------------
Genetic Correlation: 0.6347 (0.0854)
Z-score: 7.4347
P: 1.0481e-13


Summary of Genetic Correlation Results
                                      p1               p2     rg     se      z          p  h2_obs  h2_obs_se  h2_int  h2_int_se  gcov_int  gcov_int_se
antidep-2501-fixed-N06AA-EUR.sumstats.gz PTSD.sumstats.gz 0.6347 0.0854 7.4347 1.0481e-13  0.0213     0.0036  1.0203     0.0063    0.0097       0.0048

Analysis finished at Mon Feb 10 14:54:27 2025
Total time elapsed: 11.71s
