
Software parameters:
--sst_file = antidep-2501-fixed-N06A-SAS.ma,antidep-2501-fixed-N06A-AFR.ma,antidep-2501-fixed-N06A-EUR.ma
--ld_file = SAS,AFR,EUR
--n_gwas = 5814,39865,483572
--out_dir = .
--out_name = SuSiEx.SAS-AFR-EUR.output.cs95_4:176759992:176959992
--chr = 4
--bp = 176759992,176959992
--chr_col = 9,9,9
--snp_col = 1,1,1
--bp_col = 10,10,10
--a1_col = 2,2,2
--a2_col = 3,3,3
--eff_col = 5,5,5
--se_col = 6,6,6
--pval_col = 7,7,7
--plink = plink
--keep-ambig = true
--mult-step = true
--precmp = true
--maf = 0.005
--level = 0.95
--min_purity = 0.5
--pval_thresh = 1e-05
--tol = 0.0001
--n_sig = 5
--max_iter = 100
--threads = 1
... parse reference file: SAS_ref.bim ...
... 418 SNPs in the fine-mapping region read from SAS_ref.bim ...
... 928 SNPs in the fine-mapping region read from antidep-2501-fixed-N06A-SAS.ma ...
... parse reference file: AFR_ref.bim ...
... 206 SNPs in the fine-mapping region read from AFR_ref.bim ...
... 1771 SNPs in the fine-mapping region read from antidep-2501-fixed-N06A-AFR.ma ...
... parse reference file: EUR_ref.bim ...
... 604 SNPs in the fine-mapping region read from EUR_ref.bim ...
... 850 SNPs in the fine-mapping region read from antidep-2501-fixed-N06A-EUR.ma ...
... 0 common SNPs in the reference and sumstats ...
... parse LD file: SAS.ld.bin ...
... (418,418) LD matrix read from SAS.ld.bin ...
... parse LD file: AFR.ld.bin ...
... (206,206) LD matrix read from AFR.ld.bin ...
... parse LD file: EUR.ld.bin ...
... (604,604) LD matrix read from EUR.ld.bin ...
* Mult-step model fitting *
... fit SuSiEx model with 5 signals...
--- iter-1 ---
--- iter-2 ---
--- iter-3 ---
--- iter-4 ---
--- iter-5 ---
--- iter-6 ---
--- iter-7 ---
--- iter-8 ---
--- iter-9 ---
--- iter-10 ---
--- iter-11 ---
--- iter-12 ---
--- iter-13 ---
--- iter-14 ---
--- iter-15 ---
--- iter-16 ---
--- iter-17 ---
--- iter-18 ---
--- iter-19 ---
--- iter-20 ---
--- iter-21 ---
--- iter-22 ---
--- iter-23 ---
--- iter-24 ---
--- iter-25 ---
--- iter-26 ---
--- iter-27 ---
--- iter-28 ---
--- iter-29 ---
--- iter-30 ---
--- iter-31 ---
--- iter-32 ---
--- iter-33 ---
--- iter-34 ---
--- iter-35 ---
--- iter-36 ---
--- iter-37 ---
--- iter-38 ---
--- iter-39 ---
--- iter-40 ---
--- iter-41 ---
--- iter-42 ---
--- iter-43 ---
--- iter-44 ---
--- iter-45 ---
--- iter-46 ---
--- iter-47 ---
--- iter-48 ---
--- iter-49 ---
--- iter-50 ---
--- iter-51 ---
--- iter-52 ---
--- iter-53 ---
--- iter-54 ---
--- iter-55 ---
--- iter-56 ---
--- iter-57 ---
--- iter-58 ---
--- iter-59 ---
--- iter-60 ---
--- iter-61 ---
--- iter-62 ---
--- iter-63 ---
--- iter-64 ---
--- iter-65 ---
--- iter-66 ---
--- iter-67 ---
--- iter-68 ---
--- iter-69 ---
--- iter-70 ---
--- iter-71 ---
--- iter-72 ---
--- iter-73 ---
--- iter-74 ---
--- iter-75 ---
--- iter-76 ---
--- iter-77 ---
--- iter-78 ---
--- iter-79 ---
--- iter-80 ---
--- iter-81 ---
--- iter-82 ---
--- iter-83 ---
--- iter-84 ---
--- iter-85 ---
--- iter-86 ---
--- iter-87 ---
--- iter-88 ---
--- iter-89 ---
--- iter-90 ---
--- iter-91 ---
--- iter-92 ---
--- iter-93 ---
--- iter-94 ---
--- iter-95 ---
--- iter-96 ---
--- iter-97 ---
--- iter-98 ---
--- iter-99 ---
--- iter-100 ---
... fit SuSiEx model with 4 signals...
--- iter-1 ---
--- iter-2 ---
--- iter-3 ---
--- iter-4 ---
--- iter-5 ---
--- iter-6 ---
--- iter-7 ---
--- iter-8 ---
--- iter-9 ---
--- iter-10 ---
--- iter-11 ---
--- iter-12 ---
--- iter-13 ---
--- iter-14 ---
--- iter-15 ---
--- iter-16 ---
--- iter-17 ---
--- iter-18 ---
--- iter-19 ---
--- iter-20 ---
--- iter-21 ---
--- iter-22 ---
--- iter-23 ---
--- iter-24 ---
--- iter-25 ---
--- iter-26 ---
--- iter-27 ---
--- iter-28 ---
--- iter-29 ---
--- iter-30 ---
--- iter-31 ---
--- iter-32 ---
--- iter-33 ---
--- iter-34 ---
--- iter-35 ---
--- iter-36 ---
--- iter-37 ---
--- iter-38 ---
--- iter-39 ---
--- iter-40 ---
--- iter-41 ---
--- iter-42 ---
--- iter-43 ---
--- iter-44 ---
--- iter-45 ---
--- iter-46 ---
--- iter-47 ---
--- iter-48 ---
--- iter-49 ---
--- iter-50 ---
--- iter-51 ---
--- iter-52 ---
--- iter-53 ---
--- iter-54 ---
--- iter-55 ---
--- iter-56 ---
--- iter-57 ---
--- iter-58 ---
--- iter-59 ---
--- iter-60 ---
--- iter-61 ---
--- iter-62 ---
--- iter-63 ---
--- iter-64 ---
--- iter-65 ---
--- iter-66 ---
--- iter-67 ---
--- iter-68 ---
--- iter-69 ---
--- iter-70 ---
--- iter-71 ---
--- iter-72 ---
--- iter-73 ---
--- iter-74 ---
--- iter-75 ---
--- iter-76 ---
--- iter-77 ---
--- iter-78 ---
--- iter-79 ---
--- iter-80 ---
--- iter-81 ---
--- iter-82 ---
--- iter-83 ---
--- iter-84 ---
--- iter-85 ---
--- iter-86 ---
--- iter-87 ---
--- iter-88 ---
--- iter-89 ---
--- iter-90 ---
--- iter-91 ---
--- iter-92 ---
--- iter-93 ---
--- iter-94 ---
--- iter-95 ---
--- iter-96 ---
--- iter-97 ---
--- iter-98 ---
--- iter-99 ---
--- iter-100 ---
... fit SuSiEx model with 3 signals...
--- iter-1 ---
--- iter-2 ---
--- iter-3 ---
--- iter-4 ---
--- iter-5 ---
--- iter-6 ---
--- iter-7 ---
--- iter-8 ---
--- iter-9 ---
--- iter-10 ---
--- iter-11 ---
--- iter-12 ---
--- iter-13 ---
--- iter-14 ---
--- iter-15 ---
--- iter-16 ---
--- iter-17 ---
--- iter-18 ---
--- iter-19 ---
--- iter-20 ---
--- iter-21 ---
--- iter-22 ---
--- iter-23 ---
--- iter-24 ---
--- iter-25 ---
--- iter-26 ---
--- iter-27 ---
--- iter-28 ---
--- iter-29 ---
--- iter-30 ---
--- iter-31 ---
--- iter-32 ---
--- iter-33 ---
--- iter-34 ---
--- iter-35 ---
--- iter-36 ---
--- iter-37 ---
--- iter-38 ---
--- iter-39 ---
--- iter-40 ---
--- iter-41 ---
--- iter-42 ---
--- iter-43 ---
--- iter-44 ---
--- iter-45 ---
--- iter-46 ---
--- iter-47 ---
--- iter-48 ---
--- iter-49 ---
--- iter-50 ---
--- iter-51 ---
--- iter-52 ---
--- iter-53 ---
--- iter-54 ---
--- iter-55 ---
--- iter-56 ---
--- iter-57 ---
--- iter-58 ---
--- iter-59 ---
--- iter-60 ---
--- iter-61 ---
--- iter-62 ---
--- iter-63 ---
--- iter-64 ---
--- iter-65 ---
--- iter-66 ---
--- iter-67 ---
--- iter-68 ---
--- iter-69 ---
--- iter-70 ---
--- iter-71 ---
--- iter-72 ---
--- iter-73 ---
--- iter-74 ---
--- iter-75 ---
--- iter-76 ---
--- iter-77 ---
--- iter-78 ---
--- iter-79 ---
--- iter-80 ---
--- iter-81 ---
--- iter-82 ---
--- iter-83 ---
--- iter-84 ---
--- iter-85 ---
--- iter-86 ---
--- iter-87 ---
--- iter-88 ---
--- iter-89 ---
--- iter-90 ---
--- iter-91 ---
--- iter-92 ---
--- iter-93 ---
--- iter-94 ---
--- iter-95 ---
--- iter-96 ---
--- iter-97 ---
--- iter-98 ---
--- iter-99 ---
--- iter-100 ---
... fit SuSiEx model with 2 signals...
--- iter-1 ---
--- iter-2 ---
--- iter-3 ---
--- iter-4 ---
--- iter-5 ---
--- iter-6 ---
--- iter-7 ---
--- iter-8 ---
--- iter-9 ---
--- iter-10 ---
--- iter-11 ---
--- iter-12 ---
--- iter-13 ---
--- iter-14 ---
--- iter-15 ---
--- iter-16 ---
--- iter-17 ---
--- iter-18 ---
--- iter-19 ---
--- iter-20 ---
--- iter-21 ---
--- iter-22 ---
--- iter-23 ---
--- iter-24 ---
--- iter-25 ---
--- iter-26 ---
--- iter-27 ---
--- iter-28 ---
--- iter-29 ---
--- iter-30 ---
--- iter-31 ---
--- iter-32 ---
--- iter-33 ---
--- iter-34 ---
--- iter-35 ---
--- iter-36 ---
--- iter-37 ---
--- iter-38 ---
--- iter-39 ---
--- iter-40 ---
--- iter-41 ---
--- iter-42 ---
--- iter-43 ---
--- iter-44 ---
--- iter-45 ---
--- iter-46 ---
--- iter-47 ---
--- iter-48 ---
--- iter-49 ---
--- iter-50 ---
--- iter-51 ---
--- iter-52 ---
--- iter-53 ---
--- iter-54 ---
--- iter-55 ---
--- iter-56 ---
--- iter-57 ---
--- iter-58 ---
--- iter-59 ---
--- iter-60 ---
--- iter-61 ---
--- iter-62 ---
--- iter-63 ---
--- iter-64 ---
--- iter-65 ---
--- iter-66 ---
--- iter-67 ---
--- iter-68 ---
--- iter-69 ---
--- iter-70 ---
--- iter-71 ---
--- iter-72 ---
--- iter-73 ---
--- iter-74 ---
--- iter-75 ---
--- iter-76 ---
--- iter-77 ---
--- iter-78 ---
--- iter-79 ---
--- iter-80 ---
--- iter-81 ---
--- iter-82 ---
--- iter-83 ---
--- iter-84 ---
--- iter-85 ---
--- iter-86 ---
--- iter-87 ---
--- iter-88 ---
--- iter-89 ---
--- iter-90 ---
--- iter-91 ---
--- iter-92 ---
--- iter-93 ---
--- iter-94 ---
--- iter-95 ---
--- iter-96 ---
--- iter-97 ---
--- iter-98 ---
--- iter-99 ---
--- iter-100 ---
... fit SuSiEx model with 1 signals...
--- iter-1 ---
--- iter-2 ---
--- iter-3 ---
--- iter-4 ---
--- iter-5 ---
--- iter-6 ---
--- iter-7 ---
--- iter-8 ---
--- iter-9 ---
--- iter-10 ---
--- iter-11 ---
--- iter-12 ---
--- iter-13 ---
--- iter-14 ---
--- iter-15 ---
--- iter-16 ---
--- iter-17 ---
--- iter-18 ---
--- iter-19 ---
--- iter-20 ---
--- iter-21 ---
--- iter-22 ---
--- iter-23 ---
--- iter-24 ---
--- iter-25 ---
--- iter-26 ---
--- iter-27 ---
--- iter-28 ---
--- iter-29 ---
--- iter-30 ---
--- iter-31 ---
--- iter-32 ---
--- iter-33 ---
--- iter-34 ---
--- iter-35 ---
--- iter-36 ---
--- iter-37 ---
--- iter-38 ---
--- iter-39 ---
--- iter-40 ---
--- iter-41 ---
--- iter-42 ---
--- iter-43 ---
--- iter-44 ---
--- iter-45 ---
--- iter-46 ---
--- iter-47 ---
--- iter-48 ---
--- iter-49 ---
--- iter-50 ---
--- iter-51 ---
--- iter-52 ---
--- iter-53 ---
--- iter-54 ---
--- iter-55 ---
--- iter-56 ---
--- iter-57 ---
--- iter-58 ---
--- iter-59 ---
--- iter-60 ---
--- iter-61 ---
--- iter-62 ---
--- iter-63 ---
--- iter-64 ---
--- iter-65 ---
--- iter-66 ---
--- iter-67 ---
--- iter-68 ---
--- iter-69 ---
--- iter-70 ---
--- iter-71 ---
--- iter-72 ---
--- iter-73 ---
--- iter-74 ---
--- iter-75 ---
--- iter-76 ---
--- iter-77 ---
--- iter-78 ---
--- iter-79 ---
--- iter-80 ---
--- iter-81 ---
--- iter-82 ---
--- iter-83 ---
--- iter-84 ---
--- iter-85 ---
--- iter-86 ---
--- iter-87 ---
--- iter-88 ---
--- iter-89 ---
--- iter-90 ---
--- iter-91 ---
--- iter-92 ---
--- iter-93 ---
--- iter-94 ---
--- iter-95 ---
--- iter-96 ---
--- iter-97 ---
--- iter-98 ---
--- iter-99 ---
--- iter-100 ---
... fit SuSiEx model with 0 signals...
--- iter-1 ---
--- iter-2 ---
... write credible sets to file: ./SuSiEx.SAS-AFR-EUR.output.cs95_4:176759992:176959992.summary/.cs/.snp ...
