PLINK v2.0.0-a.6.5LM 64-bit Intel (22 Dec 2024)
Options in effect:
  --make-bed
  --memory 8589
  --mind 0.02
  --out ukb_imp_v3.qc.geno02.mind02_SAS_3
  --pfile ukb_imp_v3.qc.geno02_SAS_3 vzs
  --threads 4

Hostname: node2b05.ecdf.ed.ac.uk
Working directory: /exports/eddie/scratch/aedmond3/ad/work/36/80f3cbf0ff229bc4cef7734af71f7a
Start time: Fri Mar  7 15:12:36 2025

Random number seed: 1741360356
1030881 MiB RAM detected, ~991167 available; reserving 8589 MiB for main
workspace.
Allocated 6441 MiB successfully, after larger attempt(s) failed.
Using up to 4 compute threads.
7500 samples (3505 females, 3995 males; 7500 founders) loaded from
ukb_imp_v3.qc.geno02_SAS_3.psam.
444729 variants loaded from ukb_imp_v3.qc.geno02_SAS_3.pvar.zst.
Note: No phenotype data present.
Calculating sample missingness rates... done.
18 samples removed due to missing genotype data (--mind).
IDs written to ukb_imp_v3.qc.geno02.mind02_SAS_3.mindrem.id .
7482 samples (3495 females, 3987 males; 7482 founders) remaining after main
filters.
Writing ukb_imp_v3.qc.geno02.mind02_SAS_3.fam ... done.
Writing ukb_imp_v3.qc.geno02.mind02_SAS_3.bim ... done.
Writing ukb_imp_v3.qc.geno02.mind02_SAS_3.bed ... done.

End time: Fri Mar  7 15:12:38 2025
