PLINK v2.0.0-a.6.5LM 64-bit Intel (22 Dec 2024)
Options in effect:
  --make-bed
  --memory 8589
  --mind 0.02
  --out ukb_imp_v3.qc.geno02.mind02_SAS_18
  --pfile ukb_imp_v3.qc.geno02_SAS_18 vzs
  --threads 4

Hostname: node2b03.ecdf.ed.ac.uk
Working directory: /exports/eddie/scratch/aedmond3/ad/work/e2/7167a21075926fdcb9dcb06f5f9ad0
Start time: Fri Mar  7 15:03:34 2025

Random number seed: 1741359814
1030881 MiB RAM detected, ~967399 available; reserving 8589 MiB for main
workspace.
Allocated 6441 MiB successfully, after larger attempt(s) failed.
Using up to 4 compute threads.
7500 samples (3505 females, 3995 males; 7500 founders) loaded from
ukb_imp_v3.qc.geno02_SAS_18.psam.
171416 variants loaded from ukb_imp_v3.qc.geno02_SAS_18.pvar.zst.
Note: No phenotype data present.
Calculating sample missingness rates... done.
31 samples removed due to missing genotype data (--mind).
IDs written to ukb_imp_v3.qc.geno02.mind02_SAS_18.mindrem.id .
7469 samples (3490 females, 3979 males; 7469 founders) remaining after main
filters.
Writing ukb_imp_v3.qc.geno02.mind02_SAS_18.fam ... done.
Writing ukb_imp_v3.qc.geno02.mind02_SAS_18.bim ... done.
Writing ukb_imp_v3.qc.geno02.mind02_SAS_18.bed ... done.

End time: Fri Mar  7 15:03:36 2025
