PLINK v2.0.0-a.6.5LM 64-bit Intel (22 Dec 2024)
Options in effect:
  --make-bed
  --memory 8589
  --mind 0.02
  --out ukb_imp_v3.qc.geno02.mind02_SAS_14
  --pfile ukb_imp_v3.qc.geno02_SAS_14 vzs
  --threads 4

Hostname: node2b08.ecdf.ed.ac.uk
Working directory: /exports/eddie/scratch/aedmond3/ad/work/e1/d1d522a1e7e96fdfc49ea59e0b8988
Start time: Fri Mar  7 15:05:02 2025

Random number seed: 1741359902
1030881 MiB RAM detected, ~978229 available; reserving 8589 MiB for main
workspace.
Allocated 6441 MiB successfully, after larger attempt(s) failed.
Using up to 4 compute threads.
7500 samples (3505 females, 3995 males; 7500 founders) loaded from
ukb_imp_v3.qc.geno02_SAS_14.psam.
203318 variants loaded from ukb_imp_v3.qc.geno02_SAS_14.pvar.zst.
Note: No phenotype data present.
Calculating sample missingness rates... done.
30 samples removed due to missing genotype data (--mind).
IDs written to ukb_imp_v3.qc.geno02.mind02_SAS_14.mindrem.id .
7470 samples (3490 females, 3980 males; 7470 founders) remaining after main
filters.
Writing ukb_imp_v3.qc.geno02.mind02_SAS_14.fam ... done.
Writing ukb_imp_v3.qc.geno02.mind02_SAS_14.bim ... done.
Writing ukb_imp_v3.qc.geno02.mind02_SAS_14.bed ... done.

End time: Fri Mar  7 15:05:05 2025
