PLINK v2.0.0-a.6.5LM 64-bit Intel (22 Dec 2024)
Options in effect:
  --make-bed
  --memory 8589
  --mind 0.02
  --out ukb_imp_v3.qc.geno02.mind02_EUR_17
  --pfile ukb_imp_v3.qc.geno02_EUR_17 vzs
  --threads 4

Hostname: node2b08.ecdf.ed.ac.uk
Working directory: /exports/eddie/scratch/aedmond3/ad/work/96/cb4f6f1944d902f0628908b2af5160
Start time: Fri Mar  7 15:04:14 2025

Random number seed: 1741359854
1030881 MiB RAM detected, ~969063 available; reserving 8589 MiB for main
workspace.
Allocated 6441 MiB successfully, after larger attempt(s) failed.
Using up to 4 compute threads.
7500 samples (3987 females, 3513 males; 7500 founders) loaded from
ukb_imp_v3.qc.geno02_EUR_17.psam.
238424 variants loaded from ukb_imp_v3.qc.geno02_EUR_17.pvar.zst.
Note: No phenotype data present.
Calculating sample missingness rates... done.
0 samples removed due to missing genotype data (--mind).
7500 samples (3987 females, 3513 males; 7500 founders) remaining after main
filters.
Writing ukb_imp_v3.qc.geno02.mind02_EUR_17.fam ... done.
Writing ukb_imp_v3.qc.geno02.mind02_EUR_17.bim ... done.
Writing ukb_imp_v3.qc.geno02.mind02_EUR_17.bed ... done.

End time: Fri Mar  7 15:04:16 2025
