PLINK v2.0.0-a.6.5LM 64-bit Intel (22 Dec 2024)
Options in effect:
  --make-bed
  --memory 8589
  --mind 0.02
  --out ukb_imp_v3.qc.geno02.mind02_EUR_4
  --pfile ukb_imp_v3.qc.geno02_EUR_4 vzs
  --threads 4

Hostname: node2b08.ecdf.ed.ac.uk
Working directory: /exports/eddie/scratch/aedmond3/ad/work/d3/c4d73b0ec4e78b1512b065319513c9
Start time: Fri Mar  7 15:12:20 2025

Random number seed: 1741360340
1030881 MiB RAM detected, ~989588 available; reserving 8589 MiB for main
workspace.
Allocated 6441 MiB successfully, after larger attempt(s) failed.
Using up to 4 compute threads.
7500 samples (3987 females, 3513 males; 7500 founders) loaded from
ukb_imp_v3.qc.geno02_EUR_4.psam.
684092 variants loaded from ukb_imp_v3.qc.geno02_EUR_4.pvar.zst.
Note: No phenotype data present.
Calculating sample missingness rates... done.
2 samples removed due to missing genotype data (--mind).
IDs written to ukb_imp_v3.qc.geno02.mind02_EUR_4.mindrem.id .
7498 samples (3986 females, 3512 males; 7498 founders) remaining after main
filters.
Writing ukb_imp_v3.qc.geno02.mind02_EUR_4.fam ... done.
Writing ukb_imp_v3.qc.geno02.mind02_EUR_4.bim ... done.
Writing ukb_imp_v3.qc.geno02.mind02_EUR_4.bed ... done.

End time: Fri Mar  7 15:12:27 2025
