PLINK v2.0.0-a.6.5LM 64-bit Intel (22 Dec 2024)
Options in effect:
  --make-bed
  --memory 8589
  --mind 0.02
  --out ukb_imp_v3.qc.geno02.mind02_EUR_1
  --pfile ukb_imp_v3.qc.geno02_EUR_1 vzs
  --threads 4

Hostname: node2b07.ecdf.ed.ac.uk
Working directory: /exports/eddie/scratch/aedmond3/ad/work/4a/d5bdea7f1a98040f05ca4dbf4543c8
Start time: Fri Mar  7 15:12:45 2025

Random number seed: 1741360365
1030881 MiB RAM detected, ~998852 available; reserving 8589 MiB for main
workspace.
Allocated 6441 MiB successfully, after larger attempt(s) failed.
Using up to 4 compute threads.
7500 samples (3987 females, 3513 males; 7500 founders) loaded from
ukb_imp_v3.qc.geno02_EUR_1.psam.
716862 variants loaded from ukb_imp_v3.qc.geno02_EUR_1.pvar.zst.
Note: No phenotype data present.
Calculating sample missingness rates... done.
0 samples removed due to missing genotype data (--mind).
7500 samples (3987 females, 3513 males; 7500 founders) remaining after main
filters.
Writing ukb_imp_v3.qc.geno02.mind02_EUR_1.fam ... done.
Writing ukb_imp_v3.qc.geno02.mind02_EUR_1.bim ... done.
Writing ukb_imp_v3.qc.geno02.mind02_EUR_1.bed ... done.

End time: Fri Mar  7 15:12:51 2025
