PLINK v2.0.0-a.6.5LM 64-bit Intel (22 Dec 2024)
Options in effect:
  --make-bed
  --memory 8589
  --mind 0.02
  --out ukb_imp_v3.qc.geno02.mind02_AFR_8
  --pfile ukb_imp_v3.qc.geno02_AFR_8 vzs
  --threads 4

Hostname: node2b06.ecdf.ed.ac.uk
Working directory: /exports/eddie/scratch/aedmond3/ad/work/14/4d4791d9954d89ede03c5e35f0b991
Start time: Fri Mar  7 15:10:20 2025

Random number seed: 1741360220
1030881 MiB RAM detected, ~987003 available; reserving 8589 MiB for main
workspace.
Allocated 6441 MiB successfully, after larger attempt(s) failed.
Using up to 4 compute threads.
7500 samples (4327 females, 3173 males; 7500 founders) loaded from
ukb_imp_v3.qc.geno02_AFR_8.psam.
218264 variants loaded from ukb_imp_v3.qc.geno02_AFR_8.pvar.zst.
Note: No phenotype data present.
Calculating sample missingness rates... done.
43 samples removed due to missing genotype data (--mind).
IDs written to ukb_imp_v3.qc.geno02.mind02_AFR_8.mindrem.id .
7457 samples (4299 females, 3158 males; 7457 founders) remaining after main
filters.
Writing ukb_imp_v3.qc.geno02.mind02_AFR_8.fam ... done.
Writing ukb_imp_v3.qc.geno02.mind02_AFR_8.bim ... done.
Writing ukb_imp_v3.qc.geno02.mind02_AFR_8.bed ... done.

End time: Fri Mar  7 15:10:23 2025
