PLINK v2.0.0-a.6.5LM 64-bit Intel (22 Dec 2024)
Options in effect:
  --make-bed
  --memory 8589
  --mind 0.02
  --out ukb_imp_v3.qc.geno02.mind02_SAS_17
  --pfile ukb_imp_v3.qc.geno02_SAS_17 vzs
  --threads 4

Hostname: node2b04.ecdf.ed.ac.uk
Working directory: /exports/eddie/scratch/aedmond3/ad/work/80/53a1d39a8d1d8259f966e6aa8e3388
Start time: Fri Mar  7 15:04:35 2025

Random number seed: 1741359875
1030881 MiB RAM detected, ~977604 available; reserving 8589 MiB for main
workspace.
Allocated 6441 MiB successfully, after larger attempt(s) failed.
Using up to 4 compute threads.
7500 samples (3505 females, 3995 males; 7500 founders) loaded from
ukb_imp_v3.qc.geno02_SAS_17.psam.
159812 variants loaded from ukb_imp_v3.qc.geno02_SAS_17.pvar.zst.
Note: No phenotype data present.
Calculating sample missingness rates... done.
25 samples removed due to missing genotype data (--mind).
IDs written to ukb_imp_v3.qc.geno02.mind02_SAS_17.mindrem.id .
7475 samples (3493 females, 3982 males; 7475 founders) remaining after main
filters.
Writing ukb_imp_v3.qc.geno02.mind02_SAS_17.fam ... done.
Writing ukb_imp_v3.qc.geno02.mind02_SAS_17.bim ... done.
Writing ukb_imp_v3.qc.geno02.mind02_SAS_17.bed ... done.

End time: Fri Mar  7 15:04:36 2025
