PLINK v2.0.0-a.6.5LM 64-bit Intel (22 Dec 2024)
Options in effect:
  --make-bed
  --memory 8589
  --mind 0.02
  --out ukb_imp_v3.qc.geno02.mind02_AFR_1
  --pfile ukb_imp_v3.qc.geno02_AFR_1 vzs
  --threads 4

Hostname: node2b05.ecdf.ed.ac.uk
Working directory: /exports/eddie/scratch/aedmond3/ad/work/c0/972c577f8c72de31296f0b7a035a0b
Start time: Fri Mar  7 15:13:12 2025

Random number seed: 1741360392
1030881 MiB RAM detected, ~999357 available; reserving 8589 MiB for main
workspace.
Allocated 6441 MiB successfully, after larger attempt(s) failed.
Using up to 4 compute threads.
7500 samples (4327 females, 3173 males; 7500 founders) loaded from
ukb_imp_v3.qc.geno02_AFR_1.psam.
325090 variants loaded from ukb_imp_v3.qc.geno02_AFR_1.pvar.zst.
Note: No phenotype data present.
Calculating sample missingness rates... done.
27 samples removed due to missing genotype data (--mind).
IDs written to ukb_imp_v3.qc.geno02.mind02_AFR_1.mindrem.id .
7473 samples (4307 females, 3166 males; 7473 founders) remaining after main
filters.
Writing ukb_imp_v3.qc.geno02.mind02_AFR_1.fam ... done.
Writing ukb_imp_v3.qc.geno02.mind02_AFR_1.bim ... done.
Writing ukb_imp_v3.qc.geno02.mind02_AFR_1.bed ... done.

End time: Fri Mar  7 15:13:15 2025
