PLINK v2.0.0-a.6.5LM 64-bit Intel (22 Dec 2024)
Options in effect:
  --make-bed
  --memory 8589
  --mind 0.02
  --out ukb_imp_v3.qc.geno02.mind02_AFR_6
  --pfile ukb_imp_v3.qc.geno02_AFR_6 vzs
  --threads 4

Hostname: node2b03.ecdf.ed.ac.uk
Working directory: /exports/eddie/scratch/aedmond3/ad/work/fc/838f4420f3017d8061da6220c2642a
Start time: Fri Mar  7 15:12:16 2025

Random number seed: 1741360336
1030881 MiB RAM detected, ~988200 available; reserving 8589 MiB for main
workspace.
Allocated 6441 MiB successfully, after larger attempt(s) failed.
Using up to 4 compute threads.
7500 samples (4327 females, 3173 males; 7500 founders) loaded from
ukb_imp_v3.qc.geno02_AFR_6.psam.
321002 variants loaded from ukb_imp_v3.qc.geno02_AFR_6.pvar.zst.
Note: No phenotype data present.
Calculating sample missingness rates... done.
19 samples removed due to missing genotype data (--mind).
IDs written to ukb_imp_v3.qc.geno02.mind02_AFR_6.mindrem.id .
7481 samples (4312 females, 3169 males; 7481 founders) remaining after main
filters.
Writing ukb_imp_v3.qc.geno02.mind02_AFR_6.fam ... done.
Writing ukb_imp_v3.qc.geno02.mind02_AFR_6.bim ... done.
Writing ukb_imp_v3.qc.geno02.mind02_AFR_6.bed ... done.

End time: Fri Mar  7 15:12:17 2025
