PLINK v2.0.0-a.6.5LM 64-bit Intel (22 Dec 2024)
Options in effect:
  --make-bed
  --memory 8589
  --mind 0.02
  --out ukb_imp_v3.qc.geno02.mind02_EUR_14
  --pfile ukb_imp_v3.qc.geno02_EUR_14 vzs
  --threads 4

Hostname: node2b04.ecdf.ed.ac.uk
Working directory: /exports/eddie/scratch/aedmond3/ad/work/00/99e577a6ce16789cfc8b53db11aa37
Start time: Fri Mar  7 15:05:35 2025

Random number seed: 1741359935
1030881 MiB RAM detected, ~975810 available; reserving 8589 MiB for main
workspace.
Allocated 6441 MiB successfully, after larger attempt(s) failed.
Using up to 4 compute threads.
7500 samples (3987 females, 3513 males; 7500 founders) loaded from
ukb_imp_v3.qc.geno02_EUR_14.psam.
300428 variants loaded from ukb_imp_v3.qc.geno02_EUR_14.pvar.zst.
Note: No phenotype data present.
Calculating sample missingness rates... done.
1 sample removed due to missing genotype data (--mind).
ID written to ukb_imp_v3.qc.geno02.mind02_EUR_14.mindrem.id .
7499 samples (3986 females, 3513 males; 7499 founders) remaining after main
filters.
Writing ukb_imp_v3.qc.geno02.mind02_EUR_14.fam ... done.
Writing ukb_imp_v3.qc.geno02.mind02_EUR_14.bim ... done.
Writing ukb_imp_v3.qc.geno02.mind02_EUR_14.bed ... done.

End time: Fri Mar  7 15:05:38 2025
