PLINK v2.0.0-a.6.5LM 64-bit Intel (22 Dec 2024)
Options in effect:
  --make-bed
  --memory 8589
  --mind 0.02
  --out ukb_imp_v3.qc.geno02.mind02_AFR_17
  --pfile ukb_imp_v3.qc.geno02_AFR_17 vzs
  --threads 4

Hostname: node2b03.ecdf.ed.ac.uk
Working directory: /exports/eddie/scratch/aedmond3/ad/work/64/32ab0741734f1b02e68d375437e466
Start time: Fri Mar  7 15:04:32 2025

Random number seed: 1741359872
1030881 MiB RAM detected, ~978781 available; reserving 8589 MiB for main
workspace.
Allocated 6441 MiB successfully, after larger attempt(s) failed.
Using up to 4 compute threads.
7500 samples (4327 females, 3173 males; 7500 founders) loaded from
ukb_imp_v3.qc.geno02_AFR_17.psam.
109782 variants loaded from ukb_imp_v3.qc.geno02_AFR_17.pvar.zst.
Note: No phenotype data present.
Calculating sample missingness rates... done.
22 samples removed due to missing genotype data (--mind).
IDs written to ukb_imp_v3.qc.geno02.mind02_AFR_17.mindrem.id .
7478 samples (4310 females, 3168 males; 7478 founders) remaining after main
filters.
Writing ukb_imp_v3.qc.geno02.mind02_AFR_17.fam ... done.
Writing ukb_imp_v3.qc.geno02.mind02_AFR_17.bim ... done.
Writing ukb_imp_v3.qc.geno02.mind02_AFR_17.bed ... done.

End time: Fri Mar  7 15:04:33 2025
