PLINK v2.0.0-a.6.5LM 64-bit Intel (22 Dec 2024)
Options in effect:
  --make-bed
  --memory 8589
  --mind 0.02
  --out ukb_imp_v3.qc.geno02.mind02_EUR_8
  --pfile ukb_imp_v3.qc.geno02_EUR_8 vzs
  --threads 4

Hostname: node2b03.ecdf.ed.ac.uk
Working directory: /exports/eddie/scratch/aedmond3/ad/work/68/5186cd4949d0680c19b198106bf586
Start time: Fri Mar  7 15:10:24 2025

Random number seed: 1741360224
1030881 MiB RAM detected, ~989181 available; reserving 8589 MiB for main
workspace.
Allocated 6441 MiB successfully, after larger attempt(s) failed.
Using up to 4 compute threads.
7500 samples (3987 females, 3513 males; 7500 founders) loaded from
ukb_imp_v3.qc.geno02_EUR_8.psam.
515208 variants loaded from ukb_imp_v3.qc.geno02_EUR_8.pvar.zst.
Note: No phenotype data present.
Calculating sample missingness rates... done.
0 samples removed due to missing genotype data (--mind).
7500 samples (3987 females, 3513 males; 7500 founders) remaining after main
filters.
Writing ukb_imp_v3.qc.geno02.mind02_EUR_8.fam ... done.
Writing ukb_imp_v3.qc.geno02.mind02_EUR_8.bim ... done.
Writing ukb_imp_v3.qc.geno02.mind02_EUR_8.bed ... done.

End time: Fri Mar  7 15:10:30 2025
