PLINK v2.0.0-a.6.5LM 64-bit Intel (22 Dec 2024)
Options in effect:
  --make-bed
  --memory 8589
  --mind 0.02
  --out ukb_imp_v3.qc.geno02.mind02_EUR_20
  --pfile ukb_imp_v3.qc.geno02_EUR_20 vzs
  --threads 4

Hostname: node2b04.ecdf.ed.ac.uk
Working directory: /exports/eddie/scratch/aedmond3/ad/work/24/8727bdcb48841f2b08371092012ab4
Start time: Fri Mar  7 15:01:02 2025

Random number seed: 1741359662
1030881 MiB RAM detected, ~979532 available; reserving 8589 MiB for main
workspace.
Allocated 6441 MiB successfully, after larger attempt(s) failed.
Using up to 4 compute threads.
7500 samples (3987 females, 3513 males; 7500 founders) loaded from
ukb_imp_v3.qc.geno02_EUR_20.psam.
201820 variants loaded from ukb_imp_v3.qc.geno02_EUR_20.pvar.zst.
Note: No phenotype data present.
Calculating sample missingness rates... done.
1 sample removed due to missing genotype data (--mind).
ID written to ukb_imp_v3.qc.geno02.mind02_EUR_20.mindrem.id .
7499 samples (3987 females, 3512 males; 7499 founders) remaining after main
filters.
Writing ukb_imp_v3.qc.geno02.mind02_EUR_20.fam ... done.
Writing ukb_imp_v3.qc.geno02.mind02_EUR_20.bim ... done.
Writing ukb_imp_v3.qc.geno02.mind02_EUR_20.bed ... done.

End time: Fri Mar  7 15:01:05 2025
