PLINK v2.0.0-a.6.5LM 64-bit Intel (22 Dec 2024)
Options in effect:
  --make-bed
  --memory 8589
  --mind 0.02
  --out ukb_imp_v3.qc.geno02.mind02_EUR_18
  --pfile ukb_imp_v3.qc.geno02_EUR_18 vzs
  --threads 4

Hostname: node2b06.ecdf.ed.ac.uk
Working directory: /exports/eddie/scratch/aedmond3/ad/work/13/1afc36665892c7a6fb6aea92740a7f
Start time: Fri Mar  7 15:03:07 2025

Random number seed: 1741359787
1030881 MiB RAM detected, ~972787 available; reserving 8589 MiB for main
workspace.
Allocated 6441 MiB successfully, after larger attempt(s) failed.
Using up to 4 compute threads.
7500 samples (3987 females, 3513 males; 7500 founders) loaded from
ukb_imp_v3.qc.geno02_EUR_18.psam.
260925 variants loaded from ukb_imp_v3.qc.geno02_EUR_18.pvar.zst.
Note: No phenotype data present.
Calculating sample missingness rates... done.
0 samples removed due to missing genotype data (--mind).
7500 samples (3987 females, 3513 males; 7500 founders) remaining after main
filters.
Writing ukb_imp_v3.qc.geno02.mind02_EUR_18.fam ... done.
Writing ukb_imp_v3.qc.geno02.mind02_EUR_18.bim ... done.
Writing ukb_imp_v3.qc.geno02.mind02_EUR_18.bed ... done.

End time: Fri Mar  7 15:03:11 2025
