PLINK v2.0.0-a.6.5LM 64-bit Intel (22 Dec 2024)
Options in effect:
  --make-bed
  --memory 8589
  --mind 0.02
  --out ukb_imp_v3.qc.geno02.mind02_AFR_4
  --pfile ukb_imp_v3.qc.geno02_AFR_4 vzs
  --threads 4

Hostname: node2b07.ecdf.ed.ac.uk
Working directory: /exports/eddie/scratch/aedmond3/ad/work/60/c1cb780f7783f358e74c8964615418
Start time: Fri Mar  7 15:12:23 2025

Random number seed: 1741360343
1030881 MiB RAM detected, ~990806 available; reserving 8589 MiB for main
workspace.
Allocated 6441 MiB successfully, after larger attempt(s) failed.
Using up to 4 compute threads.
7500 samples (4327 females, 3173 males; 7500 founders) loaded from
ukb_imp_v3.qc.geno02_AFR_4.psam.
301902 variants loaded from ukb_imp_v3.qc.geno02_AFR_4.pvar.zst.
Note: No phenotype data present.
Calculating sample missingness rates... done.
26 samples removed due to missing genotype data (--mind).
IDs written to ukb_imp_v3.qc.geno02.mind02_AFR_4.mindrem.id .
7474 samples (4310 females, 3164 males; 7474 founders) remaining after main
filters.
Writing ukb_imp_v3.qc.geno02.mind02_AFR_4.fam ... done.
Writing ukb_imp_v3.qc.geno02.mind02_AFR_4.bim ... done.
Writing ukb_imp_v3.qc.geno02.mind02_AFR_4.bed ... done.

End time: Fri Mar  7 15:12:24 2025
