PLINK v2.0.0-a.6.5LM 64-bit Intel (22 Dec 2024)
Options in effect:
  --make-bed
  --memory 8589
  --mind 0.02
  --out ukb_imp_v3.qc.geno02.mind02_AFR_9
  --pfile ukb_imp_v3.qc.geno02_AFR_9 vzs
  --threads 4

Hostname: node2b07.ecdf.ed.ac.uk
Working directory: /exports/eddie/scratch/aedmond3/ad/work/ac/c243630a80c0168df4d76398782f46
Start time: Fri Mar  7 15:08:10 2025

Random number seed: 1741360090
1030881 MiB RAM detected, ~978290 available; reserving 8589 MiB for main
workspace.
Allocated 6441 MiB successfully, after larger attempt(s) failed.
Using up to 4 compute threads.
7500 samples (4327 females, 3173 males; 7500 founders) loaded from
ukb_imp_v3.qc.geno02_AFR_9.psam.
168490 variants loaded from ukb_imp_v3.qc.geno02_AFR_9.pvar.zst.
Note: No phenotype data present.
Calculating sample missingness rates... done.
38 samples removed due to missing genotype data (--mind).
IDs written to ukb_imp_v3.qc.geno02.mind02_AFR_9.mindrem.id .
7462 samples (4300 females, 3162 males; 7462 founders) remaining after main
filters.
Writing ukb_imp_v3.qc.geno02.mind02_AFR_9.fam ... done.
Writing ukb_imp_v3.qc.geno02.mind02_AFR_9.bim ... done.
Writing ukb_imp_v3.qc.geno02.mind02_AFR_9.bed ... done.

End time: Fri Mar  7 15:08:11 2025
