PLINK v2.0.0-a.6.5LM 64-bit Intel (22 Dec 2024)
Options in effect:
  --make-bed
  --memory 8589
  --mind 0.02
  --out ukb_imp_v3.qc.geno02.mind02_AFR_7
  --pfile ukb_imp_v3.qc.geno02_AFR_7 vzs
  --threads 4

Hostname: node2b05.ecdf.ed.ac.uk
Working directory: /exports/eddie/scratch/aedmond3/ad/work/15/55cea834dfcde56508bf5b57e66405
Start time: Fri Mar  7 15:11:37 2025

Random number seed: 1741360297
1030881 MiB RAM detected, ~978171 available; reserving 8589 MiB for main
workspace.
Allocated 6441 MiB successfully, after larger attempt(s) failed.
Using up to 4 compute threads.
7500 samples (4327 females, 3173 males; 7500 founders) loaded from
ukb_imp_v3.qc.geno02_AFR_7.psam.
242841 variants loaded from ukb_imp_v3.qc.geno02_AFR_7.pvar.zst.
Note: No phenotype data present.
Calculating sample missingness rates... done.
42 samples removed due to missing genotype data (--mind).
IDs written to ukb_imp_v3.qc.geno02.mind02_AFR_7.mindrem.id .
7458 samples (4296 females, 3162 males; 7458 founders) remaining after main
filters.
Writing ukb_imp_v3.qc.geno02.mind02_AFR_7.fam ... done.
Writing ukb_imp_v3.qc.geno02.mind02_AFR_7.bim ... done.
Writing ukb_imp_v3.qc.geno02.mind02_AFR_7.bed ... done.

End time: Fri Mar  7 15:11:40 2025
