PLINK v2.0.0-a.6.5LM 64-bit Intel (22 Dec 2024)
Options in effect:
  --make-bed
  --memory 8589
  --mind 0.02
  --out ukb_imp_v3.qc.geno02.mind02_SAS_11
  --pfile ukb_imp_v3.qc.geno02_SAS_11 vzs
  --threads 4

Hostname: node2b06.ecdf.ed.ac.uk
Working directory: /exports/eddie/scratch/aedmond3/ad/work/e6/9135fac935914f49565ee2abac7382
Start time: Fri Mar  7 15:09:09 2025

Random number seed: 1741360149
1030881 MiB RAM detected, ~971588 available; reserving 8589 MiB for main
workspace.
Allocated 6441 MiB successfully, after larger attempt(s) failed.
Using up to 4 compute threads.
7500 samples (3505 females, 3995 males; 7500 founders) loaded from
ukb_imp_v3.qc.geno02_SAS_11.psam.
319972 variants loaded from ukb_imp_v3.qc.geno02_SAS_11.pvar.zst.
Note: No phenotype data present.
Calculating sample missingness rates... done.
14 samples removed due to missing genotype data (--mind).
IDs written to ukb_imp_v3.qc.geno02.mind02_SAS_11.mindrem.id .
7486 samples (3499 females, 3987 males; 7486 founders) remaining after main
filters.
Writing ukb_imp_v3.qc.geno02.mind02_SAS_11.fam ... done.
Writing ukb_imp_v3.qc.geno02.mind02_SAS_11.bim ... done.
Writing ukb_imp_v3.qc.geno02.mind02_SAS_11.bed ... done.

End time: Fri Mar  7 15:09:10 2025
