*********************************************************************
* LD Score Regression (LDSC)
* Version 2.0.0
* (C) 2014-2019 Brendan Bulik-Sullivan and Hilary Finucane
* Broad Institute of MIT and Harvard / MIT Department of Mathematics
* GNU General Public License v3
*********************************************************************
Call: 
./ldsc.py \
--out antidep-2501-fixed-N06AB-EUR--ASD \
--rg antidep-2501-fixed-N06AB-EUR.sumstats.gz,ASD.sumstats.gz \
--ref-ld-chr eur_w_ld_chr/ \
--w-ld-chr eur_w_ld_chr/ 

Beginning analysis at Mon Feb 10 14:52:30 2025
Reading summary statistics from antidep-2501-fixed-N06AB-EUR.sumstats.gz ...
Read summary statistics for 1172119 SNPs.
Reading reference panel LD Score from eur_w_ld_chr/[1-22] ... (ldscore_fromlist)
Read reference panel LD Scores for 1290028 SNPs.
Removing partitioned LD Scores with zero variance.
Reading regression weight LD Score from eur_w_ld_chr/[1-22] ... (ldscore_fromlist)
Read regression weight LD Scores for 1290028 SNPs.
After merging with reference panel LD, 1165457 SNPs remain.
After merging with regression SNP LD, 1165457 SNPs remain.
Computing rg for phenotype 2/2
Reading summary statistics from ASD.sumstats.gz ...
Read summary statistics for 1050225 SNPs.
After merging with summary statistics, 1037676 SNPs remain.
1037676 SNPs with valid alleles.

Heritability of phenotype 1
---------------------------
Total Observed scale h2: 0.05 (0.0031)
Lambda GC: 1.2299
Mean Chi^2: 1.2554
Intercept: 1.0348 (0.0095)
Ratio: 0.1364 (0.0371)

Heritability of phenotype 2/2
-----------------------------
Total Observed scale h2: 0.2023 (0.0174)
Lambda GC: 1.1735
Mean Chi^2: 1.2005
Intercept: 1.009 (0.0097)
Ratio: 0.045 (0.0486)

Genetic Covariance
------------------
Total Observed scale gencov: 0.0148 (0.0054)
Mean z1*z2: 0.0344
Intercept: 0.0037 (0.0066)

Genetic Correlation
-------------------
Genetic Correlation: 0.1477 (0.0529)
Z-score: 2.7943
P: 0.0052


Summary of Genetic Correlation Results
                                      p1              p2     rg     se      z      p  h2_obs  h2_obs_se  h2_int  h2_int_se  gcov_int  gcov_int_se
antidep-2501-fixed-N06AB-EUR.sumstats.gz ASD.sumstats.gz 0.1477 0.0529 2.7943 0.0052  0.2023     0.0174   1.009     0.0097    0.0037       0.0066

Analysis finished at Mon Feb 10 14:52:40 2025
Total time elapsed: 9.66s
