*********************************************************************
* LD Score Regression (LDSC)
* Version 2.0.0
* (C) 2014-2019 Brendan Bulik-Sullivan and Hilary Finucane
* Broad Institute of MIT and Harvard / MIT Department of Mathematics
* GNU General Public License v3
*********************************************************************
Call: 
./ldsc.py \
--out antidep-2501-fixed-N06AB-EUR--SCZ \
--rg antidep-2501-fixed-N06AB-EUR.sumstats.gz,SCZ.sumstats.gz \
--ref-ld-chr eur_w_ld_chr/ \
--w-ld-chr eur_w_ld_chr/ 

Beginning analysis at Mon Feb 10 14:52:45 2025
Reading summary statistics from antidep-2501-fixed-N06AB-EUR.sumstats.gz ...
Read summary statistics for 1172119 SNPs.
Reading reference panel LD Score from eur_w_ld_chr/[1-22] ... (ldscore_fromlist)
Read reference panel LD Scores for 1290028 SNPs.
Removing partitioned LD Scores with zero variance.
Reading regression weight LD Score from eur_w_ld_chr/[1-22] ... (ldscore_fromlist)
Read regression weight LD Scores for 1290028 SNPs.
After merging with reference panel LD, 1165457 SNPs remain.
After merging with regression SNP LD, 1165457 SNPs remain.
Computing rg for phenotype 2/2
Reading summary statistics from SCZ.sumstats.gz ...
Read summary statistics for 1135278 SNPs.
After merging with summary statistics, 1120304 SNPs remain.
1120304 SNPs with valid alleles.

Heritability of phenotype 1
---------------------------
Total Observed scale h2: 0.0507 (0.0032)
Lambda GC: 1.2201
Mean Chi^2: 1.2461
Intercept: 1.0329 (0.0088)
Ratio: 0.1338 (0.0359)

Heritability of phenotype 2/2
-----------------------------
Total Observed scale h2: 0.4038 (0.0152)
Lambda GC: 1.7741
Mean Chi^2: 2.0539
Intercept: 1.0804 (0.0152)
Ratio: 0.0763 (0.0144)

Genetic Covariance
------------------
Total Observed scale gencov: 0.0222 (0.0043)
Mean z1*z2: 0.0847
Intercept: 0.0182 (0.0073)

Genetic Correlation
-------------------
Genetic Correlation: 0.1553 (0.0301)
Z-score: 5.1686
P: 2.3582e-07


Summary of Genetic Correlation Results
                                      p1              p2     rg     se      z          p  h2_obs  h2_obs_se  h2_int  h2_int_se  gcov_int  gcov_int_se
antidep-2501-fixed-N06AB-EUR.sumstats.gz SCZ.sumstats.gz 0.1553 0.0301 5.1686 2.3582e-07  0.4038     0.0152  1.0804     0.0152    0.0182       0.0073

Analysis finished at Mon Feb 10 14:52:57 2025
Total time elapsed: 12.16s
