*********************************************************************
* LD Score Regression (LDSC)
* Version 2.0.0
* (C) 2014-2019 Brendan Bulik-Sullivan and Hilary Finucane
* Broad Institute of MIT and Harvard / MIT Department of Mathematics
* GNU General Public License v3
*********************************************************************
Call: 
./ldsc.py \
--out antidep-2501-fixed-N06A-EUR--AN \
--rg antidep-2501-fixed-N06A-EUR.sumstats.gz,AN.sumstats.gz \
--ref-ld-chr eur_w_ld_chr/ \
--w-ld-chr eur_w_ld_chr/ 

Beginning analysis at Mon Feb 10 14:53:02 2025
Reading summary statistics from antidep-2501-fixed-N06A-EUR.sumstats.gz ...
Read summary statistics for 1156520 SNPs.
Reading reference panel LD Score from eur_w_ld_chr/[1-22] ... (ldscore_fromlist)
Read reference panel LD Scores for 1290028 SNPs.
Removing partitioned LD Scores with zero variance.
Reading regression weight LD Score from eur_w_ld_chr/[1-22] ... (ldscore_fromlist)
Read regression weight LD Scores for 1290028 SNPs.
After merging with reference panel LD, 1151105 SNPs remain.
After merging with regression SNP LD, 1151105 SNPs remain.
Computing rg for phenotype 2/2
Reading summary statistics from AN.sumstats.gz ...
Read summary statistics for 928535 SNPs.
After merging with summary statistics, 909976 SNPs remain.
909976 SNPs with valid alleles.

Heritability of phenotype 1
---------------------------
Total Observed scale h2: 0.0557 (0.0024)
Lambda GC: 1.5364
Mean Chi^2: 1.6554
Intercept: 1.081 (0.0134)
Ratio: 0.1236 (0.0204)

Heritability of phenotype 2/2
-----------------------------
Total Observed scale h2: 0.2822 (0.0191)
Lambda GC: 1.2589
Mean Chi^2: 1.3038
Intercept: 1.0242 (0.011)
Ratio: 0.0797 (0.0362)

Genetic Covariance
------------------
Total Observed scale gencov: 0.0231 (0.0041)
Mean z1*z2: 0.0852
Intercept: 0.0165 (0.0077)

Genetic Correlation
-------------------
Genetic Correlation: 0.1844 (0.0326)
Z-score: 5.6586
P: 1.526e-08


Summary of Genetic Correlation Results
                                     p1             p2     rg     se      z          p  h2_obs  h2_obs_se  h2_int  h2_int_se  gcov_int  gcov_int_se
antidep-2501-fixed-N06A-EUR.sumstats.gz AN.sumstats.gz 0.1844 0.0326 5.6586 1.5260e-08  0.2822     0.0191  1.0242      0.011    0.0165       0.0077

Analysis finished at Mon Feb 10 14:53:12 2025
Total time elapsed: 9.97s
