*********************************************************************
* LD Score Regression (LDSC)
* Version 2.0.0
* (C) 2014-2019 Brendan Bulik-Sullivan and Hilary Finucane
* Broad Institute of MIT and Harvard / MIT Department of Mathematics
* GNU General Public License v3
*********************************************************************
Call: 
./ldsc.py \
--out antidep-2501-fixed-N06AA-EUR--Pain \
--rg antidep-2501-fixed-N06AA-EUR.sumstats.gz,Pain.sumstats.gz \
--ref-ld-chr eur_w_ld_chr/ \
--w-ld-chr eur_w_ld_chr/ 

Beginning analysis at Mon Feb 10 14:53:14 2025
Reading summary statistics from antidep-2501-fixed-N06AA-EUR.sumstats.gz ...
Read summary statistics for 1172484 SNPs.
Reading reference panel LD Score from eur_w_ld_chr/[1-22] ... (ldscore_fromlist)
Read reference panel LD Scores for 1290028 SNPs.
Removing partitioned LD Scores with zero variance.
Reading regression weight LD Score from eur_w_ld_chr/[1-22] ... (ldscore_fromlist)
Read regression weight LD Scores for 1290028 SNPs.
After merging with reference panel LD, 1165758 SNPs remain.
After merging with regression SNP LD, 1165758 SNPs remain.
Computing rg for phenotype 2/2
Reading summary statistics from Pain.sumstats.gz ...
Read summary statistics for 1080043 SNPs.
After merging with summary statistics, 1041826 SNPs remain.
1041826 SNPs with valid alleles.

Heritability of phenotype 1
---------------------------
Total Observed scale h2: 0.048 (0.0035)
Lambda GC: 1.207
Mean Chi^2: 1.2177
Intercept: 1.0582 (0.0076)
Ratio: 0.2673 (0.0348)

Heritability of phenotype 2/2
-----------------------------
Total Observed scale h2: 0.0868 (0.0067)
Lambda GC: 1.1364
Mean Chi^2: 1.1482
Intercept: 1.0005 (0.0067)
Ratio: 0.0034 (0.0451)

Genetic Covariance
------------------
Total Observed scale gencov: 0.0607 (0.0038)
Mean z1*z2: 0.1981
Intercept: 0.0544 (0.0051)

Genetic Correlation
-------------------
Genetic Correlation: 0.9412 (0.0568)
Z-score: 16.57
P: 1.1477e-61


Summary of Genetic Correlation Results
                                      p1               p2     rg     se     z          p  h2_obs  h2_obs_se  h2_int  h2_int_se  gcov_int  gcov_int_se
antidep-2501-fixed-N06AA-EUR.sumstats.gz Pain.sumstats.gz 0.9412 0.0568 16.57 1.1477e-61  0.0868     0.0067  1.0005     0.0067    0.0544       0.0051

Analysis finished at Mon Feb 10 14:53:24 2025
Total time elapsed: 10.67s
