*********************************************************************
* LD Score Regression (LDSC)
* Version 2.0.0
* (C) 2014-2019 Brendan Bulik-Sullivan and Hilary Finucane
* Broad Institute of MIT and Harvard / MIT Department of Mathematics
* GNU General Public License v3
*********************************************************************
Call: 
./ldsc.py \
--out antidep-2501-fixed-N06AB-EUR--Help \
--rg antidep-2501-fixed-N06AB-EUR.sumstats.gz,Help.sumstats.gz \
--ref-ld-chr eur_w_ld_chr/ \
--w-ld-chr eur_w_ld_chr/ 

Beginning analysis at Mon Feb 10 14:53:16 2025
Reading summary statistics from antidep-2501-fixed-N06AB-EUR.sumstats.gz ...
Read summary statistics for 1172119 SNPs.
Reading reference panel LD Score from eur_w_ld_chr/[1-22] ... (ldscore_fromlist)
Read reference panel LD Scores for 1290028 SNPs.
Removing partitioned LD Scores with zero variance.
Reading regression weight LD Score from eur_w_ld_chr/[1-22] ... (ldscore_fromlist)
Read regression weight LD Scores for 1290028 SNPs.
After merging with reference panel LD, 1165457 SNPs remain.
After merging with regression SNP LD, 1165457 SNPs remain.
Computing rg for phenotype 2/2
Reading summary statistics from Help.sumstats.gz ...
Read summary statistics for 1173591 SNPs.
After merging with summary statistics, 1156350 SNPs remain.
1156350 SNPs with valid alleles.

Heritability of phenotype 1
---------------------------
Total Observed scale h2: 0.0507 (0.0029)
Lambda GC: 1.2168
Mean Chi^2: 1.2412
Intercept: 1.0328 (0.0077)
Ratio: 0.1361 (0.032)

Heritability of phenotype 2/2
-----------------------------
Total Observed scale h2: 0.0679 (0.0031)
Lambda GC: 1.3284
Mean Chi^2: 1.3969
Intercept: 1.0088 (0.0085)
Ratio: 0.0222 (0.0215)

Genetic Covariance
------------------
Total Observed scale gencov: 0.0521 (0.0024)
Mean z1*z2: 0.4097
Intercept: 0.1549 (0.0065)

Genetic Correlation
-------------------
Genetic Correlation: 0.8874 (0.0275)
Z-score: 32.2259
P: 7.6546e-228


Summary of Genetic Correlation Results
                                      p1               p2     rg     se       z           p  h2_obs  h2_obs_se  h2_int  h2_int_se  gcov_int  gcov_int_se
antidep-2501-fixed-N06AB-EUR.sumstats.gz Help.sumstats.gz 0.8874 0.0275 32.2259 7.6546e-228  0.0679     0.0031  1.0088     0.0085    0.1549       0.0065

Analysis finished at Mon Feb 10 14:53:27 2025
Total time elapsed: 11.5s
