*********************************************************************
* LD Score Regression (LDSC)
* Version 2.0.0
* (C) 2014-2019 Brendan Bulik-Sullivan and Hilary Finucane
* Broad Institute of MIT and Harvard / MIT Department of Mathematics
* GNU General Public License v3
*********************************************************************
Call: 
./ldsc.py \
--out antidep-2501-fixed-N06AB-EUR--AN \
--rg antidep-2501-fixed-N06AB-EUR.sumstats.gz,AN.sumstats.gz \
--ref-ld-chr eur_w_ld_chr/ \
--w-ld-chr eur_w_ld_chr/ 

Beginning analysis at Mon Feb 10 14:53:03 2025
Reading summary statistics from antidep-2501-fixed-N06AB-EUR.sumstats.gz ...
Read summary statistics for 1172119 SNPs.
Reading reference panel LD Score from eur_w_ld_chr/[1-22] ... (ldscore_fromlist)
Read reference panel LD Scores for 1290028 SNPs.
Removing partitioned LD Scores with zero variance.
Reading regression weight LD Score from eur_w_ld_chr/[1-22] ... (ldscore_fromlist)
Read regression weight LD Scores for 1290028 SNPs.
After merging with reference panel LD, 1165457 SNPs remain.
After merging with regression SNP LD, 1165457 SNPs remain.
Computing rg for phenotype 2/2
Reading summary statistics from AN.sumstats.gz ...
Read summary statistics for 928535 SNPs.
After merging with summary statistics, 920286 SNPs remain.
920286 SNPs with valid alleles.

Heritability of phenotype 1
---------------------------
Total Observed scale h2: 0.0502 (0.0032)
Lambda GC: 1.2332
Mean Chi^2: 1.2617
Intercept: 1.0348 (0.01)
Ratio: 0.1328 (0.0382)

Heritability of phenotype 2/2
-----------------------------
Total Observed scale h2: 0.2822 (0.019)
Lambda GC: 1.2583
Mean Chi^2: 1.3031
Intercept: 1.0238 (0.0109)
Ratio: 0.0786 (0.0358)

Genetic Covariance
------------------
Total Observed scale gencov: 0.0173 (0.0057)
Mean z1*z2: 0.0436
Intercept: 0.0084 (0.0071)

Genetic Correlation
-------------------
Genetic Correlation: 0.1453 (0.0481)
Z-score: 3.0194
P: 0.0025


Summary of Genetic Correlation Results
                                      p1             p2     rg     se      z      p  h2_obs  h2_obs_se  h2_int  h2_int_se  gcov_int  gcov_int_se
antidep-2501-fixed-N06AB-EUR.sumstats.gz AN.sumstats.gz 0.1453 0.0481 3.0194 0.0025  0.2822      0.019  1.0238     0.0109    0.0084       0.0071

Analysis finished at Mon Feb 10 14:53:14 2025
Total time elapsed: 11.43s
