*********************************************************************
* LD Score Regression (LDSC)
* Version 2.0.0
* (C) 2014-2019 Brendan Bulik-Sullivan and Hilary Finucane
* Broad Institute of MIT and Harvard / MIT Department of Mathematics
* GNU General Public License v3
*********************************************************************
Call: 
./ldsc.py \
--out antidep-2501-fixed-N06A-EUR--Smoking \
--rg antidep-2501-fixed-N06A-EUR.sumstats.gz,Smoking.sumstats.gz \
--ref-ld-chr eur_w_ld_chr/ \
--w-ld-chr eur_w_ld_chr/ 

Beginning analysis at Mon Feb 10 14:52:30 2025
Reading summary statistics from antidep-2501-fixed-N06A-EUR.sumstats.gz ...
Read summary statistics for 1156520 SNPs.
Reading reference panel LD Score from eur_w_ld_chr/[1-22] ... (ldscore_fromlist)
Read reference panel LD Scores for 1290028 SNPs.
Removing partitioned LD Scores with zero variance.
Reading regression weight LD Score from eur_w_ld_chr/[1-22] ... (ldscore_fromlist)
Read regression weight LD Scores for 1290028 SNPs.
After merging with reference panel LD, 1151105 SNPs remain.
After merging with regression SNP LD, 1151105 SNPs remain.
Computing rg for phenotype 2/2
Reading summary statistics from Smoking.sumstats.gz ...
Read summary statistics for 1189551 SNPs.
After merging with summary statistics, 1141853 SNPs remain.
1141853 SNPs with valid alleles.

Heritability of phenotype 1
---------------------------
Total Observed scale h2: 0.0554 (0.0023)
Lambda GC: 1.4926
Mean Chi^2: 1.5995
Intercept: 1.0811 (0.0106)
Ratio: 0.1352 (0.0177)

Heritability of phenotype 2/2
-----------------------------
Total Observed scale h2: 0.0752 (0.0099)
Lambda GC: 1.227
Mean Chi^2: 1.3356
Intercept: 0.9498 (0.0165)
Ratio < 0 (usually indicates GC correction).

Genetic Covariance
------------------
Total Observed scale gencov: 0.0219 (0.0017)
Mean z1*z2: 0.1639
Intercept: 0.0102 (0.0061)

Genetic Correlation
-------------------
Genetic Correlation: 0.3393 (0.0348)
Z-score: 9.7629
P: 1.6242e-22


Summary of Genetic Correlation Results
                                     p1                  p2     rg     se      z          p  h2_obs  h2_obs_se  h2_int  h2_int_se  gcov_int  gcov_int_se
antidep-2501-fixed-N06A-EUR.sumstats.gz Smoking.sumstats.gz 0.3393 0.0348 9.7629 1.6242e-22  0.0752     0.0099  0.9498     0.0165    0.0102       0.0061

Analysis finished at Mon Feb 10 14:52:42 2025
Total time elapsed: 11.94s
