*********************************************************************
* LD Score Regression (LDSC)
* Version 2.0.0
* (C) 2014-2019 Brendan Bulik-Sullivan and Hilary Finucane
* Broad Institute of MIT and Harvard / MIT Department of Mathematics
* GNU General Public License v3
*********************************************************************
Call: 
./ldsc.py \
--out antidep-2501-fixed-N06A-EUR--Quest \
--rg antidep-2501-fixed-N06A-EUR.sumstats.gz,Quest.sumstats.gz \
--ref-ld-chr eur_w_ld_chr/ \
--w-ld-chr eur_w_ld_chr/ 

Beginning analysis at Mon Feb 10 14:52:46 2025
Reading summary statistics from antidep-2501-fixed-N06A-EUR.sumstats.gz ...
Read summary statistics for 1156520 SNPs.
Reading reference panel LD Score from eur_w_ld_chr/[1-22] ... (ldscore_fromlist)
Read reference panel LD Scores for 1290028 SNPs.
Removing partitioned LD Scores with zero variance.
Reading regression weight LD Score from eur_w_ld_chr/[1-22] ... (ldscore_fromlist)
Read regression weight LD Scores for 1290028 SNPs.
After merging with reference panel LD, 1151105 SNPs remain.
After merging with regression SNP LD, 1151105 SNPs remain.
Computing rg for phenotype 2/2
Reading summary statistics from Quest.sumstats.gz ...
Read summary statistics for 1170603 SNPs.
After merging with summary statistics, 1138448 SNPs remain.
1138448 SNPs with valid alleles.

Heritability of phenotype 1
---------------------------
Total Observed scale h2: 0.0555 (0.0024)
Lambda GC: 1.4926
Mean Chi^2: 1.6012
Intercept: 1.08 (0.0109)
Ratio: 0.1331 (0.0182)

Heritability of phenotype 2/2
-----------------------------
Total Observed scale h2: 0.071 (0.0038)
Lambda GC: 1.2734
Mean Chi^2: 1.3238
Intercept: 1.0151 (0.0091)
Ratio: 0.0467 (0.0282)

Genetic Covariance
------------------
Total Observed scale gencov: 0.0539 (0.0023)
Mean z1*z2: 0.5163
Intercept: 0.1708 (0.0071)

Genetic Correlation
-------------------
Genetic Correlation: 0.8586 (0.0215)
Z-score: 39.9383
P: 0.


Summary of Genetic Correlation Results
                                     p1                p2     rg     se       z   p  h2_obs  h2_obs_se  h2_int  h2_int_se  gcov_int  gcov_int_se
antidep-2501-fixed-N06A-EUR.sumstats.gz Quest.sumstats.gz 0.8586 0.0215 39.9383 0.0   0.071     0.0038  1.0151     0.0091    0.1708       0.0071

Analysis finished at Mon Feb 10 14:52:59 2025
Total time elapsed: 12.94s
