*********************************************************************
* LD Score Regression (LDSC)
* Version 2.0.0
* (C) 2014-2019 Brendan Bulik-Sullivan and Hilary Finucane
* Broad Institute of MIT and Harvard / MIT Department of Mathematics
* GNU General Public License v3
*********************************************************************
Call: 
./ldsc.py \
--out antidep-2501-fixed-N06A-EUR--ASD \
--rg antidep-2501-fixed-N06A-EUR.sumstats.gz,ASD.sumstats.gz \
--ref-ld-chr eur_w_ld_chr/ \
--w-ld-chr eur_w_ld_chr/ 

Beginning analysis at Mon Feb 10 14:52:30 2025
Reading summary statistics from antidep-2501-fixed-N06A-EUR.sumstats.gz ...
Read summary statistics for 1156520 SNPs.
Reading reference panel LD Score from eur_w_ld_chr/[1-22] ... (ldscore_fromlist)
Read reference panel LD Scores for 1290028 SNPs.
Removing partitioned LD Scores with zero variance.
Reading regression weight LD Score from eur_w_ld_chr/[1-22] ... (ldscore_fromlist)
Read regression weight LD Scores for 1290028 SNPs.
After merging with reference panel LD, 1151105 SNPs remain.
After merging with regression SNP LD, 1151105 SNPs remain.
Computing rg for phenotype 2/2
Reading summary statistics from ASD.sumstats.gz ...
Read summary statistics for 1050225 SNPs.
After merging with summary statistics, 1025462 SNPs remain.
1025462 SNPs with valid alleles.

Heritability of phenotype 1
---------------------------
Total Observed scale h2: 0.055 (0.0025)
Lambda GC: 1.5254
Mean Chi^2: 1.6384
Intercept: 1.0839 (0.0135)
Ratio: 0.1315 (0.0211)

Heritability of phenotype 2/2
-----------------------------
Total Observed scale h2: 0.2008 (0.0173)
Lambda GC: 1.1735
Mean Chi^2: 1.2005
Intercept: 1.0102 (0.0097)
Ratio: 0.0508 (0.0485)

Genetic Covariance
------------------
Total Observed scale gencov: 0.0242 (0.004)
Mean z1*z2: 0.0711
Intercept: -0.0013 (0.0073)

Genetic Correlation
-------------------
Genetic Correlation: 0.2303 (0.0386)
Z-score: 5.9714
P: 2.3524e-09


Summary of Genetic Correlation Results
                                     p1              p2     rg     se      z          p  h2_obs  h2_obs_se  h2_int  h2_int_se  gcov_int  gcov_int_se
antidep-2501-fixed-N06A-EUR.sumstats.gz ASD.sumstats.gz 0.2303 0.0386 5.9714 2.3524e-09  0.2008     0.0173  1.0102     0.0097   -0.0013       0.0073

Analysis finished at Mon Feb 10 14:52:41 2025
Total time elapsed: 10.96s
