*********************************************************************
* LD Score Regression (LDSC)
* Version 2.0.0
* (C) 2014-2019 Brendan Bulik-Sullivan and Hilary Finucane
* Broad Institute of MIT and Harvard / MIT Department of Mathematics
* GNU General Public License v3
*********************************************************************
Call: 
./ldsc.py \
--out antidep-2501-fixed-N06A-EUR--ALC \
--rg antidep-2501-fixed-N06A-EUR.sumstats.gz,ALC.sumstats.gz \
--ref-ld-chr eur_w_ld_chr/ \
--w-ld-chr eur_w_ld_chr/ 

Beginning analysis at Mon Feb 10 14:54:11 2025
Reading summary statistics from antidep-2501-fixed-N06A-EUR.sumstats.gz ...
Read summary statistics for 1156520 SNPs.
Reading reference panel LD Score from eur_w_ld_chr/[1-22] ... (ldscore_fromlist)
Read reference panel LD Scores for 1290028 SNPs.
Removing partitioned LD Scores with zero variance.
Reading regression weight LD Score from eur_w_ld_chr/[1-22] ... (ldscore_fromlist)
Read regression weight LD Scores for 1290028 SNPs.
After merging with reference panel LD, 1151105 SNPs remain.
After merging with regression SNP LD, 1151105 SNPs remain.
Computing rg for phenotype 2/2
Reading summary statistics from ALC.sumstats.gz ...
Read summary statistics for 1183094 SNPs.
After merging with summary statistics, 1146229 SNPs remain.
1146229 SNPs with valid alleles.

Heritability of phenotype 1
---------------------------
Total Observed scale h2: 0.0555 (0.0023)
Lambda GC: 1.4926
Mean Chi^2: 1.5997
Intercept: 1.0795 (0.0104)
Ratio: 0.1326 (0.0174)

Heritability of phenotype 2/2
-----------------------------
Total Observed scale h2: 0.1037 (0.0161)
Lambda GC: 1.0694
Mean Chi^2: 1.0654
Intercept: 1.0154 (0.0058)
Ratio: 0.2348 (0.0882)

Genetic Covariance
------------------
Total Observed scale gencov: 0.0484 (0.0043)
Mean z1*z2: 0.1018
Intercept: -0.0027 (0.0054)

Genetic Correlation
-------------------
Genetic Correlation: 0.6384 (0.0725)
Z-score: 8.8008
P: 1.3584e-18


Summary of Genetic Correlation Results
                                     p1              p2     rg     se      z          p  h2_obs  h2_obs_se  h2_int  h2_int_se  gcov_int  gcov_int_se
antidep-2501-fixed-N06A-EUR.sumstats.gz ALC.sumstats.gz 0.6384 0.0725 8.8008 1.3584e-18  0.1037     0.0161  1.0154     0.0058   -0.0027       0.0054

Analysis finished at Mon Feb 10 14:54:23 2025
Total time elapsed: 12.83s
