*********************************************************************
* LD Score Regression (LDSC)
* Version 2.0.0
* (C) 2014-2019 Brendan Bulik-Sullivan and Hilary Finucane
* Broad Institute of MIT and Harvard / MIT Department of Mathematics
* GNU General Public License v3
*********************************************************************
Call: 
./ldsc.py \
--out antidep-2501-fixed-N06AB-EUR--CAD \
--rg antidep-2501-fixed-N06AB-EUR.sumstats.gz,CAD.sumstats.gz \
--ref-ld-chr eur_w_ld_chr/ \
--w-ld-chr eur_w_ld_chr/ 

Beginning analysis at Mon Feb 10 14:53:30 2025
Reading summary statistics from antidep-2501-fixed-N06AB-EUR.sumstats.gz ...
Read summary statistics for 1172119 SNPs.
Reading reference panel LD Score from eur_w_ld_chr/[1-22] ... (ldscore_fromlist)
Read reference panel LD Scores for 1290028 SNPs.
Removing partitioned LD Scores with zero variance.
Reading regression weight LD Score from eur_w_ld_chr/[1-22] ... (ldscore_fromlist)
Read regression weight LD Scores for 1290028 SNPs.
After merging with reference panel LD, 1165457 SNPs remain.
After merging with regression SNP LD, 1165457 SNPs remain.
Computing rg for phenotype 2/2
Reading summary statistics from CAD.sumstats.gz ...
Read summary statistics for 1193582 SNPs.
After merging with summary statistics, 1164208 SNPs remain.
1164208 SNPs with valid alleles.

Heritability of phenotype 1
---------------------------
Total Observed scale h2: 0.0504 (0.0029)
Lambda GC: 1.2168
Mean Chi^2: 1.2407
Intercept: 1.0339 (0.0078)
Ratio: 0.141 (0.0326)

Heritability of phenotype 2/2
-----------------------------
Total Observed scale h2: 0.1135 (0.0078)
Lambda GC: 1.3644
Mean Chi^2: 1.6221
Intercept: 0.9905 (0.0163)
Ratio < 0 (usually indicates GC correction).

Genetic Covariance
------------------
Total Observed scale gencov: 0.0194 (0.0023)
Mean z1*z2: 0.1133
Intercept: 0.0235 (0.0055)

Genetic Correlation
-------------------
Genetic Correlation: 0.2566 (0.0312)
Z-score: 8.2177
P: 2.074e-16


Summary of Genetic Correlation Results
                                      p1              p2     rg     se      z          p  h2_obs  h2_obs_se  h2_int  h2_int_se  gcov_int  gcov_int_se
antidep-2501-fixed-N06AB-EUR.sumstats.gz CAD.sumstats.gz 0.2566 0.0312 8.2177 2.0740e-16  0.1135     0.0078  0.9905     0.0163    0.0235       0.0055

Analysis finished at Mon Feb 10 14:53:41 2025
Total time elapsed: 11.61s
