*********************************************************************
* LD Score Regression (LDSC)
* Version 2.0.0
* (C) 2014-2019 Brendan Bulik-Sullivan and Hilary Finucane
* Broad Institute of MIT and Harvard / MIT Department of Mathematics
* GNU General Public License v3
*********************************************************************
Call: 
./ldsc.py \
--out antidep-2501-fixed-N06AA-EUR--PD \
--rg antidep-2501-fixed-N06AA-EUR.sumstats.gz,PD.sumstats.gz \
--ref-ld-chr eur_w_ld_chr/ \
--w-ld-chr eur_w_ld_chr/ 

Beginning analysis at Mon Feb 10 14:53:39 2025
Reading summary statistics from antidep-2501-fixed-N06AA-EUR.sumstats.gz ...
Read summary statistics for 1172484 SNPs.
Reading reference panel LD Score from eur_w_ld_chr/[1-22] ... (ldscore_fromlist)
Read reference panel LD Scores for 1290028 SNPs.
Removing partitioned LD Scores with zero variance.
Reading regression weight LD Score from eur_w_ld_chr/[1-22] ... (ldscore_fromlist)
Read regression weight LD Scores for 1290028 SNPs.
After merging with reference panel LD, 1165758 SNPs remain.
After merging with regression SNP LD, 1165758 SNPs remain.
Computing rg for phenotype 2/2
Reading summary statistics from PD.sumstats.gz ...
Read summary statistics for 990446 SNPs.
After merging with summary statistics, 978253 SNPs remain.
978253 SNPs with valid alleles.

Heritability of phenotype 1
---------------------------
Total Observed scale h2: 0.048 (0.0041)
Lambda GC: 1.2299
Mean Chi^2: 1.2385
Intercept: 1.0607 (0.0109)
Ratio: 0.2546 (0.0458)

Heritability of phenotype 2/2
-----------------------------
Total Observed scale h2: 0.4249 (0.0888)
Lambda GC: 1.0601
Mean Chi^2: 1.0638
Intercept: 1.0017 (0.0089)
Ratio: 0.0261 (0.1399)

Genetic Covariance
------------------
Total Observed scale gencov: 0.0391 (0.0133)
Mean z1*z2: 0.0362
Intercept: 0.0077 (0.0073)

Genetic Correlation
-------------------
Genetic Correlation: 0.2738 (0.101)
Z-score: 2.7121
P: 0.0067


Summary of Genetic Correlation Results
                                      p1             p2     rg    se      z      p  h2_obs  h2_obs_se  h2_int  h2_int_se  gcov_int  gcov_int_se
antidep-2501-fixed-N06AA-EUR.sumstats.gz PD.sumstats.gz 0.2738 0.101 2.7121 0.0067  0.4249     0.0888  1.0017     0.0089    0.0077       0.0073

Analysis finished at Mon Feb 10 14:53:51 2025
Total time elapsed: 11.91s
