*********************************************************************
* LD Score Regression (LDSC)
* Version 2.0.0
* (C) 2014-2019 Brendan Bulik-Sullivan and Hilary Finucane
* Broad Institute of MIT and Harvard / MIT Department of Mathematics
* GNU General Public License v3
*********************************************************************
Call: 
./ldsc.py \
--out antidep-2501-fixed-N06AA-EUR--SCZ \
--rg antidep-2501-fixed-N06AA-EUR.sumstats.gz,SCZ.sumstats.gz \
--ref-ld-chr eur_w_ld_chr/ \
--w-ld-chr eur_w_ld_chr/ 

Beginning analysis at Mon Feb 10 14:52:30 2025
Reading summary statistics from antidep-2501-fixed-N06AA-EUR.sumstats.gz ...
Read summary statistics for 1172484 SNPs.
Reading reference panel LD Score from eur_w_ld_chr/[1-22] ... (ldscore_fromlist)
Read reference panel LD Scores for 1290028 SNPs.
Removing partitioned LD Scores with zero variance.
Reading regression weight LD Score from eur_w_ld_chr/[1-22] ... (ldscore_fromlist)
Read regression weight LD Scores for 1290028 SNPs.
After merging with reference panel LD, 1165758 SNPs remain.
After merging with regression SNP LD, 1165758 SNPs remain.
Computing rg for phenotype 2/2
Reading summary statistics from SCZ.sumstats.gz ...
Read summary statistics for 1135278 SNPs.
After merging with summary statistics, 1120470 SNPs remain.
1120470 SNPs with valid alleles.

Heritability of phenotype 1
---------------------------
Total Observed scale h2: 0.0492 (0.0035)
Lambda GC: 1.2136
Mean Chi^2: 1.2241
Intercept: 1.0556 (0.0087)
Ratio: 0.2482 (0.0387)

Heritability of phenotype 2/2
-----------------------------
Total Observed scale h2: 0.4039 (0.0151)
Lambda GC: 1.7741
Mean Chi^2: 2.0538
Intercept: 1.0802 (0.0152)
Ratio: 0.0761 (0.0144)

Genetic Covariance
------------------
Total Observed scale gencov: 0.0083 (0.0047)
Mean z1*z2: 0.0231
Intercept: 0.0015 (0.0072)

Genetic Correlation
-------------------
Genetic Correlation: 0.0585 (0.0336)
Z-score: 1.7411
P: 0.0817


Summary of Genetic Correlation Results
                                      p1              p2     rg     se      z      p  h2_obs  h2_obs_se  h2_int  h2_int_se  gcov_int  gcov_int_se
antidep-2501-fixed-N06AA-EUR.sumstats.gz SCZ.sumstats.gz 0.0585 0.0336 1.7411 0.0817  0.4039     0.0151  1.0802     0.0152    0.0015       0.0072

Analysis finished at Mon Feb 10 14:52:41 2025
Total time elapsed: 11.19s
