*********************************************************************
* LD Score Regression (LDSC)
* Version 2.0.0
* (C) 2014-2019 Brendan Bulik-Sullivan and Hilary Finucane
* Broad Institute of MIT and Harvard / MIT Department of Mathematics
* GNU General Public License v3
*********************************************************************
Call: 
./ldsc.py \
--out antidep-2501-fixed-N06AA-EUR--Chron \
--rg antidep-2501-fixed-N06AA-EUR.sumstats.gz,Chron.sumstats.gz \
--ref-ld-chr eur_w_ld_chr/ \
--w-ld-chr eur_w_ld_chr/ 

Beginning analysis at Mon Feb 10 14:53:59 2025
Reading summary statistics from antidep-2501-fixed-N06AA-EUR.sumstats.gz ...
Read summary statistics for 1172484 SNPs.
Reading reference panel LD Score from eur_w_ld_chr/[1-22] ... (ldscore_fromlist)
Read reference panel LD Scores for 1290028 SNPs.
Removing partitioned LD Scores with zero variance.
Reading regression weight LD Score from eur_w_ld_chr/[1-22] ... (ldscore_fromlist)
Read regression weight LD Scores for 1290028 SNPs.
After merging with reference panel LD, 1165758 SNPs remain.
After merging with regression SNP LD, 1165758 SNPs remain.
Computing rg for phenotype 2/2
Reading summary statistics from Chron.sumstats.gz ...
Read summary statistics for 1170851 SNPs.
After merging with summary statistics, 1154753 SNPs remain.
1154753 SNPs with valid alleles.

Heritability of phenotype 1
---------------------------
Total Observed scale h2: 0.0487 (0.0035)
Lambda GC: 1.2103
Mean Chi^2: 1.2204
Intercept: 1.0571 (0.0077)
Ratio: 0.2589 (0.0347)

Heritability of phenotype 2/2
-----------------------------
Total Observed scale h2: 0.1098 (0.0037)
Lambda GC: 1.7452
Mean Chi^2: 2.0296
Intercept: 1.0518 (0.0135)
Ratio: 0.0503 (0.0131)

Genetic Covariance
------------------
Total Observed scale gencov: 0.0032 (0.0021)
Mean z1*z2: 0.0026
Intercept: -0.0138 (0.006)

Genetic Correlation
-------------------
Genetic Correlation: 0.0442 (0.0293)
Z-score: 1.5078
P: 0.1316


Summary of Genetic Correlation Results
                                      p1                p2     rg     se      z      p  h2_obs  h2_obs_se  h2_int  h2_int_se  gcov_int  gcov_int_se
antidep-2501-fixed-N06AA-EUR.sumstats.gz Chron.sumstats.gz 0.0442 0.0293 1.5078 0.1316  0.1098     0.0037  1.0518     0.0135   -0.0138        0.006

Analysis finished at Mon Feb 10 14:54:13 2025
Total time elapsed: 14.84s
