*********************************************************************
* LD Score Regression (LDSC)
* Version 2.0.0
* (C) 2014-2019 Brendan Bulik-Sullivan and Hilary Finucane
* Broad Institute of MIT and Harvard / MIT Department of Mathematics
* GNU General Public License v3
*********************************************************************
Call: 
./ldsc.py \
--out antidep-2501-fixed-N06AA-EUR--CRP \
--rg antidep-2501-fixed-N06AA-EUR.sumstats.gz,CRP.sumstats.gz \
--ref-ld-chr eur_w_ld_chr/ \
--w-ld-chr eur_w_ld_chr/ 

Beginning analysis at Mon Feb 10 14:52:46 2025
Reading summary statistics from antidep-2501-fixed-N06AA-EUR.sumstats.gz ...
Read summary statistics for 1172484 SNPs.
Reading reference panel LD Score from eur_w_ld_chr/[1-22] ... (ldscore_fromlist)
Read reference panel LD Scores for 1290028 SNPs.
Removing partitioned LD Scores with zero variance.
Reading regression weight LD Score from eur_w_ld_chr/[1-22] ... (ldscore_fromlist)
Read regression weight LD Scores for 1290028 SNPs.
After merging with reference panel LD, 1165758 SNPs remain.
After merging with regression SNP LD, 1165758 SNPs remain.
Computing rg for phenotype 2/2
Reading summary statistics from CRP.sumstats.gz ...
Read summary statistics for 1007867 SNPs.
After merging with summary statistics, 993937 SNPs remain.
993937 SNPs with valid alleles.

Heritability of phenotype 1
---------------------------
Total Observed scale h2: 0.0497 (0.0036)
Lambda GC: 1.2103
Mean Chi^2: 1.2192
Intercept: 1.0543 (0.0076)
Ratio: 0.2477 (0.0348)

Heritability of phenotype 2/2
-----------------------------
Total Observed scale h2: 0.1131 (0.0225)
Lambda GC: 1.2569
Mean Chi^2: 1.5067
Intercept: 1.0365 (0.0507)
Ratio: 0.0721 (0.1)

Genetic Covariance
------------------
Total Observed scale gencov: 0.0129 (0.0029)
Mean z1*z2: 0.0517
Intercept: 0.0023 (0.0059)

Genetic Correlation
-------------------
Genetic Correlation: 0.1718 (0.0444)
Z-score: 3.8682
P: 0.0001


Summary of Genetic Correlation Results
                                      p1              p2     rg     se      z      p  h2_obs  h2_obs_se  h2_int  h2_int_se  gcov_int  gcov_int_se
antidep-2501-fixed-N06AA-EUR.sumstats.gz CRP.sumstats.gz 0.1718 0.0444 3.8682 0.0001  0.1131     0.0225  1.0365     0.0507    0.0023       0.0059

Analysis finished at Mon Feb 10 14:52:58 2025
Total time elapsed: 11.84s
