*********************************************************************
* LD Score Regression (LDSC)
* Version 2.0.0
* (C) 2014-2019 Brendan Bulik-Sullivan and Hilary Finucane
* Broad Institute of MIT and Harvard / MIT Department of Mathematics
* GNU General Public License v3
*********************************************************************
Call: 
./ldsc.py \
--out antidep-2501-fixed-N06A-EUR--T2D \
--rg antidep-2501-fixed-N06A-EUR.sumstats.gz,T2D.sumstats.gz \
--ref-ld-chr eur_w_ld_chr/ \
--w-ld-chr eur_w_ld_chr/ 

Beginning analysis at Mon Feb 10 14:53:54 2025
Reading summary statistics from antidep-2501-fixed-N06A-EUR.sumstats.gz ...
Read summary statistics for 1156520 SNPs.
Reading reference panel LD Score from eur_w_ld_chr/[1-22] ... (ldscore_fromlist)
Read reference panel LD Scores for 1290028 SNPs.
Removing partitioned LD Scores with zero variance.
Reading regression weight LD Score from eur_w_ld_chr/[1-22] ... (ldscore_fromlist)
Read regression weight LD Scores for 1290028 SNPs.
After merging with reference panel LD, 1151105 SNPs remain.
After merging with regression SNP LD, 1151105 SNPs remain.
Computing rg for phenotype 2/2
Reading summary statistics from T2D.sumstats.gz ...
Read summary statistics for 1202047 SNPs.
After merging with summary statistics, 1142245 SNPs remain.
1142245 SNPs with valid alleles.

Heritability of phenotype 1
---------------------------
Total Observed scale h2: 0.0555 (0.0023)
Lambda GC: 1.4926
Mean Chi^2: 1.5995
Intercept: 1.0802 (0.0104)
Ratio: 0.1338 (0.0174)

Heritability of phenotype 2/2
-----------------------------
Total Observed scale h2: 0.1757 (0.0094)
Lambda GC: 1.4954
Mean Chi^2: 1.8565
Intercept: 0.9949 (0.0233)
Ratio < 0 (usually indicates GC correction).

Genetic Covariance
------------------
Total Observed scale gencov: 0.0287 (0.0019)
Mean z1*z2: 0.2076
Intercept: 0.0176 (0.0068)

Genetic Correlation
-------------------
Genetic Correlation: 0.2906 (0.0199)
Z-score: 14.609
P: 2.4623e-48


Summary of Genetic Correlation Results
                                     p1              p2     rg     se      z          p  h2_obs  h2_obs_se  h2_int  h2_int_se  gcov_int  gcov_int_se
antidep-2501-fixed-N06A-EUR.sumstats.gz T2D.sumstats.gz 0.2906 0.0199 14.609 2.4623e-48  0.1757     0.0094  0.9949     0.0233    0.0176       0.0068

Analysis finished at Mon Feb 10 14:54:08 2025
Total time elapsed: 13.52s
