*********************************************************************
* LD Score Regression (LDSC)
* Version 2.0.0
* (C) 2014-2019 Brendan Bulik-Sullivan and Hilary Finucane
* Broad Institute of MIT and Harvard / MIT Department of Mathematics
* GNU General Public License v3
*********************************************************************
Call: 
./ldsc.py \
--out antidep-2501-fixed-N06AA-EUR--Neu \
--rg antidep-2501-fixed-N06AA-EUR.sumstats.gz,Neu.sumstats.gz \
--ref-ld-chr eur_w_ld_chr/ \
--w-ld-chr eur_w_ld_chr/ 

Beginning analysis at Mon Feb 10 14:53:41 2025
Reading summary statistics from antidep-2501-fixed-N06AA-EUR.sumstats.gz ...
Read summary statistics for 1172484 SNPs.
Reading reference panel LD Score from eur_w_ld_chr/[1-22] ... (ldscore_fromlist)
Read reference panel LD Scores for 1290028 SNPs.
Removing partitioned LD Scores with zero variance.
Reading regression weight LD Score from eur_w_ld_chr/[1-22] ... (ldscore_fromlist)
Read regression weight LD Scores for 1290028 SNPs.
After merging with reference panel LD, 1165758 SNPs remain.
After merging with regression SNP LD, 1165758 SNPs remain.
Computing rg for phenotype 2/2
Reading summary statistics from Neu.sumstats.gz ...
Read summary statistics for 1146831 SNPs.
After merging with summary statistics, 1122602 SNPs remain.
1122602 SNPs with valid alleles.

Heritability of phenotype 1
---------------------------
Total Observed scale h2: 0.0486 (0.0037)
Lambda GC: 1.2136
Mean Chi^2: 1.2221
Intercept: 1.057 (0.008)
Ratio: 0.2565 (0.0361)

Heritability of phenotype 2/2
-----------------------------
Total Observed scale h2: 0.1052 (0.0037)
Lambda GC: 1.6067
Mean Chi^2: 1.8269
Intercept: 1.0215 (0.0117)
Ratio: 0.026 (0.0141)

Genetic Covariance
------------------
Total Observed scale gencov: 0.0374 (0.0027)
Mean z1*z2: 0.2679
Intercept: 0.0747 (0.0062)

Genetic Correlation
-------------------
Genetic Correlation: 0.5224 (0.0329)
Z-score: 15.901
P: 6.235e-57


Summary of Genetic Correlation Results
                                      p1              p2     rg     se      z          p  h2_obs  h2_obs_se  h2_int  h2_int_se  gcov_int  gcov_int_se
antidep-2501-fixed-N06AA-EUR.sumstats.gz Neu.sumstats.gz 0.5224 0.0329 15.901 6.2350e-57  0.1052     0.0037  1.0215     0.0117    0.0747       0.0062

Analysis finished at Mon Feb 10 14:53:52 2025
Total time elapsed: 11.01s
