*********************************************************************
* LD Score Regression (LDSC)
* Version 2.0.0
* (C) 2014-2019 Brendan Bulik-Sullivan and Hilary Finucane
* Broad Institute of MIT and Harvard / MIT Department of Mathematics
* GNU General Public License v3
*********************************************************************
Call: 
./ldsc.py \
--out antidep-2501-fixed-N06AA-EUR--ALC \
--rg antidep-2501-fixed-N06AA-EUR.sumstats.gz,ALC.sumstats.gz \
--ref-ld-chr eur_w_ld_chr/ \
--w-ld-chr eur_w_ld_chr/ 

Beginning analysis at Mon Feb 10 14:54:11 2025
Reading summary statistics from antidep-2501-fixed-N06AA-EUR.sumstats.gz ...
Read summary statistics for 1172484 SNPs.
Reading reference panel LD Score from eur_w_ld_chr/[1-22] ... (ldscore_fromlist)
Read reference panel LD Scores for 1290028 SNPs.
Removing partitioned LD Scores with zero variance.
Reading regression weight LD Score from eur_w_ld_chr/[1-22] ... (ldscore_fromlist)
Read regression weight LD Scores for 1290028 SNPs.
After merging with reference panel LD, 1165758 SNPs remain.
After merging with regression SNP LD, 1165758 SNPs remain.
Computing rg for phenotype 2/2
Reading summary statistics from ALC.sumstats.gz ...
Read summary statistics for 1183094 SNPs.
After merging with summary statistics, 1161388 SNPs remain.
1161388 SNPs with valid alleles.

Heritability of phenotype 1
---------------------------
Total Observed scale h2: 0.0487 (0.0035)
Lambda GC: 1.2103
Mean Chi^2: 1.2197
Intercept: 1.057 (0.0075)
Ratio: 0.2596 (0.034)

Heritability of phenotype 2/2
-----------------------------
Total Observed scale h2: 0.104 (0.0159)
Lambda GC: 1.0694
Mean Chi^2: 1.0652
Intercept: 1.0151 (0.0056)
Ratio: 0.231 (0.0854)

Genetic Covariance
------------------
Total Observed scale gencov: 0.0408 (0.0053)
Mean z1*z2: 0.0492
Intercept: -0.0037 (0.0048)

Genetic Correlation
-------------------
Genetic Correlation: 0.5731 (0.0859)
Z-score: 6.6742
P: 2.4851e-11


Summary of Genetic Correlation Results
                                      p1              p2     rg     se      z          p  h2_obs  h2_obs_se  h2_int  h2_int_se  gcov_int  gcov_int_se
antidep-2501-fixed-N06AA-EUR.sumstats.gz ALC.sumstats.gz 0.5731 0.0859 6.6742 2.4851e-11   0.104     0.0159  1.0151     0.0056   -0.0037       0.0048

Analysis finished at Mon Feb 10 14:54:24 2025
Total time elapsed: 12.99s
