*********************************************************************
* LD Score Regression (LDSC)
* Version 2.0.0
* (C) 2014-2019 Brendan Bulik-Sullivan and Hilary Finucane
* Broad Institute of MIT and Harvard / MIT Department of Mathematics
* GNU General Public License v3
*********************************************************************
Call: 
./ldsc.py \
--out antidep-2501-fixed-N06AA-EUR--AN \
--rg antidep-2501-fixed-N06AA-EUR.sumstats.gz,AN.sumstats.gz \
--ref-ld-chr eur_w_ld_chr/ \
--w-ld-chr eur_w_ld_chr/ 

Beginning analysis at Mon Feb 10 14:53:02 2025
Reading summary statistics from antidep-2501-fixed-N06AA-EUR.sumstats.gz ...
Read summary statistics for 1172484 SNPs.
Reading reference panel LD Score from eur_w_ld_chr/[1-22] ... (ldscore_fromlist)
Read reference panel LD Scores for 1290028 SNPs.
Removing partitioned LD Scores with zero variance.
Reading regression weight LD Score from eur_w_ld_chr/[1-22] ... (ldscore_fromlist)
Read regression weight LD Scores for 1290028 SNPs.
After merging with reference panel LD, 1165758 SNPs remain.
After merging with regression SNP LD, 1165758 SNPs remain.
Computing rg for phenotype 2/2
Reading summary statistics from AN.sumstats.gz ...
Read summary statistics for 928535 SNPs.
After merging with summary statistics, 920370 SNPs remain.
920370 SNPs with valid alleles.

Heritability of phenotype 1
---------------------------
Total Observed scale h2: 0.0479 (0.0039)
Lambda GC: 1.2299
Mean Chi^2: 1.2395
Intercept: 1.0637 (0.0101)
Ratio: 0.2662 (0.042)

Heritability of phenotype 2/2
-----------------------------
Total Observed scale h2: 0.2821 (0.0191)
Lambda GC: 1.2583
Mean Chi^2: 1.3031
Intercept: 1.0239 (0.0109)
Ratio: 0.079 (0.036)

Genetic Covariance
------------------
Total Observed scale gencov: 0.0019 (0.005)
Mean z1*z2: 0.0196
Intercept: 0.0181 (0.006)

Genetic Correlation
-------------------
Genetic Correlation: 0.0165 (0.0434)
Z-score: 0.3812
P: 0.7031


Summary of Genetic Correlation Results
                                      p1             p2     rg     se      z      p  h2_obs  h2_obs_se  h2_int  h2_int_se  gcov_int  gcov_int_se
antidep-2501-fixed-N06AA-EUR.sumstats.gz AN.sumstats.gz 0.0165 0.0434 0.3812 0.7031  0.2821     0.0191  1.0239     0.0109    0.0181        0.006

Analysis finished at Mon Feb 10 14:53:12 2025
Total time elapsed: 10.13s
