*********************************************************************
* LD Score Regression (LDSC)
* Version 2.0.0
* (C) 2014-2019 Brendan Bulik-Sullivan and Hilary Finucane
* Broad Institute of MIT and Harvard / MIT Department of Mathematics
* GNU General Public License v3
*********************************************************************
Call: 
./ldsc.py \
--out antidep-2501-fixed-N06AB-EUR--PD \
--rg antidep-2501-fixed-N06AB-EUR.sumstats.gz,PD.sumstats.gz \
--ref-ld-chr eur_w_ld_chr/ \
--w-ld-chr eur_w_ld_chr/ 

Beginning analysis at Mon Feb 10 14:53:40 2025
Reading summary statistics from antidep-2501-fixed-N06AB-EUR.sumstats.gz ...
Read summary statistics for 1172119 SNPs.
Reading reference panel LD Score from eur_w_ld_chr/[1-22] ... (ldscore_fromlist)
Read reference panel LD Scores for 1290028 SNPs.
Removing partitioned LD Scores with zero variance.
Reading regression weight LD Score from eur_w_ld_chr/[1-22] ... (ldscore_fromlist)
Read regression weight LD Scores for 1290028 SNPs.
After merging with reference panel LD, 1165457 SNPs remain.
After merging with regression SNP LD, 1165457 SNPs remain.
Computing rg for phenotype 2/2
Reading summary statistics from PD.sumstats.gz ...
Read summary statistics for 990446 SNPs.
After merging with summary statistics, 978111 SNPs remain.
978111 SNPs with valid alleles.

Heritability of phenotype 1
---------------------------
Total Observed scale h2: 0.0503 (0.0034)
Lambda GC: 1.2365
Mean Chi^2: 1.2625
Intercept: 1.0335 (0.0106)
Ratio: 0.1276 (0.0404)

Heritability of phenotype 2/2
-----------------------------
Total Observed scale h2: 0.4261 (0.0889)
Lambda GC: 1.0601
Mean Chi^2: 1.0638
Intercept: 1.0015 (0.0089)
Ratio: 0.0238 (0.1399)

Genetic Covariance
------------------
Total Observed scale gencov: 0.0447 (0.0125)
Mean z1*z2: 0.0369
Intercept: 0.0012 (0.0064)

Genetic Correlation
-------------------
Genetic Correlation: 0.3054 (0.0921)
Z-score: 3.3153
P: 0.0009


Summary of Genetic Correlation Results
                                      p1             p2     rg     se      z      p  h2_obs  h2_obs_se  h2_int  h2_int_se  gcov_int  gcov_int_se
antidep-2501-fixed-N06AB-EUR.sumstats.gz PD.sumstats.gz 0.3054 0.0921 3.3153 0.0009  0.4261     0.0889  1.0015     0.0089    0.0012       0.0064

Analysis finished at Mon Feb 10 14:53:51 2025
Total time elapsed: 11.28s
