*********************************************************************
* LD Score Regression (LDSC)
* Version 2.0.0
* (C) 2014-2019 Brendan Bulik-Sullivan and Hilary Finucane
* Broad Institute of MIT and Harvard / MIT Department of Mathematics
* GNU General Public License v3
*********************************************************************
Call: 
./ldsc.py \
--out antidep-2501-fixed-N06AA-EUR--CAD \
--rg antidep-2501-fixed-N06AA-EUR.sumstats.gz,CAD.sumstats.gz \
--ref-ld-chr eur_w_ld_chr/ \
--w-ld-chr eur_w_ld_chr/ 

Beginning analysis at Mon Feb 10 14:53:30 2025
Reading summary statistics from antidep-2501-fixed-N06AA-EUR.sumstats.gz ...
Read summary statistics for 1172484 SNPs.
Reading reference panel LD Score from eur_w_ld_chr/[1-22] ... (ldscore_fromlist)
Read reference panel LD Scores for 1290028 SNPs.
Removing partitioned LD Scores with zero variance.
Reading regression weight LD Score from eur_w_ld_chr/[1-22] ... (ldscore_fromlist)
Read regression weight LD Scores for 1290028 SNPs.
After merging with reference panel LD, 1165758 SNPs remain.
After merging with regression SNP LD, 1165758 SNPs remain.
Computing rg for phenotype 2/2
Reading summary statistics from CAD.sumstats.gz ...
Read summary statistics for 1193582 SNPs.
After merging with summary statistics, 1164501 SNPs remain.
1164501 SNPs with valid alleles.

Heritability of phenotype 1
---------------------------
Total Observed scale h2: 0.0488 (0.0036)
Lambda GC: 1.2103
Mean Chi^2: 1.2197
Intercept: 1.0567 (0.0076)
Ratio: 0.258 (0.0345)

Heritability of phenotype 2/2
-----------------------------
Total Observed scale h2: 0.1136 (0.0078)
Lambda GC: 1.3644
Mean Chi^2: 1.622
Intercept: 0.9901 (0.0162)
Ratio < 0 (usually indicates GC correction).

Genetic Covariance
------------------
Total Observed scale gencov: 0.0221 (0.0021)
Mean z1*z2: 0.1121
Intercept: 0.0192 (0.0052)

Genetic Correlation
-------------------
Genetic Correlation: 0.2961 (0.0295)
Z-score: 10.0461
P: 9.553e-24


Summary of Genetic Correlation Results
                                      p1              p2     rg     se       z          p  h2_obs  h2_obs_se  h2_int  h2_int_se  gcov_int  gcov_int_se
antidep-2501-fixed-N06AA-EUR.sumstats.gz CAD.sumstats.gz 0.2961 0.0295 10.0461 9.5530e-24  0.1136     0.0078  0.9901     0.0162    0.0192       0.0052

Analysis finished at Mon Feb 10 14:53:42 2025
Total time elapsed: 12.13s
