*********************************************************************
* LD Score Regression (LDSC)
* Version 2.0.0
* (C) 2014-2019 Brendan Bulik-Sullivan and Hilary Finucane
* Broad Institute of MIT and Harvard / MIT Department of Mathematics
* GNU General Public License v3
*********************************************************************
Call: 
./ldsc.py \
--out antidep-2501-fixed-N06AA-EUR--Clin \
--rg antidep-2501-fixed-N06AA-EUR.sumstats.gz,Clin.sumstats.gz \
--ref-ld-chr eur_w_ld_chr/ \
--w-ld-chr eur_w_ld_chr/ 

Beginning analysis at Mon Feb 10 14:53:44 2025
Reading summary statistics from antidep-2501-fixed-N06AA-EUR.sumstats.gz ...
Read summary statistics for 1172484 SNPs.
Reading reference panel LD Score from eur_w_ld_chr/[1-22] ... (ldscore_fromlist)
Read reference panel LD Scores for 1290028 SNPs.
Removing partitioned LD Scores with zero variance.
Reading regression weight LD Score from eur_w_ld_chr/[1-22] ... (ldscore_fromlist)
Read regression weight LD Scores for 1290028 SNPs.
After merging with reference panel LD, 1165758 SNPs remain.
After merging with regression SNP LD, 1165758 SNPs remain.
Computing rg for phenotype 2/2
Reading summary statistics from Clin.sumstats.gz ...
Read summary statistics for 1117026 SNPs.
After merging with summary statistics, 1104966 SNPs remain.
1104966 SNPs with valid alleles.

Heritability of phenotype 1
---------------------------
Total Observed scale h2: 0.0492 (0.0037)
Lambda GC: 1.2168
Mean Chi^2: 1.226
Intercept: 1.056 (0.0093)
Ratio: 0.2477 (0.041)

Heritability of phenotype 2/2
-----------------------------
Total Observed scale h2: 0.0956 (0.0101)
Lambda GC: 1.1331
Mean Chi^2: 1.1359
Intercept: 1.0126 (0.0074)
Ratio: 0.0925 (0.0547)

Genetic Covariance
------------------
Total Observed scale gencov: 0.0354 (0.0043)
Mean z1*z2: 0.0912
Intercept: 0.0177 (0.006)

Genetic Correlation
-------------------
Genetic Correlation: 0.5159 (0.0606)
Z-score: 8.513
P: 1.6942e-17


Summary of Genetic Correlation Results
                                      p1               p2     rg     se     z          p  h2_obs  h2_obs_se  h2_int  h2_int_se  gcov_int  gcov_int_se
antidep-2501-fixed-N06AA-EUR.sumstats.gz Clin.sumstats.gz 0.5159 0.0606 8.513 1.6942e-17  0.0956     0.0101  1.0126     0.0074    0.0177        0.006

Analysis finished at Mon Feb 10 14:53:57 2025
Total time elapsed: 12.88s
