*********************************************************************
* LD Score Regression (LDSC)
* Version 2.0.0
* (C) 2014-2019 Brendan Bulik-Sullivan and Hilary Finucane
* Broad Institute of MIT and Harvard / MIT Department of Mathematics
* GNU General Public License v3
*********************************************************************
Call: 
./ldsc.py \
--out antidep-2501-fixed-N06AA-EUR--BIP \
--rg antidep-2501-fixed-N06AA-EUR.sumstats.gz,BIP.sumstats.gz \
--ref-ld-chr eur_w_ld_chr/ \
--w-ld-chr eur_w_ld_chr/ 

Beginning analysis at Mon Feb 10 14:52:30 2025
Reading summary statistics from antidep-2501-fixed-N06AA-EUR.sumstats.gz ...
Read summary statistics for 1172484 SNPs.
Reading reference panel LD Score from eur_w_ld_chr/[1-22] ... (ldscore_fromlist)
Read reference panel LD Scores for 1290028 SNPs.
Removing partitioned LD Scores with zero variance.
Reading regression weight LD Score from eur_w_ld_chr/[1-22] ... (ldscore_fromlist)
Read regression weight LD Scores for 1290028 SNPs.
After merging with reference panel LD, 1165758 SNPs remain.
After merging with regression SNP LD, 1165758 SNPs remain.
Computing rg for phenotype 2/2
Reading summary statistics from BIP.sumstats.gz ...
Read summary statistics for 1100628 SNPs.
After merging with summary statistics, 1091488 SNPs remain.
1091488 SNPs with valid alleles.

Heritability of phenotype 1
---------------------------
Total Observed scale h2: 0.0478 (0.0038)
Lambda GC: 1.2168
Mean Chi^2: 1.2261
Intercept: 1.0606 (0.0089)
Ratio: 0.2679 (0.0395)

Heritability of phenotype 2/2
-----------------------------
Total Observed scale h2: 0.1756 (0.0076)
Lambda GC: 1.4846
Mean Chi^2: 1.6382
Intercept: 1.0652 (0.0118)
Ratio: 0.1022 (0.0186)

Genetic Covariance
------------------
Total Observed scale gencov: 0.0132 (0.0037)
Mean z1*z2: 0.0495
Intercept: 0.0059 (0.0065)

Genetic Correlation
-------------------
Genetic Correlation: 0.1439 (0.0401)
Z-score: 3.5887
P: 0.0003


Summary of Genetic Correlation Results
                                      p1              p2     rg     se      z      p  h2_obs  h2_obs_se  h2_int  h2_int_se  gcov_int  gcov_int_se
antidep-2501-fixed-N06AA-EUR.sumstats.gz BIP.sumstats.gz 0.1439 0.0401 3.5887 0.0003  0.1756     0.0076  1.0652     0.0118    0.0059       0.0065

Analysis finished at Mon Feb 10 14:52:41 2025
Total time elapsed: 10.93s
