*********************************************************************
* LD Score Regression (LDSC)
* Version 2.0.0
* (C) 2014-2019 Brendan Bulik-Sullivan and Hilary Finucane
* Broad Institute of MIT and Harvard / MIT Department of Mathematics
* GNU General Public License v3
*********************************************************************
Call: 
./ldsc.py \
--out antidep-2501-fixed-N06AA-EUR--T2D \
--rg antidep-2501-fixed-N06AA-EUR.sumstats.gz,T2D.sumstats.gz \
--ref-ld-chr eur_w_ld_chr/ \
--w-ld-chr eur_w_ld_chr/ 

Beginning analysis at Mon Feb 10 14:53:42 2025
Reading summary statistics from antidep-2501-fixed-N06AA-EUR.sumstats.gz ...
Read summary statistics for 1172484 SNPs.
Reading reference panel LD Score from eur_w_ld_chr/[1-22] ... (ldscore_fromlist)
Read reference panel LD Scores for 1290028 SNPs.
Removing partitioned LD Scores with zero variance.
Reading regression weight LD Score from eur_w_ld_chr/[1-22] ... (ldscore_fromlist)
Read regression weight LD Scores for 1290028 SNPs.
After merging with reference panel LD, 1165758 SNPs remain.
After merging with regression SNP LD, 1165758 SNPs remain.
Computing rg for phenotype 2/2
Reading summary statistics from T2D.sumstats.gz ...
Read summary statistics for 1202047 SNPs.
After merging with summary statistics, 1156530 SNPs remain.
1156530 SNPs with valid alleles.

Heritability of phenotype 1
---------------------------
Total Observed scale h2: 0.0487 (0.0035)
Lambda GC: 1.2103
Mean Chi^2: 1.2197
Intercept: 1.0573 (0.0074)
Ratio: 0.2608 (0.0338)

Heritability of phenotype 2/2
-----------------------------
Total Observed scale h2: 0.1761 (0.0093)
Lambda GC: 1.4947
Mean Chi^2: 1.8559
Intercept: 0.9941 (0.0229)
Ratio < 0 (usually indicates GC correction).

Genetic Covariance
------------------
Total Observed scale gencov: 0.0239 (0.0025)
Mean z1*z2: 0.112
Intercept: 0.0174 (0.0057)

Genetic Correlation
-------------------
Genetic Correlation: 0.2582 (0.0268)
Z-score: 9.6214
P: 6.4917e-22


Summary of Genetic Correlation Results
                                      p1              p2     rg     se      z          p  h2_obs  h2_obs_se  h2_int  h2_int_se  gcov_int  gcov_int_se
antidep-2501-fixed-N06AA-EUR.sumstats.gz T2D.sumstats.gz 0.2582 0.0268 9.6214 6.4917e-22  0.1761     0.0093  0.9941     0.0229    0.0174       0.0057

Analysis finished at Mon Feb 10 14:53:53 2025
Total time elapsed: 11.09s
