*********************************************************************
* LD Score Regression (LDSC)
* Version 2.0.0
* (C) 2014-2019 Brendan Bulik-Sullivan and Hilary Finucane
* Broad Institute of MIT and Harvard / MIT Department of Mathematics
* GNU General Public License v3
*********************************************************************
Call: 
./ldsc.py \
--out antidep-2501-fixed-N06AB-EUR--PTSD \
--rg antidep-2501-fixed-N06AB-EUR.sumstats.gz,PTSD.sumstats.gz \
--ref-ld-chr eur_w_ld_chr/ \
--w-ld-chr eur_w_ld_chr/ 

Beginning analysis at Mon Feb 10 14:54:15 2025
Reading summary statistics from antidep-2501-fixed-N06AB-EUR.sumstats.gz ...
Read summary statistics for 1172119 SNPs.
Reading reference panel LD Score from eur_w_ld_chr/[1-22] ... (ldscore_fromlist)
Read reference panel LD Scores for 1290028 SNPs.
Removing partitioned LD Scores with zero variance.
Reading regression weight LD Score from eur_w_ld_chr/[1-22] ... (ldscore_fromlist)
Read regression weight LD Scores for 1290028 SNPs.
After merging with reference panel LD, 1165457 SNPs remain.
After merging with regression SNP LD, 1165457 SNPs remain.
Computing rg for phenotype 2/2
Reading summary statistics from PTSD.sumstats.gz ...
Read summary statistics for 1172481 SNPs.
After merging with summary statistics, 1146626 SNPs remain.
1146626 SNPs with valid alleles.

Heritability of phenotype 1
---------------------------
Total Observed scale h2: 0.0503 (0.0031)
Lambda GC: 1.2168
Mean Chi^2: 1.2422
Intercept: 1.0345 (0.0082)
Ratio: 0.1423 (0.034)

Heritability of phenotype 2/2
-----------------------------
Total Observed scale h2: 0.0214 (0.0036)
Lambda GC: 1.0689
Mean Chi^2: 1.0787
Intercept: 1.0203 (0.0063)
Ratio: 0.2575 (0.0796)

Genetic Covariance
------------------
Total Observed scale gencov: 0.0239 (0.0023)
Mean z1*z2: 0.0968
Intercept: 0.0167 (0.0055)

Genetic Correlation
-------------------
Genetic Correlation: 0.7282 (0.0812)
Z-score: 8.9651
P: 3.1014e-19


Summary of Genetic Correlation Results
                                      p1               p2     rg     se      z          p  h2_obs  h2_obs_se  h2_int  h2_int_se  gcov_int  gcov_int_se
antidep-2501-fixed-N06AB-EUR.sumstats.gz PTSD.sumstats.gz 0.7282 0.0812 8.9651 3.1014e-19  0.0214     0.0036  1.0203     0.0063    0.0167       0.0055

Analysis finished at Mon Feb 10 14:54:27 2025
Total time elapsed: 11.62s
