*********************************************************************
* LD Score Regression (LDSC)
* Version 2.0.0
* (C) 2014-2019 Brendan Bulik-Sullivan and Hilary Finucane
* Broad Institute of MIT and Harvard / MIT Department of Mathematics
* GNU General Public License v3
*********************************************************************
Call: 
./ldsc.py \
--out AllOfUs-N06AA-EUR-v7_2411--FinnGen-N06A-EUR-R12 \
--rg AllOfUs-N06AA-EUR-v7_2411.sumstats.gz,FinnGen-N06A-EUR-R12.sumstats.gz \
--ref-ld-chr eur_w_ld_chr/ \
--w-ld-chr eur_w_ld_chr/ 

Beginning analysis at Mon Feb 10 19:23:29 2025
Reading summary statistics from AllOfUs-N06AA-EUR-v7_2411.sumstats.gz ...
Read summary statistics for 1186633 SNPs.
Reading reference panel LD Score from eur_w_ld_chr/[1-22] ... (ldscore_fromlist)
Read reference panel LD Scores for 1290028 SNPs.
Removing partitioned LD Scores with zero variance.
Reading regression weight LD Score from eur_w_ld_chr/[1-22] ... (ldscore_fromlist)
Read regression weight LD Scores for 1290028 SNPs.
After merging with reference panel LD, 1177888 SNPs remain.
After merging with regression SNP LD, 1177888 SNPs remain.
Computing rg for phenotype 2/2
Reading summary statistics from FinnGen-N06A-EUR-R12.sumstats.gz ...
Read summary statistics for 1217311 SNPs.
After merging with summary statistics, 1177888 SNPs remain.
1158687 SNPs with valid alleles.

Heritability of phenotype 1
---------------------------
Total Observed scale h2: 0.0545 (0.0109)
Lambda GC: 1.0527
Mean Chi^2: 1.0619
Intercept: 1.0208 (0.0058)
Ratio: 0.3356 (0.0933)

Heritability of phenotype 2/2
-----------------------------
Total Observed scale h2: 0.1102 (0.0048)
Lambda GC: 1.5957
Mean Chi^2: 1.6965
Intercept: 1.1501 (0.0118)
Ratio: 0.2156 (0.017)

Genetic Covariance
------------------
Total Observed scale gencov: 0.0437 (0.0049)
Mean z1*z2: 0.0749
Intercept: -0.0098 (0.0057)

Genetic Correlation
-------------------
Genetic Correlation: 0.5645 (0.0817)
Z-score: 6.9075
P: 4.9323e-12


Summary of Genetic Correlation Results
                                   p1                               p2     rg     se      z          p  h2_obs  h2_obs_se  h2_int  h2_int_se  gcov_int  gcov_int_se
AllOfUs-N06AA-EUR-v7_2411.sumstats.gz FinnGen-N06A-EUR-R12.sumstats.gz 0.5645 0.0817 6.9075 4.9323e-12  0.1102     0.0048  1.1501     0.0118   -0.0098       0.0057

Analysis finished at Mon Feb 10 19:23:43 2025
Total time elapsed: 14.87s
