*********************************************************************
* LD Score Regression (LDSC)
* Version 2.0.0
* (C) 2014-2019 Brendan Bulik-Sullivan and Hilary Finucane
* Broad Institute of MIT and Harvard / MIT Department of Mathematics
* GNU General Public License v3
*********************************************************************
Call: 
./ldsc.py \
--out AllOfUs-N06A-EUR-v7_2411--GenScot-N06AB-EUR-rmUKBB_2309 \
--rg AllOfUs-N06A-EUR-v7_2411.sumstats.gz,GenScot-N06AB-EUR-rmUKBB_2309.sumstats.gz \
--ref-ld-chr eur_w_ld_chr/ \
--w-ld-chr eur_w_ld_chr/ 

Beginning analysis at Mon Feb 10 17:40:51 2025
Reading summary statistics from AllOfUs-N06A-EUR-v7_2411.sumstats.gz ...
Read summary statistics for 1186754 SNPs.
Reading reference panel LD Score from eur_w_ld_chr/[1-22] ... (ldscore_fromlist)
Read reference panel LD Scores for 1290028 SNPs.
Removing partitioned LD Scores with zero variance.
Reading regression weight LD Score from eur_w_ld_chr/[1-22] ... (ldscore_fromlist)
Read regression weight LD Scores for 1290028 SNPs.
After merging with reference panel LD, 1177938 SNPs remain.
After merging with regression SNP LD, 1177938 SNPs remain.
Computing rg for phenotype 2/2
Reading summary statistics from GenScot-N06AB-EUR-rmUKBB_2309.sumstats.gz ...
Read summary statistics for 1217311 SNPs.
After merging with summary statistics, 1177938 SNPs remain.
1141319 SNPs with valid alleles.

Heritability of phenotype 1
---------------------------
Total Observed scale h2: 0.0364 (0.0052)
Lambda GC: 1.1113
Mean Chi^2: 1.1108
Intercept: 1.0312 (0.0073)
Ratio: 0.2812 (0.0663)

Heritability of phenotype 2/2
-----------------------------
Total Observed scale h2: 0.0279 (0.0382)
Lambda GC: 1.0772
Mean Chi^2: 1.0846
Intercept: 1.0766 (0.0072)
Ratio: 0.905 (0.0857)

Genetic Covariance
------------------
Total Observed scale gencov: 0.0382 (0.0089)
Mean z1*z2: 0.0314
Intercept: 0.0014 (0.0047)

Genetic Correlation
-------------------
Genetic Correlation: nan (nan) (rg out of bounds) 
Z-score: nan (nan) (rg out of bounds)
P: nan (nan) (rg out of bounds)
WARNING: rg was out of bounds.
This often means that h2 is not significantly different from zero.


Summary of Genetic Correlation Results
                                  p1                                        p2     rg     se     z      p  h2_obs  h2_obs_se  h2_int  h2_int_se  gcov_int  gcov_int_se
AllOfUs-N06A-EUR-v7_2411.sumstats.gz GenScot-N06AB-EUR-rmUKBB_2309.sumstats.gz 1.2003 0.9149 1.312 0.1895  0.0279     0.0382  1.0766     0.0072    0.0014       0.0047

Analysis finished at Mon Feb 10 17:41:05 2025
Total time elapsed: 14.33s
