*********************************************************************
* LD Score Regression (LDSC)
* Version 2.0.0
* (C) 2014-2019 Brendan Bulik-Sullivan and Hilary Finucane
* Broad Institute of MIT and Harvard / MIT Department of Mathematics
* GNU General Public License v3
*********************************************************************
Call: 
./ldsc.py \
--out AllOfUs-N06AB-EUR-v7_2411--UKB-N06AX-EUR-21007_2309 \
--rg AllOfUs-N06AB-EUR-v7_2411.sumstats.gz,UKB-N06AX-EUR-21007_2309.sumstats.gz \
--ref-ld-chr eur_w_ld_chr/ \
--w-ld-chr eur_w_ld_chr/ 

Beginning analysis at Mon Feb 10 17:42:19 2025
Reading summary statistics from AllOfUs-N06AB-EUR-v7_2411.sumstats.gz ...
Read summary statistics for 1186723 SNPs.
Reading reference panel LD Score from eur_w_ld_chr/[1-22] ... (ldscore_fromlist)
Read reference panel LD Scores for 1290028 SNPs.
Removing partitioned LD Scores with zero variance.
Reading regression weight LD Score from eur_w_ld_chr/[1-22] ... (ldscore_fromlist)
Read regression weight LD Scores for 1290028 SNPs.
After merging with reference panel LD, 1177905 SNPs remain.
After merging with regression SNP LD, 1177905 SNPs remain.
Computing rg for phenotype 2/2
Reading summary statistics from UKB-N06AX-EUR-21007_2309.sumstats.gz ...
Read summary statistics for 1217311 SNPs.
After merging with summary statistics, 1177905 SNPs remain.
1151868 SNPs with valid alleles.

Heritability of phenotype 1
---------------------------
Total Observed scale h2: 0.0441 (0.0065)
Lambda GC: 1.0833
Mean Chi^2: 1.0916
Intercept: 1.0159 (0.0071)
Ratio: 0.1731 (0.0777)

Heritability of phenotype 2/2
-----------------------------
Total Observed scale h2: 0.0722 (0.0147)
Lambda GC: 1.0833
Mean Chi^2: 1.083
Intercept: 1.0323 (0.0069)
Ratio: 0.3897 (0.0826)

Genetic Covariance
------------------
Total Observed scale gencov: 0.0472 (0.0067)
Mean z1*z2: 0.0521
Intercept: 0.0005 (0.0045)

Genetic Correlation
-------------------
Genetic Correlation: 0.8363 (0.1278)
Z-score: 6.5428
P: 6.037e-11


Summary of Genetic Correlation Results
                                   p1                                   p2     rg     se      z          p  h2_obs  h2_obs_se  h2_int  h2_int_se  gcov_int  gcov_int_se
AllOfUs-N06AB-EUR-v7_2411.sumstats.gz UKB-N06AX-EUR-21007_2309.sumstats.gz 0.8363 0.1278 6.5428 6.0370e-11  0.0722     0.0147  1.0323     0.0069    0.0005       0.0045

Analysis finished at Mon Feb 10 17:42:33 2025
Total time elapsed: 14.36s
