*********************************************************************
* LD Score Regression (LDSC)
* Version 2.0.0
* (C) 2014-2019 Brendan Bulik-Sullivan and Hilary Finucane
* Broad Institute of MIT and Harvard / MIT Department of Mathematics
* GNU General Public License v3
*********************************************************************
Call: 
./ldsc.py \
--out FinnGen-N06A-EUR-R12--GenScot-N06A-EUR-rmUKBB_2309 \
--rg FinnGen-N06A-EUR-R12.sumstats.gz,GenScot-N06A-EUR-rmUKBB_2309.sumstats.gz \
--ref-ld-chr eur_w_ld_chr/ \
--w-ld-chr eur_w_ld_chr/ 

Beginning analysis at Mon Feb 10 19:23:11 2025
Reading summary statistics from FinnGen-N06A-EUR-R12.sumstats.gz ...
Read summary statistics for 1169337 SNPs.
Reading reference panel LD Score from eur_w_ld_chr/[1-22] ... (ldscore_fromlist)
Read reference panel LD Scores for 1290028 SNPs.
Removing partitioned LD Scores with zero variance.
Reading regression weight LD Score from eur_w_ld_chr/[1-22] ... (ldscore_fromlist)
Read regression weight LD Scores for 1290028 SNPs.
After merging with reference panel LD, 1161829 SNPs remain.
After merging with regression SNP LD, 1161829 SNPs remain.
Computing rg for phenotype 2/2
Reading summary statistics from GenScot-N06A-EUR-rmUKBB_2309.sumstats.gz ...
Read summary statistics for 1217311 SNPs.
After merging with summary statistics, 1161829 SNPs remain.
1127199 SNPs with valid alleles.

Heritability of phenotype 1
---------------------------
Total Observed scale h2: 0.1096 (0.0049)
Lambda GC: 1.6032
Mean Chi^2: 1.7058
Intercept: 1.1549 (0.0122)
Ratio: 0.2195 (0.0172)

Heritability of phenotype 2/2
-----------------------------
Total Observed scale h2: 0.0712 (0.0288)
Lambda GC: 1.1082
Mean Chi^2: 1.11
Intercept: 1.083 (0.0079)
Ratio: 0.7552 (0.0717)

Genetic Covariance
------------------
Total Observed scale gencov: 0.0517 (0.0076)
Mean z1*z2: 0.0772
Intercept: 0.0051 (0.0058)

Genetic Correlation
-------------------
Genetic Correlation: 0.5855 (0.143)
Z-score: 4.094
P: 4.2398e-05


Summary of Genetic Correlation Results
                              p1                                       p2     rg    se     z          p  h2_obs  h2_obs_se  h2_int  h2_int_se  gcov_int  gcov_int_se
FinnGen-N06A-EUR-R12.sumstats.gz GenScot-N06A-EUR-rmUKBB_2309.sumstats.gz 0.5855 0.143 4.094 4.2398e-05  0.0712     0.0288   1.083     0.0079    0.0051       0.0058

Analysis finished at Mon Feb 10 19:23:24 2025
Total time elapsed: 13.69s
