*********************************************************************
* LD Score Regression (LDSC)
* Version 2.0.0
* (C) 2014-2019 Brendan Bulik-Sullivan and Hilary Finucane
* Broad Institute of MIT and Harvard / MIT Department of Mathematics
* GNU General Public License v3
*********************************************************************
Call: 
./ldsc.py \
--out FinnGen-N06A-EUR-R12--UKB-N06A-EUR-21007_2309 \
--rg FinnGen-N06A-EUR-R12.sumstats.gz,UKB-N06A-EUR-21007_2309.sumstats.gz \
--ref-ld-chr eur_w_ld_chr/ \
--w-ld-chr eur_w_ld_chr/ 

Beginning analysis at Mon Feb 10 19:23:11 2025
Reading summary statistics from FinnGen-N06A-EUR-R12.sumstats.gz ...
Read summary statistics for 1169337 SNPs.
Reading reference panel LD Score from eur_w_ld_chr/[1-22] ... (ldscore_fromlist)
Read reference panel LD Scores for 1290028 SNPs.
Removing partitioned LD Scores with zero variance.
Reading regression weight LD Score from eur_w_ld_chr/[1-22] ... (ldscore_fromlist)
Read regression weight LD Scores for 1290028 SNPs.
After merging with reference panel LD, 1161829 SNPs remain.
After merging with regression SNP LD, 1161829 SNPs remain.
Computing rg for phenotype 2/2
Reading summary statistics from UKB-N06A-EUR-21007_2309.sumstats.gz ...
Read summary statistics for 1217311 SNPs.
After merging with summary statistics, 1161829 SNPs remain.
1136943 SNPs with valid alleles.

Heritability of phenotype 1
---------------------------
Total Observed scale h2: 0.1096 (0.0051)
Lambda GC: 1.6032
Mean Chi^2: 1.7043
Intercept: 1.1552 (0.012)
Ratio: 0.2203 (0.0171)

Heritability of phenotype 2/2
-----------------------------
Total Observed scale h2: 0.0491 (0.0038)
Lambda GC: 1.207
Mean Chi^2: 1.2212
Intercept: 1.0636 (0.0087)
Ratio: 0.2876 (0.0391)

Genetic Covariance
------------------
Total Observed scale gencov: 0.0511 (0.003)
Mean z1*z2: 0.202
Intercept: -0.0025 (0.0064)

Genetic Correlation
-------------------
Genetic Correlation: 0.6969 (0.0384)
Z-score: 18.15
P: 1.2847e-73


Summary of Genetic Correlation Results
                              p1                                  p2     rg     se     z          p  h2_obs  h2_obs_se  h2_int  h2_int_se  gcov_int  gcov_int_se
FinnGen-N06A-EUR-R12.sumstats.gz UKB-N06A-EUR-21007_2309.sumstats.gz 0.6969 0.0384 18.15 1.2847e-73  0.0491     0.0038  1.0636     0.0087   -0.0025       0.0064

Analysis finished at Mon Feb 10 19:23:25 2025
Total time elapsed: 14.4s
