*********************************************************************
* LD Score Regression (LDSC)
* Version 2.0.0
* (C) 2014-2019 Brendan Bulik-Sullivan and Hilary Finucane
* Broad Institute of MIT and Harvard / MIT Department of Mathematics
* GNU General Public License v3
*********************************************************************
Call: 
./ldsc.py \
--out FinnGen-N06A-EUR-R12--AllOfUs-N06AB-EUR-v7_2411 \
--rg FinnGen-N06A-EUR-R12.sumstats.gz,AllOfUs-N06AB-EUR-v7_2411.sumstats.gz \
--ref-ld-chr eur_w_ld_chr/ \
--w-ld-chr eur_w_ld_chr/ 

Beginning analysis at Mon Feb 10 19:23:11 2025
Reading summary statistics from FinnGen-N06A-EUR-R12.sumstats.gz ...
Read summary statistics for 1169337 SNPs.
Reading reference panel LD Score from eur_w_ld_chr/[1-22] ... (ldscore_fromlist)
Read reference panel LD Scores for 1290028 SNPs.
Removing partitioned LD Scores with zero variance.
Reading regression weight LD Score from eur_w_ld_chr/[1-22] ... (ldscore_fromlist)
Read regression weight LD Scores for 1290028 SNPs.
After merging with reference panel LD, 1161829 SNPs remain.
After merging with regression SNP LD, 1161829 SNPs remain.
Computing rg for phenotype 2/2
Reading summary statistics from AllOfUs-N06AB-EUR-v7_2411.sumstats.gz ...
Read summary statistics for 1217311 SNPs.
After merging with summary statistics, 1161829 SNPs remain.
1158706 SNPs with valid alleles.

Heritability of phenotype 1
---------------------------
Total Observed scale h2: 0.1102 (0.0048)
Lambda GC: 1.5957
Mean Chi^2: 1.6965
Intercept: 1.1502 (0.0118)
Ratio: 0.2157 (0.017)

Heritability of phenotype 2/2
-----------------------------
Total Observed scale h2: 0.043 (0.0063)
Lambda GC: 1.0833
Mean Chi^2: 1.0917
Intercept: 1.0181 (0.0068)
Ratio: 0.1972 (0.074)

Genetic Covariance
------------------
Total Observed scale gencov: 0.0438 (0.0033)
Mean z1*z2: 0.1263
Intercept: -0.0007 (0.0055)

Genetic Correlation
-------------------
Genetic Correlation: 0.637 (0.0628)
Z-score: 10.1418
P: 3.6047e-24


Summary of Genetic Correlation Results
                              p1                                    p2    rg     se       z          p  h2_obs  h2_obs_se  h2_int  h2_int_se  gcov_int  gcov_int_se
FinnGen-N06A-EUR-R12.sumstats.gz AllOfUs-N06AB-EUR-v7_2411.sumstats.gz 0.637 0.0628 10.1418 3.6047e-24   0.043     0.0063  1.0181     0.0068   -0.0007       0.0055

Analysis finished at Mon Feb 10 19:23:25 2025
Total time elapsed: 14.71s
