*********************************************************************
* LD Score Regression (LDSC)
* Version 2.0.0
* (C) 2014-2019 Brendan Bulik-Sullivan and Hilary Finucane
* Broad Institute of MIT and Harvard / MIT Department of Mathematics
* GNU General Public License v3
*********************************************************************
Call: 
./ldsc.py \
--out GenScot-N06A-EUR-rmUKBB_2309--GenScot-N06AA-EUR-rmUKBB_2309 \
--rg GenScot-N06A-EUR-rmUKBB_2309.sumstats.gz,GenScot-N06AA-EUR-rmUKBB_2309.sumstats.gz \
--ref-ld-chr eur_w_ld_chr/ \
--w-ld-chr eur_w_ld_chr/ 

Beginning analysis at Mon Feb 10 17:41:44 2025
Reading summary statistics from GenScot-N06A-EUR-rmUKBB_2309.sumstats.gz ...
Read summary statistics for 1148796 SNPs.
Reading reference panel LD Score from eur_w_ld_chr/[1-22] ... (ldscore_fromlist)
Read reference panel LD Scores for 1290028 SNPs.
Removing partitioned LD Scores with zero variance.
Reading regression weight LD Score from eur_w_ld_chr/[1-22] ... (ldscore_fromlist)
Read regression weight LD Scores for 1290028 SNPs.
After merging with reference panel LD, 1142689 SNPs remain.
After merging with regression SNP LD, 1142689 SNPs remain.
Computing rg for phenotype 2/2
Reading summary statistics from GenScot-N06AA-EUR-rmUKBB_2309.sumstats.gz ...
Read summary statistics for 1217311 SNPs.
After merging with summary statistics, 1142689 SNPs remain.
1142510 SNPs with valid alleles.

Heritability of phenotype 1
---------------------------
Total Observed scale h2: 0.0686 (0.0278)
Lambda GC: 1.1082
Mean Chi^2: 1.1096
Intercept: 1.0838 (0.0076)
Ratio: 0.7645 (0.0692)

Heritability of phenotype 2/2
-----------------------------
Total Observed scale h2: 0.0639 (0.0391)
Lambda GC: 1.0588
Mean Chi^2: 1.0513
Intercept: 1.0334 (0.0072)
Ratio: 0.6505 (0.141)

Genetic Covariance
------------------
Total Observed scale gencov: 0.0574 (0.0282)
Mean z1*z2: 0.6962
Intercept: 0.6776 (0.0063)

Genetic Correlation
-------------------
Genetic Correlation: 0.8663 (0.1766)
Z-score: 4.9055
P: 9.318e-07


Summary of Genetic Correlation Results
                                      p1                                        p2     rg     se      z          p  h2_obs  h2_obs_se  h2_int  h2_int_se  gcov_int  gcov_int_se
GenScot-N06A-EUR-rmUKBB_2309.sumstats.gz GenScot-N06AA-EUR-rmUKBB_2309.sumstats.gz 0.8663 0.1766 4.9055 9.3180e-07  0.0639     0.0391  1.0334     0.0072    0.6776       0.0063

Analysis finished at Mon Feb 10 17:41:58 2025
Total time elapsed: 13.81s
