*********************************************************************
* LD Score Regression (LDSC)
* Version 2.0.0
* (C) 2014-2019 Brendan Bulik-Sullivan and Hilary Finucane
* Broad Institute of MIT and Harvard / MIT Department of Mathematics
* GNU General Public License v3
*********************************************************************
Call: 
./ldsc.py \
--out GenScot-N06AB-EUR-rmUKBB_2309--GenScot-N06A-EUR-rmUKBB_2309 \
--rg GenScot-N06AB-EUR-rmUKBB_2309.sumstats.gz,GenScot-N06A-EUR-rmUKBB_2309.sumstats.gz \
--ref-ld-chr eur_w_ld_chr/ \
--w-ld-chr eur_w_ld_chr/ 

Beginning analysis at Mon Feb 10 17:40:51 2025
Reading summary statistics from GenScot-N06AB-EUR-rmUKBB_2309.sumstats.gz ...
Read summary statistics for 1148851 SNPs.
Reading reference panel LD Score from eur_w_ld_chr/[1-22] ... (ldscore_fromlist)
Read reference panel LD Scores for 1290028 SNPs.
Removing partitioned LD Scores with zero variance.
Reading regression weight LD Score from eur_w_ld_chr/[1-22] ... (ldscore_fromlist)
Read regression weight LD Scores for 1290028 SNPs.
After merging with reference panel LD, 1142726 SNPs remain.
After merging with regression SNP LD, 1142726 SNPs remain.
Computing rg for phenotype 2/2
Reading summary statistics from GenScot-N06A-EUR-rmUKBB_2309.sumstats.gz ...
Read summary statistics for 1217311 SNPs.
After merging with summary statistics, 1142726 SNPs remain.
1142507 SNPs with valid alleles.

Heritability of phenotype 1
---------------------------
Total Observed scale h2: 0.0286 (0.0387)
Lambda GC: 1.0772
Mean Chi^2: 1.0845
Intercept: 1.0763 (0.0072)
Ratio: 0.9025 (0.0857)

Heritability of phenotype 2/2
-----------------------------
Total Observed scale h2: 0.0691 (0.0279)
Lambda GC: 1.1082
Mean Chi^2: 1.1096
Intercept: 1.0836 (0.0076)
Ratio: 0.7629 (0.0696)

Genetic Covariance
------------------
Total Observed scale gencov: 0.0402 (0.0288)
Mean z1*z2: 0.7579
Intercept: 0.7447 (0.0066)

Genetic Correlation
-------------------
Genetic Correlation: 0.9045 (0.303)
Z-score: 2.9853
P: 0.0028


Summary of Genetic Correlation Results
                                       p1                                       p2     rg    se      z      p  h2_obs  h2_obs_se  h2_int  h2_int_se  gcov_int  gcov_int_se
GenScot-N06AB-EUR-rmUKBB_2309.sumstats.gz GenScot-N06A-EUR-rmUKBB_2309.sumstats.gz 0.9045 0.303 2.9853 0.0028  0.0691     0.0279  1.0836     0.0076    0.7447       0.0066

Analysis finished at Mon Feb 10 17:41:05 2025
Total time elapsed: 13.88s
