*********************************************************************
* LD Score Regression (LDSC)
* Version 2.0.0
* (C) 2014-2019 Brendan Bulik-Sullivan and Hilary Finucane
* Broad Institute of MIT and Harvard / MIT Department of Mathematics
* GNU General Public License v3
*********************************************************************
Call: 
./ldsc.py \
--out UKB-N06AX-EUR-21007_2309--FinnGen-N06A-EUR-R12 \
--rg UKB-N06AX-EUR-21007_2309.sumstats.gz,FinnGen-N06A-EUR-R12.sumstats.gz \
--ref-ld-chr eur_w_ld_chr/ \
--w-ld-chr eur_w_ld_chr/ 

Beginning analysis at Mon Feb 10 19:23:45 2025
Reading summary statistics from UKB-N06AX-EUR-21007_2309.sumstats.gz ...
Read summary statistics for 1159170 SNPs.
Reading reference panel LD Score from eur_w_ld_chr/[1-22] ... (ldscore_fromlist)
Read reference panel LD Scores for 1290028 SNPs.
Removing partitioned LD Scores with zero variance.
Reading regression weight LD Score from eur_w_ld_chr/[1-22] ... (ldscore_fromlist)
Read regression weight LD Scores for 1290028 SNPs.
After merging with reference panel LD, 1153021 SNPs remain.
After merging with regression SNP LD, 1153021 SNPs remain.
Computing rg for phenotype 2/2
Reading summary statistics from FinnGen-N06A-EUR-R12.sumstats.gz ...
Read summary statistics for 1217311 SNPs.
After merging with summary statistics, 1153021 SNPs remain.
1136941 SNPs with valid alleles.

Heritability of phenotype 1
---------------------------
Total Observed scale h2: 0.0698 (0.0148)
Lambda GC: 1.0833
Mean Chi^2: 1.0837
Intercept: 1.0344 (0.0071)
Ratio: 0.4104 (0.0849)

Heritability of phenotype 2/2
-----------------------------
Total Observed scale h2: 0.1096 (0.0051)
Lambda GC: 1.6032
Mean Chi^2: 1.7043
Intercept: 1.1552 (0.012)
Ratio: 0.2203 (0.0171)

Genetic Covariance
------------------
Total Observed scale gencov: 0.0772 (0.0059)
Mean z1*z2: 0.1463
Intercept: -0.0011 (0.006)

Genetic Correlation
-------------------
Genetic Correlation: 0.8833 (0.094)
Z-score: 9.4017
P: 5.3707e-21


Summary of Genetic Correlation Results
                                  p1                               p2     rg    se      z          p  h2_obs  h2_obs_se  h2_int  h2_int_se  gcov_int  gcov_int_se
UKB-N06AX-EUR-21007_2309.sumstats.gz FinnGen-N06A-EUR-R12.sumstats.gz 0.8833 0.094 9.4017 5.3707e-21  0.1096     0.0051  1.1552      0.012   -0.0011        0.006

Analysis finished at Mon Feb 10 19:23:56 2025
Total time elapsed: 11.02s
