*********************************************************************
* LD Score Regression (LDSC)
* Version 2.0.0
* (C) 2014-2019 Brendan Bulik-Sullivan and Hilary Finucane
* Broad Institute of MIT and Harvard / MIT Department of Mathematics
* GNU General Public License v3
*********************************************************************
Call: 
./ldsc.py \
--out UKB-N06A-EUR-21007_2309--UKB-N06AX-EUR-21007_2309 \
--rg UKB-N06A-EUR-21007_2309.sumstats.gz,UKB-N06AX-EUR-21007_2309.sumstats.gz \
--ref-ld-chr eur_w_ld_chr/ \
--w-ld-chr eur_w_ld_chr/ 

Beginning analysis at Mon Feb 10 17:42:36 2025
Reading summary statistics from UKB-N06A-EUR-21007_2309.sumstats.gz ...
Read summary statistics for 1159185 SNPs.
Reading reference panel LD Score from eur_w_ld_chr/[1-22] ... (ldscore_fromlist)
Read reference panel LD Scores for 1290028 SNPs.
Removing partitioned LD Scores with zero variance.
Reading regression weight LD Score from eur_w_ld_chr/[1-22] ... (ldscore_fromlist)
Read regression weight LD Scores for 1290028 SNPs.
After merging with reference panel LD, 1153017 SNPs remain.
After merging with regression SNP LD, 1153017 SNPs remain.
Computing rg for phenotype 2/2
Reading summary statistics from UKB-N06AX-EUR-21007_2309.sumstats.gz ...
Read summary statistics for 1217311 SNPs.
After merging with summary statistics, 1153017 SNPs remain.
1152961 SNPs with valid alleles.

Heritability of phenotype 1
---------------------------
Total Observed scale h2: 0.0493 (0.0037)
Lambda GC: 1.207
Mean Chi^2: 1.2204
Intercept: 1.0632 (0.0085)
Ratio: 0.2866 (0.0383)

Heritability of phenotype 2/2
-----------------------------
Total Observed scale h2: 0.0723 (0.0146)
Lambda GC: 1.0833
Mean Chi^2: 1.083
Intercept: 1.0322 (0.0067)
Ratio: 0.3885 (0.0812)

Genetic Covariance
------------------
Total Observed scale gencov: 0.0554 (0.0058)
Mean z1*z2: 0.4669
Intercept: 0.3841 (0.0057)

Genetic Correlation
-------------------
Genetic Correlation: 0.9272 (0.0765)
Z-score: 12.1253
P: 7.7561e-34


Summary of Genetic Correlation Results
                                 p1                                   p2     rg     se       z          p  h2_obs  h2_obs_se  h2_int  h2_int_se  gcov_int  gcov_int_se
UKB-N06A-EUR-21007_2309.sumstats.gz UKB-N06AX-EUR-21007_2309.sumstats.gz 0.9272 0.0765 12.1253 7.7561e-34  0.0723     0.0146  1.0322     0.0067    0.3841       0.0057

Analysis finished at Mon Feb 10 17:42:50 2025
Total time elapsed: 13.91s
