*********************************************************************
* LD Score Regression (LDSC)
* Version 2.0.0
* (C) 2014-2019 Brendan Bulik-Sullivan and Hilary Finucane
* Broad Institute of MIT and Harvard / MIT Department of Mathematics
* GNU General Public License v3
*********************************************************************
Call: 
./ldsc.py \
--out UKB-N06AB-EUR-21007_2309--FinnGen-N06A-EUR-R12 \
--rg UKB-N06AB-EUR-21007_2309.sumstats.gz,FinnGen-N06A-EUR-R12.sumstats.gz \
--ref-ld-chr eur_w_ld_chr/ \
--w-ld-chr eur_w_ld_chr/ 

Beginning analysis at Mon Feb 10 19:23:29 2025
Reading summary statistics from UKB-N06AB-EUR-21007_2309.sumstats.gz ...
Read summary statistics for 1159188 SNPs.
Reading reference panel LD Score from eur_w_ld_chr/[1-22] ... (ldscore_fromlist)
Read reference panel LD Scores for 1290028 SNPs.
Removing partitioned LD Scores with zero variance.
Reading regression weight LD Score from eur_w_ld_chr/[1-22] ... (ldscore_fromlist)
Read regression weight LD Scores for 1290028 SNPs.
After merging with reference panel LD, 1153024 SNPs remain.
After merging with regression SNP LD, 1153024 SNPs remain.
Computing rg for phenotype 2/2
Reading summary statistics from FinnGen-N06A-EUR-R12.sumstats.gz ...
Read summary statistics for 1217311 SNPs.
After merging with summary statistics, 1153024 SNPs remain.
1136951 SNPs with valid alleles.

Heritability of phenotype 1
---------------------------
Total Observed scale h2: 0.0604 (0.0053)
Lambda GC: 1.1683
Mean Chi^2: 1.178
Intercept: 1.0462 (0.0079)
Ratio: 0.2594 (0.0443)

Heritability of phenotype 2/2
-----------------------------
Total Observed scale h2: 0.1096 (0.0051)
Lambda GC: 1.6032
Mean Chi^2: 1.7043
Intercept: 1.1551 (0.0121)
Ratio: 0.2202 (0.0171)

Genetic Covariance
------------------
Total Observed scale gencov: 0.0579 (0.0037)
Mean z1*z2: 0.1927
Intercept: 0.0025 (0.0065)

Genetic Correlation
-------------------
Genetic Correlation: 0.7116 (0.044)
Z-score: 16.163
P: 9.2043e-59


Summary of Genetic Correlation Results
                                  p1                               p2     rg    se      z          p  h2_obs  h2_obs_se  h2_int  h2_int_se  gcov_int  gcov_int_se
UKB-N06AB-EUR-21007_2309.sumstats.gz FinnGen-N06A-EUR-R12.sumstats.gz 0.7116 0.044 16.163 9.2043e-59  0.1096     0.0051  1.1551     0.0121    0.0025       0.0065

Analysis finished at Mon Feb 10 19:23:43 2025
Total time elapsed: 14.51s
