*********************************************************************
* LD Score Regression (LDSC)
* Version 2.0.0
* (C) 2014-2019 Brendan Bulik-Sullivan and Hilary Finucane
* Broad Institute of MIT and Harvard / MIT Department of Mathematics
* GNU General Public License v3
*********************************************************************
Call: 
./ldsc.py \
--out UKB-N06AX-EUR-21007_2309--UKB-N06AB-EUR-21007_2309 \
--rg UKB-N06AX-EUR-21007_2309.sumstats.gz,UKB-N06AB-EUR-21007_2309.sumstats.gz \
--ref-ld-chr eur_w_ld_chr/ \
--w-ld-chr eur_w_ld_chr/ 

Beginning analysis at Mon Feb 10 17:42:52 2025
Reading summary statistics from UKB-N06AX-EUR-21007_2309.sumstats.gz ...
Read summary statistics for 1159170 SNPs.
Reading reference panel LD Score from eur_w_ld_chr/[1-22] ... (ldscore_fromlist)
Read reference panel LD Scores for 1290028 SNPs.
Removing partitioned LD Scores with zero variance.
Reading regression weight LD Score from eur_w_ld_chr/[1-22] ... (ldscore_fromlist)
Read regression weight LD Scores for 1290028 SNPs.
After merging with reference panel LD, 1153021 SNPs remain.
After merging with regression SNP LD, 1153021 SNPs remain.
Computing rg for phenotype 2/2
Reading summary statistics from UKB-N06AB-EUR-21007_2309.sumstats.gz ...
Read summary statistics for 1217311 SNPs.
After merging with summary statistics, 1153021 SNPs remain.
1152980 SNPs with valid alleles.

Heritability of phenotype 1
---------------------------
Total Observed scale h2: 0.0724 (0.0147)
Lambda GC: 1.0833
Mean Chi^2: 1.083
Intercept: 1.0322 (0.0068)
Ratio: 0.3881 (0.0814)

Heritability of phenotype 2/2
-----------------------------
Total Observed scale h2: 0.0604 (0.0052)
Lambda GC: 1.1651
Mean Chi^2: 1.1767
Intercept: 1.0456 (0.0076)
Ratio: 0.2582 (0.0433)

Genetic Covariance
------------------
Total Observed scale gencov: 0.0617 (0.0072)
Mean z1*z2: 0.4388
Intercept: 0.3623 (0.0057)

Genetic Correlation
-------------------
Genetic Correlation: 0.9326 (0.0836)
Z-score: 11.1573
P: 6.6e-29


Summary of Genetic Correlation Results
                                  p1                                   p2     rg     se       z          p  h2_obs  h2_obs_se  h2_int  h2_int_se  gcov_int  gcov_int_se
UKB-N06AX-EUR-21007_2309.sumstats.gz UKB-N06AB-EUR-21007_2309.sumstats.gz 0.9326 0.0836 11.1573 6.6000e-29  0.0604     0.0052  1.0456     0.0076    0.3623       0.0057

Analysis finished at Mon Feb 10 17:43:03 2025
Total time elapsed: 11.18s
